<?xml version="1.0" encoding="UTF-8" ?>
<testsuite tests="1" failures="0" name="com.restaurant.servicesTests.SuperUserServiceTest" time="7.934" errors="1" skipped="0">
  <properties>
    <property name="java.runtime.name" value="Java(TM) SE Runtime Environment"/>
    <property name="sun.boot.library.path" value="C:\Program Files\Java\jdk1.8.0_60\jre\bin"/>
    <property name="java.vm.version" value="25.60-b23"/>
    <property name="user.country.format" value="UA"/>
    <property name="java.vm.vendor" value="Oracle Corporation"/>
    <property name="maven.multiModuleProjectDirectory" value="D:\Підготовка до Канади\Джава\Java EE\project\DAily backup\ElectronicRestaurant"/>
    <property name="java.vendor.url" value="http://java.oracle.com/"/>
    <property name="path.separator" value=";"/>
    <property name="guice.disable.misplaced.annotation.check" value="true"/>
    <property name="java.vm.name" value="Java HotSpot(TM) 64-Bit Server VM"/>
    <property name="file.encoding.pkg" value="sun.io"/>
    <property name="user.script" value=""/>
    <property name="user.country" value="RU"/>
    <property name="sun.java.launcher" value="SUN_STANDARD"/>
    <property name="sun.os.patch.level" value="Service Pack 1"/>
    <property name="java.vm.specification.name" value="Java Virtual Machine Specification"/>
    <property name="user.dir" value="D:\Підготовка до Канади\Джава\Java EE\project\DAily backup\ElectronicRestaurant"/>
    <property name="java.runtime.version" value="1.8.0_60-b27"/>
    <property name="java.awt.graphicsenv" value="sun.awt.Win32GraphicsEnvironment"/>
    <property name="java.endorsed.dirs" value="C:\Program Files\Java\jdk1.8.0_60\jre\lib\endorsed"/>
    <property name="os.arch" value="amd64"/>
    <property name="java.io.tmpdir" value="C:\Users\7EDF~1\AppData\Local\Temp\"/>
    <property name="line.separator" value="
"/>
    <property name="java.vm.specification.vendor" value="Oracle Corporation"/>
    <property name="user.variant" value=""/>
    <property name="os.name" value="Windows 7"/>
    <property name="classworlds.conf" value="D:\Підготовка до Канади\Джава\Workspace\WorkspaceUTF8\.metadata\.plugins\org.eclipse.m2e.launching\launches\m2conf4728575419649305558.tmp"/>
    <property name="sun.jnu.encoding" value="Cp1251"/>
    <property name="java.library.path" value="C:\Program Files\Java\jdk1.8.0_60\bin;C:\Windows\Sun\Java\bin;C:\Windows\system32;C:\Windows;C:/Program Files/Java/jre1.8.0_60/bin/server;C:/Program Files/Java/jre1.8.0_60/bin;C:/Program Files/Java/jre1.8.0_60/lib/amd64;C:\ProgramData\Oracle\Java\javapath;c:\Program Files (x86)\AMD APP\bin\x86_64;c:\Program Files (x86)\AMD APP\bin\x86;C:\Windows\system32;C:\Windows;C:\Windows\System32\Wbem;C:\Windows\System32\WindowsPowerShell\v1.0\;c:\Program Files (x86)\ATI Technologies\ATI.ACE\Core-Static;C:\Program Files (x86)\AMD\ATI.ACE\Core-Static;C:\Program Files (x86)\Skype\Phone\;C:\Program Files\eclipse;;."/>
    <property name="java.specification.name" value="Java Platform API Specification"/>
    <property name="java.class.version" value="52.0"/>
    <property name="sun.management.compiler" value="HotSpot 64-Bit Tiered Compilers"/>
    <property name="os.version" value="6.1"/>
    <property name="user.home" value="C:\Users\Олександр"/>
    <property name="user.timezone" value="Europe/Helsinki"/>
    <property name="java.awt.printerjob" value="sun.awt.windows.WPrinterJob"/>
    <property name="java.specification.version" value="1.8"/>
    <property name="file.encoding" value="UTF-8"/>
    <property name="user.name" value="Олександр"/>
    <property name="java.class.path" value="/C:/Program Files/eclipse/plugins/org.eclipse.m2e.maven.runtime_1.6.0.20150526-2031/jars/plexus-classworlds-2.5.2.jar"/>
    <property name="java.vm.specification.version" value="1.8"/>
    <property name="sun.arch.data.model" value="64"/>
    <property name="java.home" value="C:\Program Files\Java\jdk1.8.0_60\jre"/>
    <property name="sun.java.command" value="org.codehaus.plexus.classworlds.launcher.Launcher -B install"/>
    <property name="java.specification.vendor" value="Oracle Corporation"/>
    <property name="user.language" value="ru"/>
    <property name="user.language.format" value="uk"/>
    <property name="awt.toolkit" value="sun.awt.windows.WToolkit"/>
    <property name="java.vm.info" value="mixed mode"/>
    <property name="java.version" value="1.8.0_60"/>
    <property name="java.ext.dirs" value="C:\Program Files\Java\jdk1.8.0_60\jre\lib\ext;C:\Windows\Sun\Java\lib\ext"/>
    <property name="sun.boot.class.path" value="C:\Program Files\Java\jdk1.8.0_60\jre\lib\resources.jar;C:\Program Files\Java\jdk1.8.0_60\jre\lib\rt.jar;C:\Program Files\Java\jdk1.8.0_60\jre\lib\sunrsasign.jar;C:\Program Files\Java\jdk1.8.0_60\jre\lib\jsse.jar;C:\Program Files\Java\jdk1.8.0_60\jre\lib\jce.jar;C:\Program Files\Java\jdk1.8.0_60\jre\lib\charsets.jar;C:\Program Files\Java\jdk1.8.0_60\jre\lib\jfr.jar;C:\Program Files\Java\jdk1.8.0_60\jre\classes"/>
    <property name="java.vendor" value="Oracle Corporation"/>
    <property name="maven.home" value="D:\Підготовка до Канади\Джава\Java EE\project\DAily backup\ElectronicRestaurant\EMBEDDED"/>
    <property name="file.separator" value="\"/>
    <property name="java.vendor.url.bug" value="http://bugreport.sun.com/bugreport/"/>
    <property name="sun.cpu.endian" value="little"/>
    <property name="sun.io.unicode.encoding" value="UnicodeLittle"/>
    <property name="sun.desktop" value="windows"/>
    <property name="sun.cpu.isalist" value="amd64"/>
  </properties>
  <testcase classname="com.restaurant.servicesTests.SuperUserServiceTest" name="login" time="7.934">
    <error type="java.lang.NullPointerException">java.lang.NullPointerException
	at com.restaurant.servicesTests.SuperUserServiceTest.login(SuperUserServiceTest.java:26)
	at sun.reflect.NativeMethodAccessorImpl.invoke0(Native Method)
	at sun.reflect.NativeMethodAccessorImpl.invoke(NativeMethodAccessorImpl.java:62)
	at sun.reflect.DelegatingMethodAccessorImpl.invoke(DelegatingMethodAccessorImpl.java:43)
	at java.lang.reflect.Method.invoke(Method.java:497)
	at org.junit.runners.model.FrameworkMethod$1.runReflectiveCall(FrameworkMethod.java:44)
	at org.junit.internal.runners.model.ReflectiveCallable.run(ReflectiveCallable.java:15)
	at org.junit.runners.model.FrameworkMethod.invokeExplosively(FrameworkMethod.java:41)
	at org.junit.internal.runners.statements.InvokeMethod.evaluate(InvokeMethod.java:20)
	at org.junit.runners.BlockJUnit4ClassRunner.runChild(BlockJUnit4ClassRunner.java:76)
	at org.junit.runners.BlockJUnit4ClassRunner.runChild(BlockJUnit4ClassRunner.java:50)
	at org.junit.runners.ParentRunner$3.run(ParentRunner.java:193)
	at org.junit.runners.ParentRunner$1.schedule(ParentRunner.java:52)
	at org.junit.runners.ParentRunner.runChildren(ParentRunner.java:191)
	at org.junit.runners.ParentRunner.access$000(ParentRunner.java:42)
	at org.junit.runners.ParentRunner$2.evaluate(ParentRunner.java:184)
	at org.junit.runners.ParentRunner.run(ParentRunner.java:236)
	at org.apache.maven.surefire.junit4.JUnit4Provider.execute(JUnit4Provider.java:252)
	at org.apache.maven.surefire.junit4.JUnit4Provider.executeTestSet(JUnit4Provider.java:141)
	at org.apache.maven.surefire.junit4.JUnit4Provider.invoke(JUnit4Provider.java:112)
	at sun.reflect.NativeMethodAccessorImpl.invoke0(Native Method)
	at sun.reflect.NativeMethodAccessorImpl.invoke(NativeMethodAccessorImpl.java:62)
	at sun.reflect.DelegatingMethodAccessorImpl.invoke(DelegatingMethodAccessorImpl.java:43)
	at java.lang.reflect.Method.invoke(Method.java:497)
	at org.apache.maven.surefire.util.ReflectionUtils.invokeMethodWithArray(ReflectionUtils.java:189)
	at org.apache.maven.surefire.booter.ProviderFactory$ProviderProxy.invoke(ProviderFactory.java:165)
	at org.apache.maven.surefire.booter.ProviderFactory.invokeProvider(ProviderFactory.java:85)
	at org.apache.maven.surefire.booter.ForkedBooter.runSuitesInProcess(ForkedBooter.java:115)
	at org.apache.maven.surefire.booter.ForkedBooter.main(ForkedBooter.java:75)
</error>
    <system-out>2015-12-19 21:48:22,983 DEBUG Starting configuration XmlConfiguration[location=D:\ϳ�������� �� ������\�����\Java EE\project\DAily backup\ElectronicRestaurant\target\classes\log4j2.xml]
2015-12-19 21:48:22,986 DEBUG Generated plugins in 0,000026 seconds, packages: [], preload: false.
2015-12-19 21:48:22,986 DEBUG Found Plugin Map at jar:file:/C:/Users/%d0%9e%d0%bb%d0%b5%d0%ba%d1%81%d0%b0%d0%bd%d0%b4%d1%80/.m2/repository/org/apache/logging/log4j/log4j-core/2.0.2/log4j-core-2.0.2.jar!/META-INF/org/apache/logging/log4j/core/config/plugins/Log4j2Plugins.dat
2015-12-19 21:48:23,387 DEBUG Generated plugins in 0,400762 seconds, packages: [org.apache.logging.log4j.core], preload: true.
2015-12-19 21:48:23,564 DEBUG Generated plugins in 0,173191 seconds, packages: [org.apache.logging.log4j.core], preload: false.
2015-12-19 21:48:23,566 DEBUG Building Plugin[name=layout, class=org.apache.logging.log4j.core.layout.PatternLayout]. Searching for builder factory method...
2015-12-19 21:48:23,568 DEBUG Found builder factory method [newBuilder]: public static org.apache.logging.log4j.core.layout.PatternLayout$Builder org.apache.logging.log4j.core.layout.PatternLayout.newBuilder().
2015-12-19 21:48:23,586 DEBUG Calling build() on class class org.apache.logging.log4j.core.layout.PatternLayout$Builder for element PatternLayout with params(pattern=&quot;%d{HH:mm:ss.SSS} [%t]      %-5level %logger{36} - %msg%n&quot;, Configuration(D:\ϳ�������� �� ������\�����\Java EE\project\DAily backup\ElectronicRestaurant\target\classes\log4j2.xml), null, charset=&quot;null&quot;, alwaysWriteExceptions=&quot;null&quot;, noConsoleNoAnsi=&quot;null&quot;, header=&quot;null&quot;, footer=&quot;null&quot;)
2015-12-19 21:48:23,751 DEBUG Generated plugins in 0,163082 seconds, packages: [org.apache.logging.log4j.core], preload: false.
2015-12-19 21:48:23,752 DEBUG Built Plugin[name=layout] OK from builder factory method.
2015-12-19 21:48:23,753 DEBUG Building Plugin[name=appender, class=org.apache.logging.log4j.core.appender.ConsoleAppender]. Searching for builder factory method...
2015-12-19 21:48:23,755 DEBUG No builder factory method found in class org.apache.logging.log4j.core.appender.ConsoleAppender. Going to try finding a factory method instead.
2015-12-19 21:48:23,755 DEBUG Still building Plugin[name=appender, class=org.apache.logging.log4j.core.appender.ConsoleAppender]. Searching for factory method...
2015-12-19 21:48:23,756 DEBUG Found factory method [createAppender]: public static org.apache.logging.log4j.core.appender.ConsoleAppender org.apache.logging.log4j.core.appender.ConsoleAppender.createAppender(org.apache.logging.log4j.core.Layout,org.apache.logging.log4j.core.Filter,java.lang.String,java.lang.String,java.lang.String,java.lang.String).
2015-12-19 21:48:23,769 DEBUG Calling createAppender on class org.apache.logging.log4j.core.appender.ConsoleAppender for element Console with params(PatternLayout(%d{HH:mm:ss.SSS} [%t]      %-5level %logger{36} - %msg%n), null, target=&quot;SYSTEM_OUT&quot;, name=&quot;Console&quot;, follow=&quot;null&quot;, ignoreExceptions=&quot;null&quot;)
2015-12-19 21:48:23,771 TRACE Trying TCCL for class org.fusesource.jansi.WindowsAnsiOutputStream.
2015-12-19 21:48:23,771 TRACE TCCL didn&apos;t work for class org.fusesource.jansi.WindowsAnsiOutputStream: java.lang.ClassNotFoundException: org.fusesource.jansi.WindowsAnsiOutputStream.
2015-12-19 21:48:23,772 DEBUG Jansi is not installed, cannot find org.fusesource.jansi.WindowsAnsiOutputStream
2015-12-19 21:48:23,773 DEBUG Built Plugin[name=appender] OK from factory method.
2015-12-19 21:48:23,773 DEBUG Building Plugin[name=filter, class=org.apache.logging.log4j.core.filter.ThresholdFilter]. Searching for builder factory method...
2015-12-19 21:48:23,775 DEBUG No builder factory method found in class org.apache.logging.log4j.core.filter.ThresholdFilter. Going to try finding a factory method instead.
2015-12-19 21:48:23,775 DEBUG Still building Plugin[name=filter, class=org.apache.logging.log4j.core.filter.ThresholdFilter]. Searching for factory method...
2015-12-19 21:48:23,778 DEBUG Found factory method [createFilter]: public static org.apache.logging.log4j.core.filter.ThresholdFilter org.apache.logging.log4j.core.filter.ThresholdFilter.createFilter(org.apache.logging.log4j.Level,org.apache.logging.log4j.core.Filter$Result,org.apache.logging.log4j.core.Filter$Result).
2015-12-19 21:48:23,781 DEBUG Calling createFilter on class org.apache.logging.log4j.core.filter.ThresholdFilter for element ThresholdFilter with params(level=&quot;INFO&quot;, onMatch=&quot;ACCEPT&quot;, onMismatch=&quot;DENY&quot;)
2015-12-19 21:48:23,782 DEBUG Built Plugin[name=filter] OK from factory method.
2015-12-19 21:48:23,782 DEBUG Building Plugin[name=layout, class=org.apache.logging.log4j.core.layout.PatternLayout]. Searching for builder factory method...
2015-12-19 21:48:23,783 DEBUG Found builder factory method [newBuilder]: public static org.apache.logging.log4j.core.layout.PatternLayout$Builder org.apache.logging.log4j.core.layout.PatternLayout.newBuilder().
2015-12-19 21:48:23,784 DEBUG Calling build() on class class org.apache.logging.log4j.core.layout.PatternLayout$Builder for element PatternLayout with params(pattern=&quot;%d{dd.MM.yyyy HH:mm:ss.SSS} %-5level  %l %M:
					%msg%n&quot;, Configuration(D:\ϳ�������� �� ������\�����\Java EE\project\DAily backup\ElectronicRestaurant\target\classes\log4j2.xml), null, charset=&quot;null&quot;, alwaysWriteExceptions=&quot;null&quot;, noConsoleNoAnsi=&quot;null&quot;, header=&quot;null&quot;, footer=&quot;null&quot;)
2015-12-19 21:48:23,786 DEBUG Built Plugin[name=layout] OK from builder factory method.
2015-12-19 21:48:23,788 DEBUG Building Plugin[name=SizeBasedTriggeringPolicy, class=org.apache.logging.log4j.core.appender.rolling.SizeBasedTriggeringPolicy]. Searching for builder factory method...
2015-12-19 21:48:23,793 DEBUG No builder factory method found in class org.apache.logging.log4j.core.appender.rolling.SizeBasedTriggeringPolicy. Going to try finding a factory method instead.
2015-12-19 21:48:23,793 DEBUG Still building Plugin[name=SizeBasedTriggeringPolicy, class=org.apache.logging.log4j.core.appender.rolling.SizeBasedTriggeringPolicy]. Searching for factory method...
2015-12-19 21:48:23,794 DEBUG Found factory method [createPolicy]: public static org.apache.logging.log4j.core.appender.rolling.SizeBasedTriggeringPolicy org.apache.logging.log4j.core.appender.rolling.SizeBasedTriggeringPolicy.createPolicy(java.lang.String).
2015-12-19 21:48:23,794 DEBUG Calling createPolicy on class org.apache.logging.log4j.core.appender.rolling.SizeBasedTriggeringPolicy for element SizeBasedTriggeringPolicy with params(size=&quot;10 MB&quot;)
2015-12-19 21:48:23,798 DEBUG Built Plugin[name=SizeBasedTriggeringPolicy] OK from factory method.
2015-12-19 21:48:23,799 DEBUG Building Plugin[name=Policies, class=org.apache.logging.log4j.core.appender.rolling.CompositeTriggeringPolicy]. Searching for builder factory method...
2015-12-19 21:48:23,800 DEBUG No builder factory method found in class org.apache.logging.log4j.core.appender.rolling.CompositeTriggeringPolicy. Going to try finding a factory method instead.
2015-12-19 21:48:23,800 DEBUG Still building Plugin[name=Policies, class=org.apache.logging.log4j.core.appender.rolling.CompositeTriggeringPolicy]. Searching for factory method...
2015-12-19 21:48:23,800 DEBUG Found factory method [createPolicy]: public static org.apache.logging.log4j.core.appender.rolling.CompositeTriggeringPolicy org.apache.logging.log4j.core.appender.rolling.CompositeTriggeringPolicy.createPolicy(org.apache.logging.log4j.core.appender.rolling.TriggeringPolicy[]).
2015-12-19 21:48:23,801 DEBUG Calling createPolicy on class org.apache.logging.log4j.core.appender.rolling.CompositeTriggeringPolicy for element Policies with params(={SizeBasedTriggeringPolicy(size=10485760)})
2015-12-19 21:48:23,801 DEBUG Built Plugin[name=Policies] OK from factory method.
2015-12-19 21:48:23,802 DEBUG Building Plugin[name=DefaultRolloverStrategy, class=org.apache.logging.log4j.core.appender.rolling.DefaultRolloverStrategy]. Searching for builder factory method...
2015-12-19 21:48:23,803 DEBUG No builder factory method found in class org.apache.logging.log4j.core.appender.rolling.DefaultRolloverStrategy. Going to try finding a factory method instead.
2015-12-19 21:48:23,803 DEBUG Still building Plugin[name=DefaultRolloverStrategy, class=org.apache.logging.log4j.core.appender.rolling.DefaultRolloverStrategy]. Searching for factory method...
2015-12-19 21:48:23,804 DEBUG Found factory method [createStrategy]: public static org.apache.logging.log4j.core.appender.rolling.DefaultRolloverStrategy org.apache.logging.log4j.core.appender.rolling.DefaultRolloverStrategy.createStrategy(java.lang.String,java.lang.String,java.lang.String,java.lang.String,org.apache.logging.log4j.core.config.Configuration).
2015-12-19 21:48:23,804 DEBUG Calling createStrategy on class org.apache.logging.log4j.core.appender.rolling.DefaultRolloverStrategy for element DefaultRolloverStrategy with params(max=&quot;4&quot;, min=&quot;1&quot;, fileIndex=&quot;null&quot;, compressionLevel=&quot;null&quot;, Configuration(D:\ϳ�������� �� ������\�����\Java EE\project\DAily backup\ElectronicRestaurant\target\classes\log4j2.xml))
2015-12-19 21:48:23,805 DEBUG Built Plugin[name=DefaultRolloverStrategy] OK from factory method.
2015-12-19 21:48:23,805 DEBUG Building Plugin[name=appender, class=org.apache.logging.log4j.core.appender.RollingFileAppender]. Searching for builder factory method...
2015-12-19 21:48:23,806 DEBUG No builder factory method found in class org.apache.logging.log4j.core.appender.RollingFileAppender. Going to try finding a factory method instead.
2015-12-19 21:48:23,807 DEBUG Still building Plugin[name=appender, class=org.apache.logging.log4j.core.appender.RollingFileAppender]. Searching for factory method...
2015-12-19 21:48:23,807 DEBUG Found factory method [createAppender]: public static org.apache.logging.log4j.core.appender.RollingFileAppender org.apache.logging.log4j.core.appender.RollingFileAppender.createAppender(java.lang.String,java.lang.String,java.lang.String,java.lang.String,java.lang.String,java.lang.String,java.lang.String,org.apache.logging.log4j.core.appender.rolling.TriggeringPolicy,org.apache.logging.log4j.core.appender.rolling.RolloverStrategy,org.apache.logging.log4j.core.Layout,org.apache.logging.log4j.core.Filter,java.lang.String,java.lang.String,java.lang.String,org.apache.logging.log4j.core.config.Configuration).
2015-12-19 21:48:23,815 DEBUG Calling createAppender on class org.apache.logging.log4j.core.appender.RollingFileAppender for element RollingFile with params(fileName=&quot;../ElectronicRestaurant/logs/userActivity.log&quot;, filePattern=&quot;../logs/application-%d{MM-dd-yyyy}-%i.log&quot;, append=&quot;null&quot;, name=&quot;userActivity&quot;, bufferedIO=&quot;null&quot;, bufferSize=&quot;null&quot;, immediateFlush=&quot;null&quot;, Policies(CompositeTriggeringPolicy{SizeBasedTriggeringPolicy(size=10485760)}), DefaultRolloverStrategy(DefaultRolloverStrategy(min=1, max=4)), PatternLayout(%d{dd.MM.yyyy HH:mm:ss.SSS} %-5level  %l %M:
					%msg%n), ThresholdFilter(INFO), ignoreExceptions=&quot;null&quot;, advertise=&quot;null&quot;, advertiseURI=&quot;null&quot;, Configuration(D:\ϳ�������� �� ������\�����\Java EE\project\DAily backup\ElectronicRestaurant\target\classes\log4j2.xml))
2015-12-19 21:48:23,818 DEBUG Starting RollingFileManager ../ElectronicRestaurant/logs/userActivity.log
2015-12-19 21:48:23,988 DEBUG Generated plugins in 0,168309 seconds, packages: [org.apache.logging.log4j.core], preload: false.
2015-12-19 21:48:23,989 DEBUG Built Plugin[name=appender] OK from factory method.
2015-12-19 21:48:23,990 DEBUG Building Plugin[name=layout, class=org.apache.logging.log4j.core.layout.PatternLayout]. Searching for builder factory method...
2015-12-19 21:48:23,990 DEBUG Found builder factory method [newBuilder]: public static org.apache.logging.log4j.core.layout.PatternLayout$Builder org.apache.logging.log4j.core.layout.PatternLayout.newBuilder().
2015-12-19 21:48:23,991 DEBUG Calling build() on class class org.apache.logging.log4j.core.layout.PatternLayout$Builder for element PatternLayout with params(pattern=&quot;%d{dd.MM.yyyy HH:mm:ss.SSS} %-5level  %l %M: 
					%msg%n&quot;, Configuration(D:\ϳ�������� �� ������\�����\Java EE\project\DAily backup\ElectronicRestaurant\target\classes\log4j2.xml), null, charset=&quot;null&quot;, alwaysWriteExceptions=&quot;null&quot;, noConsoleNoAnsi=&quot;null&quot;, header=&quot;null&quot;, footer=&quot;null&quot;)
2015-12-19 21:48:23,992 DEBUG Built Plugin[name=layout] OK from builder factory method.
2015-12-19 21:48:23,992 DEBUG Building Plugin[name=SizeBasedTriggeringPolicy, class=org.apache.logging.log4j.core.appender.rolling.SizeBasedTriggeringPolicy]. Searching for builder factory method...
2015-12-19 21:48:23,993 DEBUG No builder factory method found in class org.apache.logging.log4j.core.appender.rolling.SizeBasedTriggeringPolicy. Going to try finding a factory method instead.
2015-12-19 21:48:23,993 DEBUG Still building Plugin[name=SizeBasedTriggeringPolicy, class=org.apache.logging.log4j.core.appender.rolling.SizeBasedTriggeringPolicy]. Searching for factory method...
2015-12-19 21:48:23,993 DEBUG Found factory method [createPolicy]: public static org.apache.logging.log4j.core.appender.rolling.SizeBasedTriggeringPolicy org.apache.logging.log4j.core.appender.rolling.SizeBasedTriggeringPolicy.createPolicy(java.lang.String).
2015-12-19 21:48:23,994 DEBUG Calling createPolicy on class org.apache.logging.log4j.core.appender.rolling.SizeBasedTriggeringPolicy for element SizeBasedTriggeringPolicy with params(size=&quot;10 MB&quot;)
2015-12-19 21:48:23,994 DEBUG Built Plugin[name=SizeBasedTriggeringPolicy] OK from factory method.
2015-12-19 21:48:23,995 DEBUG Building Plugin[name=Policies, class=org.apache.logging.log4j.core.appender.rolling.CompositeTriggeringPolicy]. Searching for builder factory method...
2015-12-19 21:48:23,995 DEBUG No builder factory method found in class org.apache.logging.log4j.core.appender.rolling.CompositeTriggeringPolicy. Going to try finding a factory method instead.
2015-12-19 21:48:23,996 DEBUG Still building Plugin[name=Policies, class=org.apache.logging.log4j.core.appender.rolling.CompositeTriggeringPolicy]. Searching for factory method...
2015-12-19 21:48:23,996 DEBUG Found factory method [createPolicy]: public static org.apache.logging.log4j.core.appender.rolling.CompositeTriggeringPolicy org.apache.logging.log4j.core.appender.rolling.CompositeTriggeringPolicy.createPolicy(org.apache.logging.log4j.core.appender.rolling.TriggeringPolicy[]).
2015-12-19 21:48:24,001 DEBUG Calling createPolicy on class org.apache.logging.log4j.core.appender.rolling.CompositeTriggeringPolicy for element Policies with params(={SizeBasedTriggeringPolicy(size=10485760)})
2015-12-19 21:48:24,002 DEBUG Built Plugin[name=Policies] OK from factory method.
2015-12-19 21:48:24,002 DEBUG Building Plugin[name=DefaultRolloverStrategy, class=org.apache.logging.log4j.core.appender.rolling.DefaultRolloverStrategy]. Searching for builder factory method...
2015-12-19 21:48:24,003 DEBUG No builder factory method found in class org.apache.logging.log4j.core.appender.rolling.DefaultRolloverStrategy. Going to try finding a factory method instead.
2015-12-19 21:48:24,012 DEBUG Still building Plugin[name=DefaultRolloverStrategy, class=org.apache.logging.log4j.core.appender.rolling.DefaultRolloverStrategy]. Searching for factory method...
2015-12-19 21:48:24,014 DEBUG Found factory method [createStrategy]: public static org.apache.logging.log4j.core.appender.rolling.DefaultRolloverStrategy org.apache.logging.log4j.core.appender.rolling.DefaultRolloverStrategy.createStrategy(java.lang.String,java.lang.String,java.lang.String,java.lang.String,org.apache.logging.log4j.core.config.Configuration).
2015-12-19 21:48:24,016 DEBUG Calling createStrategy on class org.apache.logging.log4j.core.appender.rolling.DefaultRolloverStrategy for element DefaultRolloverStrategy with params(max=&quot;4&quot;, min=&quot;1&quot;, fileIndex=&quot;null&quot;, compressionLevel=&quot;null&quot;, Configuration(D:\ϳ�������� �� ������\�����\Java EE\project\DAily backup\ElectronicRestaurant\target\classes\log4j2.xml))
2015-12-19 21:48:24,018 DEBUG Built Plugin[name=DefaultRolloverStrategy] OK from factory method.
2015-12-19 21:48:24,022 DEBUG Building Plugin[name=appender, class=org.apache.logging.log4j.core.appender.RollingFileAppender]. Searching for builder factory method...
2015-12-19 21:48:24,022 DEBUG No builder factory method found in class org.apache.logging.log4j.core.appender.RollingFileAppender. Going to try finding a factory method instead.
2015-12-19 21:48:24,023 DEBUG Still building Plugin[name=appender, class=org.apache.logging.log4j.core.appender.RollingFileAppender]. Searching for factory method...
2015-12-19 21:48:24,023 DEBUG Found factory method [createAppender]: public static org.apache.logging.log4j.core.appender.RollingFileAppender org.apache.logging.log4j.core.appender.RollingFileAppender.createAppender(java.lang.String,java.lang.String,java.lang.String,java.lang.String,java.lang.String,java.lang.String,java.lang.String,org.apache.logging.log4j.core.appender.rolling.TriggeringPolicy,org.apache.logging.log4j.core.appender.rolling.RolloverStrategy,org.apache.logging.log4j.core.Layout,org.apache.logging.log4j.core.Filter,java.lang.String,java.lang.String,java.lang.String,org.apache.logging.log4j.core.config.Configuration).
2015-12-19 21:48:24,029 DEBUG Calling createAppender on class org.apache.logging.log4j.core.appender.RollingFileAppender for element RollingFile with params(fileName=&quot;../ElectronicRestaurant/logs/systemLog.log&quot;, filePattern=&quot;../logs/application-%d{MM-dd-yyyy}-%i.log&quot;, append=&quot;null&quot;, name=&quot;systemActivity&quot;, bufferedIO=&quot;null&quot;, bufferSize=&quot;null&quot;, immediateFlush=&quot;null&quot;, Policies(CompositeTriggeringPolicy{SizeBasedTriggeringPolicy(size=10485760)}), DefaultRolloverStrategy(DefaultRolloverStrategy(min=1, max=4)), PatternLayout(%d{dd.MM.yyyy HH:mm:ss.SSS} %-5level  %l %M: 
					%msg%n), null, ignoreExceptions=&quot;null&quot;, advertise=&quot;null&quot;, advertiseURI=&quot;null&quot;, Configuration(D:\ϳ�������� �� ������\�����\Java EE\project\DAily backup\ElectronicRestaurant\target\classes\log4j2.xml))
2015-12-19 21:48:24,033 DEBUG Starting RollingFileManager ../ElectronicRestaurant/logs/systemLog.log
2015-12-19 21:48:24,205 DEBUG Generated plugins in 0,170882 seconds, packages: [org.apache.logging.log4j.core], preload: false.
2015-12-19 21:48:24,206 DEBUG Built Plugin[name=appender] OK from factory method.
2015-12-19 21:48:24,206 DEBUG Building Plugin[name=appenders, class=org.apache.logging.log4j.core.config.AppendersPlugin]. Searching for builder factory method...
2015-12-19 21:48:24,207 DEBUG No builder factory method found in class org.apache.logging.log4j.core.config.AppendersPlugin. Going to try finding a factory method instead.
2015-12-19 21:48:24,208 DEBUG Still building Plugin[name=appenders, class=org.apache.logging.log4j.core.config.AppendersPlugin]. Searching for factory method...
2015-12-19 21:48:24,208 DEBUG Found factory method [createAppenders]: public static java.util.concurrent.ConcurrentMap org.apache.logging.log4j.core.config.AppendersPlugin.createAppenders(org.apache.logging.log4j.core.Appender[]).
2015-12-19 21:48:24,210 DEBUG Calling createAppenders on class org.apache.logging.log4j.core.config.AppendersPlugin for element appenders with params(={Console, userActivity, systemActivity})
2015-12-19 21:48:24,211 DEBUG Built Plugin[name=appenders] OK from factory method.
2015-12-19 21:48:24,212 DEBUG Building Plugin[name=appender-ref, class=org.apache.logging.log4j.core.config.AppenderRef]. Searching for builder factory method...
2015-12-19 21:48:24,213 DEBUG No builder factory method found in class org.apache.logging.log4j.core.config.AppenderRef. Going to try finding a factory method instead.
2015-12-19 21:48:24,213 DEBUG Still building Plugin[name=appender-ref, class=org.apache.logging.log4j.core.config.AppenderRef]. Searching for factory method...
2015-12-19 21:48:24,213 DEBUG Found factory method [createAppenderRef]: public static org.apache.logging.log4j.core.config.AppenderRef org.apache.logging.log4j.core.config.AppenderRef.createAppenderRef(java.lang.String,org.apache.logging.log4j.Level,org.apache.logging.log4j.core.Filter).
2015-12-19 21:48:24,214 DEBUG Calling createAppenderRef on class org.apache.logging.log4j.core.config.AppenderRef for element appender-ref with params(ref=&quot;Console&quot;, level=&quot;null&quot;, null)
2015-12-19 21:48:24,215 DEBUG Built Plugin[name=appender-ref] OK from factory method.
2015-12-19 21:48:24,215 DEBUG Building Plugin[name=appender-ref, class=org.apache.logging.log4j.core.config.AppenderRef]. Searching for builder factory method...
2015-12-19 21:48:24,216 DEBUG No builder factory method found in class org.apache.logging.log4j.core.config.AppenderRef. Going to try finding a factory method instead.
2015-12-19 21:48:24,217 DEBUG Still building Plugin[name=appender-ref, class=org.apache.logging.log4j.core.config.AppenderRef]. Searching for factory method...
2015-12-19 21:48:24,217 DEBUG Found factory method [createAppenderRef]: public static org.apache.logging.log4j.core.config.AppenderRef org.apache.logging.log4j.core.config.AppenderRef.createAppenderRef(java.lang.String,org.apache.logging.log4j.Level,org.apache.logging.log4j.core.Filter).
2015-12-19 21:48:24,219 DEBUG Calling createAppenderRef on class org.apache.logging.log4j.core.config.AppenderRef for element appender-ref with params(ref=&quot;systemActivity&quot;, level=&quot;null&quot;, null)
2015-12-19 21:48:24,219 DEBUG Built Plugin[name=appender-ref] OK from factory method.
2015-12-19 21:48:24,220 DEBUG Building Plugin[name=appender-ref, class=org.apache.logging.log4j.core.config.AppenderRef]. Searching for builder factory method...
2015-12-19 21:48:24,220 DEBUG No builder factory method found in class org.apache.logging.log4j.core.config.AppenderRef. Going to try finding a factory method instead.
2015-12-19 21:48:24,221 DEBUG Still building Plugin[name=appender-ref, class=org.apache.logging.log4j.core.config.AppenderRef]. Searching for factory method...
2015-12-19 21:48:24,221 DEBUG Found factory method [createAppenderRef]: public static org.apache.logging.log4j.core.config.AppenderRef org.apache.logging.log4j.core.config.AppenderRef.createAppenderRef(java.lang.String,org.apache.logging.log4j.Level,org.apache.logging.log4j.core.Filter).
2015-12-19 21:48:24,222 DEBUG Calling createAppenderRef on class org.apache.logging.log4j.core.config.AppenderRef for element appender-ref with params(ref=&quot;userActivity&quot;, level=&quot;null&quot;, null)
2015-12-19 21:48:24,222 DEBUG Built Plugin[name=appender-ref] OK from factory method.
2015-12-19 21:48:24,223 DEBUG Building Plugin[name=root, class=org.apache.logging.log4j.core.config.LoggerConfig$RootLogger]. Searching for builder factory method...
2015-12-19 21:48:24,223 DEBUG No builder factory method found in class org.apache.logging.log4j.core.config.LoggerConfig$RootLogger. Going to try finding a factory method instead.
2015-12-19 21:48:24,224 DEBUG Still building Plugin[name=root, class=org.apache.logging.log4j.core.config.LoggerConfig$RootLogger]. Searching for factory method...
2015-12-19 21:48:24,224 DEBUG Found factory method [createLogger]: public static org.apache.logging.log4j.core.config.LoggerConfig org.apache.logging.log4j.core.config.LoggerConfig$RootLogger.createLogger(java.lang.String,org.apache.logging.log4j.Level,java.lang.String,org.apache.logging.log4j.core.config.AppenderRef[],org.apache.logging.log4j.core.config.Property[],org.apache.logging.log4j.core.config.Configuration,org.apache.logging.log4j.core.Filter).
2015-12-19 21:48:24,225 DEBUG Calling createLogger on class org.apache.logging.log4j.core.config.LoggerConfig$RootLogger for element root with params(additivity=&quot;null&quot;, level=&quot;DEBUG&quot;, includeLocation=&quot;null&quot;, ={Console, systemActivity, userActivity}, ={}, Configuration(D:\ϳ�������� �� ������\�����\Java EE\project\DAily backup\ElectronicRestaurant\target\classes\log4j2.xml), null)
2015-12-19 21:48:24,225 DEBUG Built Plugin[name=root] OK from factory method.
2015-12-19 21:48:24,226 DEBUG Building Plugin[name=loggers, class=org.apache.logging.log4j.core.config.LoggersPlugin]. Searching for builder factory method...
2015-12-19 21:48:24,226 DEBUG No builder factory method found in class org.apache.logging.log4j.core.config.LoggersPlugin. Going to try finding a factory method instead.
2015-12-19 21:48:24,227 DEBUG Still building Plugin[name=loggers, class=org.apache.logging.log4j.core.config.LoggersPlugin]. Searching for factory method...
2015-12-19 21:48:24,227 DEBUG Found factory method [createLoggers]: public static org.apache.logging.log4j.core.config.Loggers org.apache.logging.log4j.core.config.LoggersPlugin.createLoggers(org.apache.logging.log4j.core.config.LoggerConfig[]).
2015-12-19 21:48:24,227 DEBUG Calling createLoggers on class org.apache.logging.log4j.core.config.LoggersPlugin for element loggers with params(={root})
2015-12-19 21:48:24,228 DEBUG Built Plugin[name=loggers] OK from factory method.
2015-12-19 21:48:24,228 DEBUG Started configuration XmlConfiguration[location=D:\ϳ�������� �� ������\�����\Java EE\project\DAily backup\ElectronicRestaurant\target\classes\log4j2.xml] OK.
2015-12-19 21:48:24,229 TRACE Stopping org.apache.logging.log4j.core.config.DefaultConfiguration@5e82df6a...
2015-12-19 21:48:24,229 TRACE AbstractConfiguration stopped 0 AsyncLoggerConfigs.
2015-12-19 21:48:24,230 TRACE AbstractConfiguration stopped 0 AsyncAppenders.
2015-12-19 21:48:24,230 TRACE AbstractConfiguration stopped 1 Appenders.
2015-12-19 21:48:24,230 TRACE AbstractConfiguration stopped 0 Loggers.
2015-12-19 21:48:24,231 DEBUG Stopped org.apache.logging.log4j.core.config.DefaultConfiguration@5e82df6a OK
2015-12-19 21:48:24,316 DEBUG Registering MBean org.apache.logging.log4j2:type=sun.misc.Launcher$AppClassLoader@75b84c92
2015-12-19 21:48:24,321 DEBUG Registering MBean org.apache.logging.log4j2:type=sun.misc.Launcher$AppClassLoader@75b84c92,component=StatusLogger
2015-12-19 21:48:24,325 DEBUG Registering MBean org.apache.logging.log4j2:type=sun.misc.Launcher$AppClassLoader@75b84c92,component=ContextSelector
2015-12-19 21:48:24,326 DEBUG Registering MBean org.apache.logging.log4j2:type=sun.misc.Launcher$AppClassLoader@75b84c92,component=Loggers,name=
2015-12-19 21:48:24,328 DEBUG Registering MBean org.apache.logging.log4j2:type=sun.misc.Launcher$AppClassLoader@75b84c92,component=Appenders,name=Console
2015-12-19 21:48:24,343 DEBUG Registering MBean org.apache.logging.log4j2:type=sun.misc.Launcher$AppClassLoader@75b84c92,component=Appenders,name=userActivity
2015-12-19 21:48:24,343 DEBUG Registering MBean org.apache.logging.log4j2:type=sun.misc.Launcher$AppClassLoader@75b84c92,component=Appenders,name=systemActivity
2015-12-19 21:48:24,344 DEBUG Reconfiguration complete for context[name=sun.misc.Launcher$AppClassLoader@75b84c92] at null (org.apache.logging.log4j.core.LoggerContext@661972b0)
2015-12-19 21:48:24,344 DEBUG Shutdown hook enabled. Registering a new one.
2015-12-19 21:48:24,344 DEBUG LoggerContext[name=sun.misc.Launcher$AppClassLoader@75b84c92, org.apache.logging.log4j.core.LoggerContext@661972b0] started OK.
2015-12-19 21:48:24,440 DEBUG Using default SystemClock for timestamps
21:48:24.445 [main]      DEBUG org.springframework.core.env.StandardEnvironment - Adding [systemProperties] PropertySource with lowest search precedence
21:48:24.449 [main]      DEBUG org.springframework.core.env.StandardEnvironment - Adding [systemEnvironment] PropertySource with lowest search precedence
21:48:24.450 [main]      DEBUG org.springframework.core.env.StandardEnvironment - Initialized StandardEnvironment with PropertySources [systemProperties,systemEnvironment]
21:48:24.456 [main]      INFO  org.springframework.context.support.ClassPathXmlApplicationContext - Refreshing org.springframework.context.support.ClassPathXmlApplicationContext@4f18837a: startup date [Sat Dec 19 21:48:24 EET 2015]; root of context hierarchy
21:48:24.504 [main]      DEBUG org.springframework.core.env.StandardEnvironment - Adding [systemProperties] PropertySource with lowest search precedence
21:48:24.507 [main]      DEBUG org.springframework.core.env.StandardEnvironment - Adding [systemEnvironment] PropertySource with lowest search precedence
21:48:24.518 [main]      DEBUG org.springframework.core.env.StandardEnvironment - Initialized StandardEnvironment with PropertySources [systemProperties,systemEnvironment]
21:48:24.547 [main]      INFO  org.springframework.beans.factory.xml.XmlBeanDefinitionReader - Loading XML bean definitions from class path resource [beans.xml]
21:48:24.555 [main]      DEBUG org.springframework.beans.factory.xml.DefaultDocumentLoader - Using JAXP provider [com.sun.org.apache.xerces.internal.jaxp.DocumentBuilderFactoryImpl]
21:48:24.597 [main]      DEBUG org.springframework.beans.factory.xml.PluggableSchemaResolver - Loading schema mappings from [META-INF/spring.schemas]
21:48:24.607 [main]      DEBUG org.springframework.beans.factory.xml.PluggableSchemaResolver - Loaded schema mappings: {http://www.springframework.org/schema/tx/spring-tx-2.5.xsd=org/springframework/transaction/config/spring-tx-2.5.xsd, http://www.springframework.org/schema/aop/spring-aop-4.1.xsd=org/springframework/aop/config/spring-aop-4.1.xsd, http://www.springframework.org/schema/context/spring-context-3.1.xsd=org/springframework/context/config/spring-context-3.1.xsd, http://www.springframework.org/schema/jdbc/spring-jdbc-4.1.xsd=org/springframework/jdbc/config/spring-jdbc-4.1.xsd, http://www.springframework.org/schema/mvc/spring-mvc-4.1.xsd=org/springframework/web/servlet/config/spring-mvc-4.1.xsd, http://www.springframework.org/schema/util/spring-util-3.0.xsd=org/springframework/beans/factory/xml/spring-util-3.0.xsd, http://www.springframework.org/schema/security/spring-security-3.0.3.xsd=org/springframework/security/config/spring-security-3.0.3.xsd, http://www.springframework.org/schema/security/spring-security-2.0.1.xsd=org/springframework/security/config/spring-security-2.0.1.xsd, http://www.springframework.org/schema/tool/spring-tool.xsd=org/springframework/beans/factory/xml/spring-tool-4.1.xsd, http://www.springframework.org/schema/aop/spring-aop-3.2.xsd=org/springframework/aop/config/spring-aop-3.2.xsd, http://www.springframework.org/schema/lang/spring-lang-4.1.xsd=org/springframework/scripting/config/spring-lang-4.1.xsd, http://www.springframework.org/schema/context/spring-context-4.0.xsd=org/springframework/context/config/spring-context-4.0.xsd, http://www.springframework.org/schema/mvc/spring-mvc-3.2.xsd=org/springframework/web/servlet/config/spring-mvc-3.2.xsd, http://www.springframework.org/schema/tool/spring-tool-4.1.xsd=org/springframework/beans/factory/xml/spring-tool-4.1.xsd, http://www.springframework.org/schema/lang/spring-lang-3.2.xsd=org/springframework/scripting/config/spring-lang-3.2.xsd, http://www.springframework.org/schema/cache/spring-cache-3.2.xsd=org/springframework/cache/config/spring-cache-3.2.xsd, http://www.springframework.org/schema/jee/spring-jee-4.1.xsd=org/springframework/ejb/config/spring-jee-4.1.xsd, http://www.springframework.org/schema/jdbc/spring-jdbc-3.1.xsd=org/springframework/jdbc/config/spring-jdbc-3.1.xsd, http://www.springframework.org/schema/util/spring-util-2.0.xsd=org/springframework/beans/factory/xml/spring-util-2.0.xsd, http://www.springframework.org/schema/tool/spring-tool-3.2.xsd=org/springframework/beans/factory/xml/spring-tool-3.2.xsd, http://www.springframework.org/schema/context/spring-context.xsd=org/springframework/context/config/spring-context-4.1.xsd, http://www.springframework.org/schema/cache/spring-cache-4.1.xsd=org/springframework/cache/config/spring-cache-4.1.xsd, http://www.springframework.org/schema/aop/spring-aop-4.0.xsd=org/springframework/aop/config/spring-aop-4.0.xsd, http://www.springframework.org/schema/security/spring-security-2.0.xsd=org/springframework/security/config/spring-security-2.0.xsd, http://www.springframework.org/schema/jee/spring-jee-3.2.xsd=org/springframework/ejb/config/spring-jee-3.2.xsd, http://www.springframework.org/schema/context/spring-context-3.0.xsd=org/springframework/context/config/spring-context-3.0.xsd, http://www.springframework.org/schema/jdbc/spring-jdbc-4.0.xsd=org/springframework/jdbc/config/spring-jdbc-4.0.xsd, http://www.springframework.org/schema/mvc/spring-mvc-4.0.xsd=org/springframework/web/servlet/config/spring-mvc-4.0.xsd, http://www.springframework.org/schema/util/spring-util-2.5.xsd=org/springframework/beans/factory/xml/spring-util-2.5.xsd, http://www.springframework.org/schema/beans/spring-beans-3.2.xsd=org/springframework/beans/factory/xml/spring-beans-3.2.xsd, http://www.springframework.org/schema/aop/spring-aop-3.1.xsd=org/springframework/aop/config/spring-aop-3.1.xsd, http://www.springframework.org/schema/lang/spring-lang-4.0.xsd=org/springframework/scripting/config/spring-lang-4.0.xsd, http://www.springframework.org/schema/mvc/spring-mvc.xsd=org/springframework/web/servlet/config/spring-mvc-4.2.xsd, http://www.springframework.org/schema/mvc/spring-mvc-3.1.xsd=org/springframework/web/servlet/config/spring-mvc-3.1.xsd, http://www.springframework.org/schema/beans/spring-beans-4.1.xsd=org/springframework/beans/factory/xml/spring-beans-4.1.xsd, http://www.springframework.org/schema/tool/spring-tool-4.0.xsd=org/springframework/beans/factory/xml/spring-tool-4.0.xsd, http://www.springframework.org/schema/lang/spring-lang-3.1.xsd=org/springframework/scripting/config/spring-lang-3.1.xsd, http://www.springframework.org/schema/tx/spring-tx-3.2.xsd=org/springframework/transaction/config/spring-tx-3.2.xsd, http://www.springframework.org/schema/cache/spring-cache-3.1.xsd=org/springframework/cache/config/spring-cache-3.1.xsd, http://www.springframework.org/schema/jee/spring-jee-4.0.xsd=org/springframework/ejb/config/spring-jee-4.0.xsd, http://www.springframework.org/schema/jdbc/spring-jdbc-3.0.xsd=org/springframework/jdbc/config/spring-jdbc-3.0.xsd, http://www.springframework.org/schema/task/spring-task-4.1.xsd=org/springframework/scheduling/config/spring-task-4.1.xsd, http://www.springframework.org/schema/jdbc/spring-jdbc.xsd=org/springframework/jdbc/config/spring-jdbc-4.1.xsd, http://www.springframework.org/schema/tool/spring-tool-3.1.xsd=org/springframework/beans/factory/xml/spring-tool-3.1.xsd, http://www.springframework.org/schema/tx/spring-tx-4.1.xsd=org/springframework/transaction/config/spring-tx-4.1.xsd, http://www.springframework.org/schema/cache/spring-cache-4.0.xsd=org/springframework/cache/config/spring-cache-4.0.xsd, http://www.springframework.org/schema/jee/spring-jee-3.1.xsd=org/springframework/ejb/config/spring-jee-3.1.xsd, http://www.springframework.org/schema/task/spring-task-3.2.xsd=org/springframework/scheduling/config/spring-task-3.2.xsd, http://www.springframework.org/schema/beans/spring-beans-3.1.xsd=org/springframework/beans/factory/xml/spring-beans-3.1.xsd, http://www.springframework.org/schema/util/spring-util.xsd=org/springframework/beans/factory/xml/spring-util-4.1.xsd, http://www.springframework.org/schema/aop/spring-aop-3.0.xsd=org/springframework/aop/config/spring-aop-3.0.xsd, http://www.springframework.org/schema/mvc/spring-mvc-3.0.xsd=org/springframework/web/servlet/config/spring-mvc-3.0.xsd, http://www.springframework.org/schema/beans/spring-beans-4.0.xsd=org/springframework/beans/factory/xml/spring-beans-4.0.xsd, http://www.springframework.org/schema/beans/spring-beans.xsd=org/springframework/beans/factory/xml/spring-beans-4.1.xsd, http://www.springframework.org/schema/security/spring-security-2.0.4.xsd=org/springframework/security/config/spring-security-2.0.4.xsd, http://www.springframework.org/schema/lang/spring-lang-3.0.xsd=org/springframework/scripting/config/spring-lang-3.0.xsd, http://www.springframework.org/schema/tx/spring-tx-3.1.xsd=org/springframework/transaction/config/spring-tx-3.1.xsd, http://www.springframework.org/schema/context/spring-context-2.5.xsd=org/springframework/context/config/spring-context-2.5.xsd, http://www.springframework.org/schema/task/spring-task-4.0.xsd=org/springframework/scheduling/config/spring-task-4.0.xsd, http://www.springframework.org/schema/tool/spring-tool-3.0.xsd=org/springframework/beans/factory/xml/spring-tool-3.0.xsd, http://www.springframework.org/schema/tx/spring-tx-4.0.xsd=org/springframework/transaction/config/spring-tx-4.0.xsd, http://www.springframework.org/schema/aop/spring-aop-2.0.xsd=org/springframework/aop/config/spring-aop-2.0.xsd, http://www.springframework.org/schema/security/spring-security-3.2.xsd=org/springframework/security/config/spring-security-3.2.xsd, http://www.springframework.org/schema/jee/spring-jee-3.0.xsd=org/springframework/ejb/config/spring-jee-3.0.xsd, http://www.springframework.org/schema/util/spring-util-4.1.xsd=org/springframework/beans/factory/xml/spring-util-4.1.xsd, http://www.springframework.org/schema/task/spring-task-3.1.xsd=org/springframework/scheduling/config/spring-task-3.1.xsd, http://www.springframework.org/schema/beans/spring-beans-3.0.xsd=org/springframework/beans/factory/xml/spring-beans-3.0.xsd, http://www.springframework.org/schema/jee/spring-jee.xsd=org/springframework/ejb/config/spring-jee-4.1.xsd, http://www.springframework.org/schema/aop/spring-aop-2.5.xsd=org/springframework/aop/config/spring-aop-2.5.xsd, http://www.springframework.org/schema/lang/spring-lang-2.0.xsd=org/springframework/scripting/config/spring-lang-2.0.xsd, http://www.springframework.org/schema/util/spring-util-3.2.xsd=org/springframework/beans/factory/xml/spring-util-3.2.xsd, http://www.springframework.org/schema/task/spring-task.xsd=org/springframework/scheduling/config/spring-task-4.1.xsd, http://www.springframework.org/schema/tool/spring-tool-2.0.xsd=org/springframework/beans/factory/xml/spring-tool-2.0.xsd, http://www.springframework.org/schema/tx/spring-tx-3.0.xsd=org/springframework/transaction/config/spring-tx-3.0.xsd, http://www.springframework.org/schema/lang/spring-lang-2.5.xsd=org/springframework/scripting/config/spring-lang-2.5.xsd, http://www.springframework.org/schema/jee/spring-jee-2.0.xsd=org/springframework/ejb/config/spring-jee-2.0.xsd, http://www.springframework.org/schema/tool/spring-tool-2.5.xsd=org/springframework/beans/factory/xml/spring-tool-2.5.xsd, http://www.springframework.org/schema/security/spring-security-3.1.xsd=org/springframework/security/config/spring-security-3.1.xsd, http://www.springframework.org/schema/jee/spring-jee-2.5.xsd=org/springframework/ejb/config/spring-jee-2.5.xsd, http://www.springframework.org/schema/util/spring-util-4.0.xsd=org/springframework/beans/factory/xml/spring-util-4.0.xsd, http://www.springframework.org/schema/task/spring-task-3.0.xsd=org/springframework/scheduling/config/spring-task-3.0.xsd, http://www.springframework.org/schema/security/spring-security-4.0.xsd=org/springframework/security/config/spring-security-4.0.xsd, http://www.springframework.org/schema/lang/spring-lang.xsd=org/springframework/scripting/config/spring-lang-4.1.xsd, http://www.springframework.org/schema/context/spring-context-3.2.xsd=org/springframework/context/config/spring-context-3.2.xsd, http://www.springframework.org/schema/mvc/spring-mvc-4.2.xsd=org/springframework/web/servlet/config/spring-mvc-4.2.xsd, http://www.springframework.org/schema/util/spring-util-3.1.xsd=org/springframework/beans/factory/xml/spring-util-3.1.xsd, http://www.springframework.org/schema/beans/spring-beans-2.0.xsd=org/springframework/beans/factory/xml/spring-beans-2.0.xsd, http://www.springframework.org/schema/cache/spring-cache.xsd=org/springframework/cache/config/spring-cache-4.1.xsd, http://www.springframework.org/schema/tx/spring-tx.xsd=org/springframework/transaction/config/spring-tx-4.1.xsd, http://www.springframework.org/schema/security/spring-security-2.0.2.xsd=org/springframework/security/config/spring-security-2.0.2.xsd, http://www.springframework.org/schema/context/spring-context-4.1.xsd=org/springframework/context/config/spring-context-4.1.xsd, http://www.springframework.org/schema/beans/spring-beans-2.5.xsd=org/springframework/beans/factory/xml/spring-beans-2.5.xsd, http://www.springframework.org/schema/security/spring-security.xsd=org/springframework/security/config/spring-security-4.0.xsd, http://www.springframework.org/schema/tx/spring-tx-2.0.xsd=org/springframework/transaction/config/spring-tx-2.0.xsd, http://www.springframework.org/schema/security/spring-security-3.0.xsd=org/springframework/security/config/spring-security-3.0.xsd, http://www.springframework.org/schema/jdbc/spring-jdbc-3.2.xsd=org/springframework/jdbc/config/spring-jdbc-3.2.xsd, http://www.springframework.org/schema/aop/spring-aop.xsd=org/springframework/aop/config/spring-aop-4.1.xsd}
21:48:24.621 [main]      DEBUG org.springframework.beans.factory.xml.PluggableSchemaResolver - Found XML schema [http://www.springframework.org/schema/beans/spring-beans-3.2.xsd] in classpath: org/springframework/beans/factory/xml/spring-beans-3.2.xsd
21:48:24.679 [main]      DEBUG org.springframework.beans.factory.xml.PluggableSchemaResolver - Found XML schema [http://www.springframework.org/schema/context/spring-context-3.2.xsd] in classpath: org/springframework/context/config/spring-context-3.2.xsd
21:48:24.689 [main]      DEBUG org.springframework.beans.factory.xml.PluggableSchemaResolver - Found XML schema [http://www.springframework.org/schema/tool/spring-tool-3.2.xsd] in classpath: org/springframework/beans/factory/xml/spring-tool-3.2.xsd
21:48:24.727 [main]      DEBUG org.springframework.beans.factory.xml.PluggableSchemaResolver - Found XML schema [http://www.springframework.org/schema/tx/spring-tx.xsd] in classpath: org/springframework/transaction/config/spring-tx-4.1.xsd
21:48:24.740 [main]      DEBUG org.springframework.beans.factory.xml.DefaultBeanDefinitionDocumentReader - Loading bean definitions
21:48:24.753 [main]      DEBUG org.springframework.beans.factory.xml.DefaultNamespaceHandlerResolver - Loaded NamespaceHandler mappings: {http://www.springframework.org/schema/p=org.springframework.beans.factory.xml.SimplePropertyNamespaceHandler, http://www.springframework.org/schema/mvc=org.springframework.web.servlet.config.MvcNamespaceHandler, http://www.springframework.org/schema/util=org.springframework.beans.factory.xml.UtilNamespaceHandler, http://www.springframework.org/schema/jee=org.springframework.ejb.config.JeeNamespaceHandler, http://www.springframework.org/schema/aop=org.springframework.aop.config.AopNamespaceHandler, http://www.springframework.org/schema/jdbc=org.springframework.jdbc.config.JdbcNamespaceHandler, http://www.springframework.org/schema/cache=org.springframework.cache.config.CacheNamespaceHandler, http://www.springframework.org/schema/c=org.springframework.beans.factory.xml.SimpleConstructorNamespaceHandler, http://www.springframework.org/schema/security=org.springframework.security.config.SecurityNamespaceHandler, http://www.springframework.org/schema/tx=org.springframework.transaction.config.TxNamespaceHandler, http://www.springframework.org/schema/task=org.springframework.scheduling.config.TaskNamespaceHandler, http://www.springframework.org/schema/lang=org.springframework.scripting.config.LangNamespaceHandler, http://www.springframework.org/schema/context=org.springframework.context.config.ContextNamespaceHandler}
21:48:24.778 [main]      DEBUG org.springframework.core.env.StandardEnvironment - Adding [systemProperties] PropertySource with lowest search precedence
21:48:24.797 [main]      DEBUG org.springframework.core.env.StandardEnvironment - Adding [systemEnvironment] PropertySource with lowest search precedence
21:48:24.799 [main]      DEBUG org.springframework.core.env.StandardEnvironment - Initialized StandardEnvironment with PropertySources [systemProperties,systemEnvironment]
21:48:24.806 [main]      DEBUG org.springframework.context.annotation.ClassPathBeanDefinitionScanner - JSR-330 &apos;javax.inject.Named&apos; annotation found and supported for component scanning
21:48:24.818 [main]      DEBUG org.springframework.core.io.support.PathMatchingResourcePatternResolver - Looking for matching resources in directory tree [D:\Підготовка до Канади\Джава\Java EE\project\DAily backup\ElectronicRestaurant\target\test-classes\com\restaurant]
21:48:24.821 [main]      DEBUG org.springframework.core.io.support.PathMatchingResourcePatternResolver - Searching directory [D:\Підготовка до Канади\Джава\Java EE\project\DAily backup\ElectronicRestaurant\target\test-classes\com\restaurant] for files matching pattern [D:/Підготовка до Канади/Джава/Java EE/project/DAily backup/ElectronicRestaurant/target/test-classes/com/restaurant/**/*.class]
21:48:24.827 [main]      DEBUG org.springframework.core.io.support.PathMatchingResourcePatternResolver - Searching directory [D:\Підготовка до Канади\Джава\Java EE\project\DAily backup\ElectronicRestaurant\target\test-classes\com\restaurant\servicesTests] for files matching pattern [D:/Підготовка до Канади/Джава/Java EE/project/DAily backup/ElectronicRestaurant/target/test-classes/com/restaurant/**/*.class]
21:48:24.831 [main]      DEBUG org.springframework.core.io.support.PathMatchingResourcePatternResolver - Looking for matching resources in directory tree [D:\Підготовка до Канади\Джава\Java EE\project\DAily backup\ElectronicRestaurant\target\classes\com\restaurant]
21:48:24.832 [main]      DEBUG org.springframework.core.io.support.PathMatchingResourcePatternResolver - Searching directory [D:\Підготовка до Канади\Джава\Java EE\project\DAily backup\ElectronicRestaurant\target\classes\com\restaurant] for files matching pattern [D:/Підготовка до Канади/Джава/Java EE/project/DAily backup/ElectronicRestaurant/target/classes/com/restaurant/**/*.class]
21:48:24.833 [main]      DEBUG org.springframework.core.io.support.PathMatchingResourcePatternResolver - Searching directory [D:\Підготовка до Канади\Джава\Java EE\project\DAily backup\ElectronicRestaurant\target\classes\com\restaurant\DAO] for files matching pattern [D:/Підготовка до Канади/Джава/Java EE/project/DAily backup/ElectronicRestaurant/target/classes/com/restaurant/**/*.class]
21:48:24.839 [main]      DEBUG org.springframework.core.io.support.PathMatchingResourcePatternResolver - Searching directory [D:\Підготовка до Канади\Джава\Java EE\project\DAily backup\ElectronicRestaurant\target\classes\com\restaurant\entities] for files matching pattern [D:/Підготовка до Канади/Джава/Java EE/project/DAily backup/ElectronicRestaurant/target/classes/com/restaurant/**/*.class]
21:48:24.844 [main]      DEBUG org.springframework.core.io.support.PathMatchingResourcePatternResolver - Searching directory [D:\Підготовка до Канади\Джава\Java EE\project\DAily backup\ElectronicRestaurant\target\classes\com\restaurant\security] for files matching pattern [D:/Підготовка до Канади/Джава/Java EE/project/DAily backup/ElectronicRestaurant/target/classes/com/restaurant/**/*.class]
21:48:24.847 [main]      DEBUG org.springframework.core.io.support.PathMatchingResourcePatternResolver - Searching directory [D:\Підготовка до Канади\Джава\Java EE\project\DAily backup\ElectronicRestaurant\target\classes\com\restaurant\serviceBeans] for files matching pattern [D:/Підготовка до Канади/Джава/Java EE/project/DAily backup/ElectronicRestaurant/target/classes/com/restaurant/**/*.class]
21:48:24.849 [main]      DEBUG org.springframework.core.io.support.PathMatchingResourcePatternResolver - Searching directory [D:\Підготовка до Канади\Джава\Java EE\project\DAily backup\ElectronicRestaurant\target\classes\com\restaurant\services] for files matching pattern [D:/Підготовка до Канади/Джава/Java EE/project/DAily backup/ElectronicRestaurant/target/classes/com/restaurant/**/*.class]
21:48:24.852 [main]      DEBUG org.springframework.core.io.support.PathMatchingResourcePatternResolver - Searching directory [D:\Підготовка до Канади\Джава\Java EE\project\DAily backup\ElectronicRestaurant\target\classes\com\restaurant\serviceUtilities] for files matching pattern [D:/Підготовка до Канади/Джава/Java EE/project/DAily backup/ElectronicRestaurant/target/classes/com/restaurant/**/*.class]
21:48:24.859 [main]      DEBUG org.springframework.core.io.support.PathMatchingResourcePatternResolver - Resolved location pattern [classpath*:com/restaurant/**/*.class] to resources [file [D:\Підготовка до Канади\Джава\Java EE\project\DAily backup\ElectronicRestaurant\target\test-classes\com\restaurant\servicesTests\AdministratorServiceTest.class], file [D:\Підготовка до Канади\Джава\Java EE\project\DAily backup\ElectronicRestaurant\target\test-classes\com\restaurant\servicesTests\SuperUserServiceTest.class], file [D:\Підготовка до Канади\Джава\Java EE\project\DAily backup\ElectronicRestaurant\target\classes\com\restaurant\DAO\CategoryDAO.class], file [D:\Підготовка до Канади\Джава\Java EE\project\DAily backup\ElectronicRestaurant\target\classes\com\restaurant\DAO\CategoryDAOImpl.class], file [D:\Підготовка до Канади\Джава\Java EE\project\DAily backup\ElectronicRestaurant\target\classes\com\restaurant\DAO\DishDAO.class], file [D:\Підготовка до Канади\Джава\Java EE\project\DAily backup\ElectronicRestaurant\target\classes\com\restaurant\DAO\DishDAOImpl.class], file [D:\Підготовка до Канади\Джава\Java EE\project\DAily backup\ElectronicRestaurant\target\classes\com\restaurant\DAO\LoginDAO.class], file [D:\Підготовка до Канади\Джава\Java EE\project\DAily backup\ElectronicRestaurant\target\classes\com\restaurant\DAO\LoginDAOImpl.class], file [D:\Підготовка до Канади\Джава\Java EE\project\DAily backup\ElectronicRestaurant\target\classes\com\restaurant\DAO\OrderDAO.class], file [D:\Підготовка до Канади\Джава\Java EE\project\DAily backup\ElectronicRestaurant\target\classes\com\restaurant\DAO\OrderDAOImpl.class], file [D:\Підготовка до Канади\Джава\Java EE\project\DAily backup\ElectronicRestaurant\target\classes\com\restaurant\DAO\OrderItemsDAO.class], file [D:\Підготовка до Канади\Джава\Java EE\project\DAily backup\ElectronicRestaurant\target\classes\com\restaurant\DAO\OrderItemsDAOImpl.class], file [D:\Підготовка до Канади\Джава\Java EE\project\DAily backup\ElectronicRestaurant\target\classes\com\restaurant\DAO\ReportsDAO.class], file [D:\Підготовка до Канади\Джава\Java EE\project\DAily backup\ElectronicRestaurant\target\classes\com\restaurant\DAO\ReportsDAOImpl.class], file [D:\Підготовка до Канади\Джава\Java EE\project\DAily backup\ElectronicRestaurant\target\classes\com\restaurant\DAO\UserDAO.class], file [D:\Підготовка до Канади\Джава\Java EE\project\DAily backup\ElectronicRestaurant\target\classes\com\restaurant\DAO\UserDAOImpl.class], file [D:\Підготовка до Канади\Джава\Java EE\project\DAily backup\ElectronicRestaurant\target\classes\com\restaurant\entities\Category.class], file [D:\Підготовка до Канади\Джава\Java EE\project\DAily backup\ElectronicRestaurant\target\classes\com\restaurant\entities\Dish.class], file [D:\Підготовка до Канади\Джава\Java EE\project\DAily backup\ElectronicRestaurant\target\classes\com\restaurant\entities\Main.class], file [D:\Підготовка до Канади\Джава\Java EE\project\DAily backup\ElectronicRestaurant\target\classes\com\restaurant\entities\Order$1.class], file [D:\Підготовка до Канади\Джава\Java EE\project\DAily backup\ElectronicRestaurant\target\classes\com\restaurant\entities\Order$OrderStatusConverter.class], file [D:\Підготовка до Канади\Джава\Java EE\project\DAily backup\ElectronicRestaurant\target\classes\com\restaurant\entities\Order$StatusOfDelivery.class], file [D:\Підготовка до Канади\Джава\Java EE\project\DAily backup\ElectronicRestaurant\target\classes\com\restaurant\entities\Order.class], file [D:\Підготовка до Канади\Джава\Java EE\project\DAily backup\ElectronicRestaurant\target\classes\com\restaurant\entities\OrderItems.class], file [D:\Підготовка до Канади\Джава\Java EE\project\DAily backup\ElectronicRestaurant\target\classes\com\restaurant\entities\Report.class], file [D:\Підготовка до Канади\Джава\Java EE\project\DAily backup\ElectronicRestaurant\target\classes\com\restaurant\entities\User$1.class], file [D:\Підготовка до Канади\Джава\Java EE\project\DAily backup\ElectronicRestaurant\target\classes\com\restaurant\entities\User$TypeOfUser.class], file [D:\Підготовка до Канади\Джава\Java EE\project\DAily backup\ElectronicRestaurant\target\classes\com\restaurant\entities\User$UserTypeConverter.class], file [D:\Підготовка до Канади\Джава\Java EE\project\DAily backup\ElectronicRestaurant\target\classes\com\restaurant\entities\User.class], file [D:\Підготовка до Канади\Джава\Java EE\project\DAily backup\ElectronicRestaurant\target\classes\com\restaurant\security\AdminController.class], file [D:\Підготовка до Канади\Джава\Java EE\project\DAily backup\ElectronicRestaurant\target\classes\com\restaurant\security\PasswordHash.class], file [D:\Підготовка до Канади\Джава\Java EE\project\DAily backup\ElectronicRestaurant\target\classes\com\restaurant\serviceBeans\CartBean.class], file [D:\Підготовка до Канади\Джава\Java EE\project\DAily backup\ElectronicRestaurant\target\classes\com\restaurant\serviceBeans\CategoryBean.class], file [D:\Підготовка до Канади\Джава\Java EE\project\DAily backup\ElectronicRestaurant\target\classes\com\restaurant\serviceBeans\DishBean.class], file [D:\Підготовка до Канади\Джава\Java EE\project\DAily backup\ElectronicRestaurant\target\classes\com\restaurant\serviceBeans\EnumBean.class], file [D:\Підготовка до Канади\Джава\Java EE\project\DAily backup\ElectronicRestaurant\target\classes\com\restaurant\serviceBeans\NewCategoryBean.class], file [D:\Підготовка до Канади\Джава\Java EE\project\DAily backup\ElectronicRestaurant\target\classes\com\restaurant\serviceBeans\NewDishBean.class], file [D:\Підготовка до Канади\Джава\Java EE\project\DAily backup\ElectronicRestaurant\target\classes\com\restaurant\serviceBeans\NewUserBean.class], file [D:\Підготовка до Канади\Джава\Java EE\project\DAily backup\ElectronicRestaurant\target\classes\com\restaurant\serviceBeans\OrderBean.class], file [D:\Підготовка до Канади\Джава\Java EE\project\DAily backup\ElectronicRestaurant\target\classes\com\restaurant\serviceBeans\ReportBean.class], file [D:\Підготовка до Канади\Джава\Java EE\project\DAily backup\ElectronicRestaurant\target\classes\com\restaurant\serviceBeans\UserBean.class], file [D:\Підготовка до Канади\Джава\Java EE\project\DAily backup\ElectronicRestaurant\target\classes\com\restaurant\services\AdministratorService.class], file [D:\Підготовка до Канади\Джава\Java EE\project\DAily backup\ElectronicRestaurant\target\classes\com\restaurant\services\AdministratorServiceImpl.class], file [D:\Підготовка до Канади\Джава\Java EE\project\DAily backup\ElectronicRestaurant\target\classes\com\restaurant\services\AnalystService.class], file [D:\Підготовка до Канади\Джава\Java EE\project\DAily backup\ElectronicRestaurant\target\classes\com\restaurant\services\AnalystServiceImpl.class], file [D:\Підготовка до Канади\Джава\Java EE\project\DAily backup\ElectronicRestaurant\target\classes\com\restaurant\services\CustomerService.class], file [D:\Підготовка до Канади\Джава\Java EE\project\DAily backup\ElectronicRestaurant\target\classes\com\restaurant\services\CustomerServiceImpl.class], file [D:\Підготовка до Канади\Джава\Java EE\project\DAily backup\ElectronicRestaurant\target\classes\com\restaurant\services\DeliveryStaffService.class], file [D:\Підготовка до Канади\Джава\Java EE\project\DAily backup\ElectronicRestaurant\target\classes\com\restaurant\services\DeliveryStaffServiceImpl.class], file [D:\Підготовка до Канади\Джава\Java EE\project\DAily backup\ElectronicRestaurant\target\classes\com\restaurant\services\KitchenStaffService.class], file [D:\Підготовка до Канади\Джава\Java EE\project\DAily backup\ElectronicRestaurant\target\classes\com\restaurant\services\KitchenStaffServiceImpl.class], file [D:\Підготовка до Канади\Джава\Java EE\project\DAily backup\ElectronicRestaurant\target\classes\com\restaurant\services\LoginService.class], file [D:\Підготовка до Канади\Джава\Java EE\project\DAily backup\ElectronicRestaurant\target\classes\com\restaurant\services\LoginServiceImpl.class], file [D:\Підготовка до Канади\Джава\Java EE\project\DAily backup\ElectronicRestaurant\target\classes\com\restaurant\services\SuperUserService.class], file [D:\Підготовка до Канади\Джава\Java EE\project\DAily backup\ElectronicRestaurant\target\classes\com\restaurant\services\SuperUserServiceImpl.class], file [D:\Підготовка до Канади\Джава\Java EE\project\DAily backup\ElectronicRestaurant\target\classes\com\restaurant\serviceUtilities\AuthorizationFilter.class]]
21:48:24.908 [main]      DEBUG org.springframework.context.annotation.ClassPathBeanDefinitionScanner - Identified candidate component class: file [D:\Підготовка до Канади\Джава\Java EE\project\DAily backup\ElectronicRestaurant\target\classes\com\restaurant\DAO\CategoryDAOImpl.class]
21:48:24.927 [main]      DEBUG org.springframework.context.annotation.ClassPathBeanDefinitionScanner - Identified candidate component class: file [D:\Підготовка до Канади\Джава\Java EE\project\DAily backup\ElectronicRestaurant\target\classes\com\restaurant\DAO\DishDAOImpl.class]
21:48:24.934 [main]      DEBUG org.springframework.context.annotation.ClassPathBeanDefinitionScanner - Identified candidate component class: file [D:\Підготовка до Канади\Джава\Java EE\project\DAily backup\ElectronicRestaurant\target\classes\com\restaurant\DAO\LoginDAOImpl.class]
21:48:24.936 [main]      DEBUG org.springframework.context.annotation.ClassPathBeanDefinitionScanner - Identified candidate component class: file [D:\Підготовка до Канади\Джава\Java EE\project\DAily backup\ElectronicRestaurant\target\classes\com\restaurant\DAO\OrderDAOImpl.class]
21:48:24.942 [main]      DEBUG org.springframework.context.annotation.ClassPathBeanDefinitionScanner - Identified candidate component class: file [D:\Підготовка до Канади\Джава\Java EE\project\DAily backup\ElectronicRestaurant\target\classes\com\restaurant\DAO\OrderItemsDAOImpl.class]
21:48:24.944 [main]      DEBUG org.springframework.context.annotation.ClassPathBeanDefinitionScanner - Identified candidate component class: file [D:\Підготовка до Канади\Джава\Java EE\project\DAily backup\ElectronicRestaurant\target\classes\com\restaurant\DAO\ReportsDAOImpl.class]
21:48:24.946 [main]      DEBUG org.springframework.context.annotation.ClassPathBeanDefinitionScanner - Identified candidate component class: file [D:\Підготовка до Канади\Джава\Java EE\project\DAily backup\ElectronicRestaurant\target\classes\com\restaurant\DAO\UserDAOImpl.class]
21:48:24.999 [main]      DEBUG org.springframework.context.annotation.ClassPathBeanDefinitionScanner - Identified candidate component class: file [D:\Підготовка до Канади\Джава\Java EE\project\DAily backup\ElectronicRestaurant\target\classes\com\restaurant\security\AdminController.class]
21:48:25.003 [main]      DEBUG org.springframework.context.annotation.ClassPathBeanDefinitionScanner - Identified candidate component class: file [D:\Підготовка до Канади\Джава\Java EE\project\DAily backup\ElectronicRestaurant\target\classes\com\restaurant\serviceBeans\CartBean.class]
21:48:25.007 [main]      DEBUG org.springframework.context.annotation.ClassPathBeanDefinitionScanner - Identified candidate component class: file [D:\Підготовка до Канади\Джава\Java EE\project\DAily backup\ElectronicRestaurant\target\classes\com\restaurant\serviceBeans\CategoryBean.class]
21:48:25.008 [main]      DEBUG org.springframework.context.annotation.ClassPathBeanDefinitionScanner - Identified candidate component class: file [D:\Підготовка до Канади\Джава\Java EE\project\DAily backup\ElectronicRestaurant\target\classes\com\restaurant\serviceBeans\DishBean.class]
21:48:25.020 [main]      DEBUG org.springframework.context.annotation.ClassPathBeanDefinitionScanner - Identified candidate component class: file [D:\Підготовка до Канади\Джава\Java EE\project\DAily backup\ElectronicRestaurant\target\classes\com\restaurant\serviceBeans\EnumBean.class]
21:48:25.029 [main]      DEBUG org.springframework.context.annotation.ClassPathBeanDefinitionScanner - Identified candidate component class: file [D:\Підготовка до Канади\Джава\Java EE\project\DAily backup\ElectronicRestaurant\target\classes\com\restaurant\serviceBeans\NewCategoryBean.class]
21:48:25.035 [main]      DEBUG org.springframework.context.annotation.ClassPathBeanDefinitionScanner - Identified candidate component class: file [D:\Підготовка до Канади\Джава\Java EE\project\DAily backup\ElectronicRestaurant\target\classes\com\restaurant\serviceBeans\NewDishBean.class]
21:48:25.037 [main]      DEBUG org.springframework.context.annotation.ClassPathBeanDefinitionScanner - Identified candidate component class: file [D:\Підготовка до Канади\Джава\Java EE\project\DAily backup\ElectronicRestaurant\target\classes\com\restaurant\serviceBeans\NewUserBean.class]
21:48:25.043 [main]      DEBUG org.springframework.context.annotation.ClassPathBeanDefinitionScanner - Identified candidate component class: file [D:\Підготовка до Канади\Джава\Java EE\project\DAily backup\ElectronicRestaurant\target\classes\com\restaurant\serviceBeans\OrderBean.class]
21:48:25.046 [main]      DEBUG org.springframework.context.annotation.ClassPathBeanDefinitionScanner - Identified candidate component class: file [D:\Підготовка до Канади\Джава\Java EE\project\DAily backup\ElectronicRestaurant\target\classes\com\restaurant\serviceBeans\ReportBean.class]
21:48:25.049 [main]      DEBUG org.springframework.context.annotation.ClassPathBeanDefinitionScanner - Identified candidate component class: file [D:\Підготовка до Канади\Джава\Java EE\project\DAily backup\ElectronicRestaurant\target\classes\com\restaurant\serviceBeans\UserBean.class]
21:48:25.065 [main]      DEBUG org.springframework.context.annotation.ClassPathBeanDefinitionScanner - Identified candidate component class: file [D:\Підготовка до Канади\Джава\Java EE\project\DAily backup\ElectronicRestaurant\target\classes\com\restaurant\services\AdministratorServiceImpl.class]
21:48:25.066 [main]      DEBUG org.springframework.context.annotation.ClassPathBeanDefinitionScanner - Identified candidate component class: file [D:\Підготовка до Канади\Джава\Java EE\project\DAily backup\ElectronicRestaurant\target\classes\com\restaurant\services\AnalystServiceImpl.class]
21:48:25.068 [main]      DEBUG org.springframework.context.annotation.ClassPathBeanDefinitionScanner - Identified candidate component class: file [D:\Підготовка до Канади\Джава\Java EE\project\DAily backup\ElectronicRestaurant\target\classes\com\restaurant\services\CustomerServiceImpl.class]
21:48:25.069 [main]      DEBUG org.springframework.context.annotation.ClassPathBeanDefinitionScanner - Identified candidate component class: file [D:\Підготовка до Канади\Джава\Java EE\project\DAily backup\ElectronicRestaurant\target\classes\com\restaurant\services\DeliveryStaffServiceImpl.class]
21:48:25.072 [main]      DEBUG org.springframework.context.annotation.ClassPathBeanDefinitionScanner - Identified candidate component class: file [D:\Підготовка до Канади\Джава\Java EE\project\DAily backup\ElectronicRestaurant\target\classes\com\restaurant\services\KitchenStaffServiceImpl.class]
21:48:25.074 [main]      DEBUG org.springframework.context.annotation.ClassPathBeanDefinitionScanner - Identified candidate component class: file [D:\Підготовка до Канади\Джава\Java EE\project\DAily backup\ElectronicRestaurant\target\classes\com\restaurant\services\LoginServiceImpl.class]
21:48:25.075 [main]      DEBUG org.springframework.context.annotation.ClassPathBeanDefinitionScanner - Identified candidate component class: file [D:\Підготовка до Канади\Джава\Java EE\project\DAily backup\ElectronicRestaurant\target\classes\com\restaurant\services\SuperUserServiceImpl.class]
21:48:25.172 [main]      DEBUG org.springframework.beans.factory.xml.BeanDefinitionParserDelegate - Neither XML &apos;id&apos; nor &apos;name&apos; specified - using generated bean name [org.springframework.orm.jpa.vendor.EclipseLinkJpaDialect#6c1a5b54]
21:48:25.176 [main]      DEBUG org.springframework.beans.factory.xml.BeanDefinitionParserDelegate - Neither XML &apos;id&apos; nor &apos;name&apos; specified - using generated bean name [org.springframework.orm.jpa.vendor.EclipseLinkJpaVendorAdapter#1c7696c6]
21:48:25.191 [main]      DEBUG org.springframework.beans.factory.xml.BeanDefinitionParserDelegate - Neither XML &apos;id&apos; nor &apos;name&apos; specified - using generated bean name [org.springframework.orm.jpa.support.PersistenceAnnotationBeanPostProcessor#0]
21:48:25.208 [main]      DEBUG org.springframework.beans.factory.xml.XmlBeanDefinitionReader - Loaded 38 bean definitions from location pattern [beans.xml]
21:48:25.209 [main]      DEBUG org.springframework.context.support.ClassPathXmlApplicationContext - Bean factory for org.springframework.context.support.ClassPathXmlApplicationContext@4f18837a: org.springframework.beans.factory.support.DefaultListableBeanFactory@2af004b: defining beans [categoryDAOImpl,dishDAOImpl,loginDAOImpl,orderDAOImpl,orderItemsDAOImpl,reportsDAOImpl,userDAOImpl,adminController,cartBean,categoryBean,dishBean,enumBean,newCategoryBean,newDishBean,newUserBean,orderBean,reportBean,userBean,administratorServiceImpl,analystServiceImpl,customerServiceImpl,deliveryStaffServiceImpl,kitchenStaffServiceImpl,loginServiceImpl,superUserServiceImpl,org.springframework.context.annotation.internalConfigurationAnnotationProcessor,org.springframework.context.annotation.internalAutowiredAnnotationProcessor,org.springframework.context.annotation.internalRequiredAnnotationProcessor,org.springframework.context.annotation.internalCommonAnnotationProcessor,org.springframework.context.annotation.internalPersistenceAnnotationProcessor,entityManagerFactory,transactionManager,org.springframework.orm.jpa.support.PersistenceAnnotationBeanPostProcessor#0,dataSource,org.springframework.aop.config.internalAutoProxyCreator,org.springframework.transaction.annotation.AnnotationTransactionAttributeSource#0,org.springframework.transaction.interceptor.TransactionInterceptor#0,org.springframework.transaction.config.internalTransactionAdvisor]; root of factory hierarchy
21:48:25.266 [main]      DEBUG org.springframework.beans.factory.support.DefaultListableBeanFactory - Creating shared instance of singleton bean &apos;org.springframework.context.annotation.internalConfigurationAnnotationProcessor&apos;
21:48:25.267 [main]      DEBUG org.springframework.beans.factory.support.DefaultListableBeanFactory - Creating instance of bean &apos;org.springframework.context.annotation.internalConfigurationAnnotationProcessor&apos;
21:48:25.287 [main]      DEBUG org.springframework.beans.factory.support.DefaultListableBeanFactory - Eagerly caching bean &apos;org.springframework.context.annotation.internalConfigurationAnnotationProcessor&apos; to allow for resolving potential circular references
21:48:25.290 [main]      DEBUG org.springframework.beans.factory.support.DefaultListableBeanFactory - Finished creating instance of bean &apos;org.springframework.context.annotation.internalConfigurationAnnotationProcessor&apos;
21:48:25.451 [main]      DEBUG org.springframework.beans.factory.support.DefaultListableBeanFactory - Creating shared instance of singleton bean &apos;org.springframework.context.annotation.internalAutowiredAnnotationProcessor&apos;
21:48:25.452 [main]      DEBUG org.springframework.beans.factory.support.DefaultListableBeanFactory - Creating instance of bean &apos;org.springframework.context.annotation.internalAutowiredAnnotationProcessor&apos;
21:48:25.453 [main]      INFO  org.springframework.beans.factory.annotation.AutowiredAnnotationBeanPostProcessor - JSR-330 &apos;javax.inject.Inject&apos; annotation found and supported for autowiring
21:48:25.454 [main]      DEBUG org.springframework.beans.factory.support.DefaultListableBeanFactory - Eagerly caching bean &apos;org.springframework.context.annotation.internalAutowiredAnnotationProcessor&apos; to allow for resolving potential circular references
21:48:25.455 [main]      DEBUG org.springframework.beans.factory.support.DefaultListableBeanFactory - Finished creating instance of bean &apos;org.springframework.context.annotation.internalAutowiredAnnotationProcessor&apos;
21:48:25.455 [main]      DEBUG org.springframework.beans.factory.support.DefaultListableBeanFactory - Creating shared instance of singleton bean &apos;org.springframework.context.annotation.internalRequiredAnnotationProcessor&apos;
21:48:25.456 [main]      DEBUG org.springframework.beans.factory.support.DefaultListableBeanFactory - Creating instance of bean &apos;org.springframework.context.annotation.internalRequiredAnnotationProcessor&apos;
21:48:25.457 [main]      DEBUG org.springframework.beans.factory.support.DefaultListableBeanFactory - Eagerly caching bean &apos;org.springframework.context.annotation.internalRequiredAnnotationProcessor&apos; to allow for resolving potential circular references
21:48:25.457 [main]      DEBUG org.springframework.beans.factory.support.DefaultListableBeanFactory - Finished creating instance of bean &apos;org.springframework.context.annotation.internalRequiredAnnotationProcessor&apos;
21:48:25.458 [main]      DEBUG org.springframework.beans.factory.support.DefaultListableBeanFactory - Creating shared instance of singleton bean &apos;org.springframework.context.annotation.internalCommonAnnotationProcessor&apos;
21:48:25.458 [main]      DEBUG org.springframework.beans.factory.support.DefaultListableBeanFactory - Creating instance of bean &apos;org.springframework.context.annotation.internalCommonAnnotationProcessor&apos;
21:48:25.467 [main]      DEBUG org.springframework.beans.factory.support.DefaultListableBeanFactory - Eagerly caching bean &apos;org.springframework.context.annotation.internalCommonAnnotationProcessor&apos; to allow for resolving potential circular references
21:48:25.468 [main]      DEBUG org.springframework.beans.factory.support.DefaultListableBeanFactory - Finished creating instance of bean &apos;org.springframework.context.annotation.internalCommonAnnotationProcessor&apos;
21:48:25.469 [main]      DEBUG org.springframework.beans.factory.support.DefaultListableBeanFactory - Creating shared instance of singleton bean &apos;org.springframework.context.annotation.internalPersistenceAnnotationProcessor&apos;
21:48:25.470 [main]      DEBUG org.springframework.beans.factory.support.DefaultListableBeanFactory - Creating instance of bean &apos;org.springframework.context.annotation.internalPersistenceAnnotationProcessor&apos;
21:48:25.472 [main]      DEBUG org.springframework.beans.factory.support.DefaultListableBeanFactory - Eagerly caching bean &apos;org.springframework.context.annotation.internalPersistenceAnnotationProcessor&apos; to allow for resolving potential circular references
21:48:25.474 [main]      DEBUG org.springframework.beans.factory.support.DefaultListableBeanFactory - Finished creating instance of bean &apos;org.springframework.context.annotation.internalPersistenceAnnotationProcessor&apos;
21:48:25.475 [main]      DEBUG org.springframework.beans.factory.support.DefaultListableBeanFactory - Creating shared instance of singleton bean &apos;org.springframework.orm.jpa.support.PersistenceAnnotationBeanPostProcessor#0&apos;
21:48:25.476 [main]      DEBUG org.springframework.beans.factory.support.DefaultListableBeanFactory - Creating instance of bean &apos;org.springframework.orm.jpa.support.PersistenceAnnotationBeanPostProcessor#0&apos;
21:48:25.481 [main]      DEBUG org.springframework.beans.factory.support.DefaultListableBeanFactory - Eagerly caching bean &apos;org.springframework.orm.jpa.support.PersistenceAnnotationBeanPostProcessor#0&apos; to allow for resolving potential circular references
21:48:25.482 [main]      DEBUG org.springframework.beans.factory.support.DefaultListableBeanFactory - Finished creating instance of bean &apos;org.springframework.orm.jpa.support.PersistenceAnnotationBeanPostProcessor#0&apos;
21:48:25.484 [main]      DEBUG org.springframework.beans.factory.support.DefaultListableBeanFactory - Creating shared instance of singleton bean &apos;org.springframework.context.annotation.ConfigurationClassPostProcessor.importAwareProcessor&apos;
21:48:25.486 [main]      DEBUG org.springframework.beans.factory.support.DefaultListableBeanFactory - Creating instance of bean &apos;org.springframework.context.annotation.ConfigurationClassPostProcessor.importAwareProcessor&apos;
21:48:25.486 [main]      DEBUG org.springframework.beans.factory.support.DefaultListableBeanFactory - Eagerly caching bean &apos;org.springframework.context.annotation.ConfigurationClassPostProcessor.importAwareProcessor&apos; to allow for resolving potential circular references
21:48:25.487 [main]      DEBUG org.springframework.beans.factory.support.DefaultListableBeanFactory - Finished creating instance of bean &apos;org.springframework.context.annotation.ConfigurationClassPostProcessor.importAwareProcessor&apos;
21:48:25.488 [main]      DEBUG org.springframework.beans.factory.support.DefaultListableBeanFactory - Creating shared instance of singleton bean &apos;org.springframework.context.annotation.ConfigurationClassPostProcessor.enhancedConfigurationProcessor&apos;
21:48:25.489 [main]      DEBUG org.springframework.beans.factory.support.DefaultListableBeanFactory - Creating instance of bean &apos;org.springframework.context.annotation.ConfigurationClassPostProcessor.enhancedConfigurationProcessor&apos;
21:48:25.489 [main]      DEBUG org.springframework.beans.factory.support.DefaultListableBeanFactory - Eagerly caching bean &apos;org.springframework.context.annotation.ConfigurationClassPostProcessor.enhancedConfigurationProcessor&apos; to allow for resolving potential circular references
21:48:25.490 [main]      DEBUG org.springframework.beans.factory.support.DefaultListableBeanFactory - Finished creating instance of bean &apos;org.springframework.context.annotation.ConfigurationClassPostProcessor.enhancedConfigurationProcessor&apos;
21:48:25.505 [main]      DEBUG org.springframework.beans.factory.support.DefaultListableBeanFactory - Creating shared instance of singleton bean &apos;org.springframework.aop.config.internalAutoProxyCreator&apos;
21:48:25.506 [main]      DEBUG org.springframework.beans.factory.support.DefaultListableBeanFactory - Creating instance of bean &apos;org.springframework.aop.config.internalAutoProxyCreator&apos;
21:48:25.529 [main]      DEBUG org.springframework.beans.factory.support.DefaultListableBeanFactory - Eagerly caching bean &apos;org.springframework.aop.config.internalAutoProxyCreator&apos; to allow for resolving potential circular references
21:48:25.590 [main]      DEBUG org.springframework.beans.factory.support.DefaultListableBeanFactory - Finished creating instance of bean &apos;org.springframework.aop.config.internalAutoProxyCreator&apos;
21:48:25.594 [main]      DEBUG org.springframework.context.support.ClassPathXmlApplicationContext - Unable to locate MessageSource with name &apos;messageSource&apos;: using default [org.springframework.context.support.DelegatingMessageSource@64ec96c6]
21:48:25.598 [main]      DEBUG org.springframework.context.support.ClassPathXmlApplicationContext - Unable to locate ApplicationEventMulticaster with name &apos;applicationEventMulticaster&apos;: using default [org.springframework.context.event.SimpleApplicationEventMulticaster@15f47664]
21:48:25.618 [main]      DEBUG org.springframework.beans.factory.support.DefaultListableBeanFactory - Creating shared instance of singleton bean &apos;entityManagerFactory&apos;
21:48:25.619 [main]      DEBUG org.springframework.beans.factory.support.DefaultListableBeanFactory - Creating instance of bean &apos;entityManagerFactory&apos;
21:48:25.638 [main]      DEBUG org.springframework.beans.factory.support.DefaultListableBeanFactory - Eagerly caching bean &apos;entityManagerFactory&apos; to allow for resolving potential circular references
21:48:25.691 [main]      DEBUG org.springframework.beans.factory.support.DefaultListableBeanFactory - Creating shared instance of singleton bean &apos;dataSource&apos;
21:48:25.692 [main]      DEBUG org.springframework.beans.factory.support.DefaultListableBeanFactory - Creating instance of bean &apos;dataSource&apos;
21:48:25.697 [main]      DEBUG org.springframework.beans.factory.support.DefaultListableBeanFactory - Eagerly caching bean &apos;dataSource&apos; to allow for resolving potential circular references
21:48:26.036 [main]      INFO  org.springframework.jdbc.datasource.DriverManagerDataSource - Loaded JDBC driver: org.apache.derby.jdbc.EmbeddedDriver
21:48:26.040 [main]      DEBUG org.springframework.beans.factory.support.DefaultListableBeanFactory - Creating shared instance of singleton bean &apos;org.springframework.transaction.config.internalTransactionAdvisor&apos;
21:48:26.041 [main]      DEBUG org.springframework.beans.factory.support.DefaultListableBeanFactory - Creating instance of bean &apos;org.springframework.transaction.config.internalTransactionAdvisor&apos;
21:48:26.043 [main]      DEBUG org.springframework.beans.factory.support.DefaultListableBeanFactory - Eagerly caching bean &apos;org.springframework.transaction.config.internalTransactionAdvisor&apos; to allow for resolving potential circular references
21:48:26.049 [main]      DEBUG org.springframework.beans.factory.support.DefaultListableBeanFactory - Creating shared instance of singleton bean &apos;org.springframework.transaction.annotation.AnnotationTransactionAttributeSource#0&apos;
21:48:26.049 [main]      DEBUG org.springframework.beans.factory.support.DefaultListableBeanFactory - Creating instance of bean &apos;org.springframework.transaction.annotation.AnnotationTransactionAttributeSource#0&apos;
21:48:26.055 [main]      DEBUG org.springframework.beans.factory.support.DefaultListableBeanFactory - Eagerly caching bean &apos;org.springframework.transaction.annotation.AnnotationTransactionAttributeSource#0&apos; to allow for resolving potential circular references
21:48:26.059 [main]      DEBUG org.springframework.aop.framework.autoproxy.BeanFactoryAdvisorRetrievalHelper - Skipping currently created advisor &apos;org.springframework.transaction.config.internalTransactionAdvisor&apos;
21:48:26.062 [main]      DEBUG org.springframework.beans.factory.support.DefaultListableBeanFactory - Finished creating instance of bean &apos;org.springframework.transaction.annotation.AnnotationTransactionAttributeSource#0&apos;
21:48:26.064 [main]      DEBUG org.springframework.beans.factory.support.DefaultListableBeanFactory - Finished creating instance of bean &apos;org.springframework.transaction.config.internalTransactionAdvisor&apos;
21:48:26.069 [main]      DEBUG org.springframework.beans.factory.support.DefaultListableBeanFactory - Finished creating instance of bean &apos;dataSource&apos;
21:48:26.074 [main]      DEBUG org.springframework.beans.factory.support.DefaultListableBeanFactory - Creating instance of bean &apos;org.springframework.orm.jpa.vendor.EclipseLinkJpaDialect#6c1a5b54&apos;
21:48:26.083 [main]      DEBUG org.springframework.beans.factory.support.DefaultListableBeanFactory - Returning cached instance of singleton bean &apos;org.springframework.transaction.config.internalTransactionAdvisor&apos;
21:48:26.089 [main]      DEBUG org.springframework.beans.factory.support.DefaultListableBeanFactory - Finished creating instance of bean &apos;org.springframework.orm.jpa.vendor.EclipseLinkJpaDialect#6c1a5b54&apos;
21:48:26.096 [main]      DEBUG org.springframework.beans.factory.support.DefaultListableBeanFactory - Creating instance of bean &apos;org.springframework.orm.jpa.vendor.EclipseLinkJpaVendorAdapter#1c7696c6&apos;
21:48:26.121 [main]      DEBUG org.springframework.beans.factory.support.DefaultListableBeanFactory - Returning cached instance of singleton bean &apos;org.springframework.transaction.config.internalTransactionAdvisor&apos;
21:48:26.127 [main]      DEBUG org.springframework.beans.factory.support.DefaultListableBeanFactory - Finished creating instance of bean &apos;org.springframework.orm.jpa.vendor.EclipseLinkJpaVendorAdapter#1c7696c6&apos;
21:48:26.148 [main]      DEBUG org.springframework.beans.factory.support.DefaultListableBeanFactory - Invoking afterPropertiesSet() on bean with name &apos;entityManagerFactory&apos;
21:48:26.188 [main]      INFO  org.springframework.orm.jpa.persistenceunit.DefaultPersistenceUnitManager - Found explicit default unit with name &apos;Restaurant&apos; in persistence.xml - overriding local default unit settings (&apos;packagesToScan&apos;/&apos;mappingResources&apos;)
21:48:26.190 [main]      INFO  org.springframework.orm.jpa.LocalContainerEntityManagerFactoryBean - Building JPA container EntityManagerFactory for persistence unit &apos;Restaurant&apos;
[EL Config]: metadata: 2015-12-19 21:48:26.807--ServerSession(1114335860)--Thread(Thread[main,5,main])--The access type for the persistent class [class com.restaurant.entities.Dish] is set to [FIELD].
[EL Config]: metadata: 2015-12-19 21:48:26.845--ServerSession(1114335860)--Thread(Thread[main,5,main])--The target entity (reference) class for the many to one mapping element [field catOfDish] is being defaulted to: class com.restaurant.entities.Category.
[EL Config]: metadata: 2015-12-19 21:48:26.846--ServerSession(1114335860)--Thread(Thread[main,5,main])--The access type for the persistent class [class com.restaurant.entities.User] is set to [FIELD].
[EL Config]: metadata: 2015-12-19 21:48:26.848--ServerSession(1114335860)--Thread(Thread[main,5,main])--The access type for the persistent class [class com.restaurant.entities.Order] is set to [FIELD].
[EL Config]: metadata: 2015-12-19 21:48:26.856--ServerSession(1114335860)--Thread(Thread[main,5,main])--The target entity (reference) class for the one to many mapping element [field listOfDishes] is being defaulted to: class com.restaurant.entities.OrderItems.
[EL Config]: metadata: 2015-12-19 21:48:26.857--ServerSession(1114335860)--Thread(Thread[main,5,main])--The target entity (reference) class for the many to one mapping element [field user] is being defaulted to: class com.restaurant.entities.User.
[EL Config]: metadata: 2015-12-19 21:48:26.858--ServerSession(1114335860)--Thread(Thread[main,5,main])--The access type for the persistent class [class com.restaurant.entities.OrderItems] is set to [FIELD].
[EL Config]: metadata: 2015-12-19 21:48:26.859--ServerSession(1114335860)--Thread(Thread[main,5,main])--The target entity (reference) class for the one to one mapping element [field dish] is being defaulted to: class com.restaurant.entities.Dish.
[EL Config]: metadata: 2015-12-19 21:48:26.859--ServerSession(1114335860)--Thread(Thread[main,5,main])--The target entity (reference) class for the many to one mapping element [field order] is being defaulted to: class com.restaurant.entities.Order.
[EL Config]: metadata: 2015-12-19 21:48:26.86--ServerSession(1114335860)--Thread(Thread[main,5,main])--The access type for the persistent class [class com.restaurant.entities.Category] is set to [FIELD].
[EL Config]: metadata: 2015-12-19 21:48:26.86--ServerSession(1114335860)--Thread(Thread[main,5,main])--The alias name for the entity class [class com.restaurant.entities.Dish] is being defaulted to: Dish.
[EL Config]: metadata: 2015-12-19 21:48:26.863--ServerSession(1114335860)--Thread(Thread[main,5,main])--The table name for entity [class com.restaurant.entities.Dish] is being defaulted to: DISH.
[EL Config]: metadata: 2015-12-19 21:48:26.9--ServerSession(1114335860)--Thread(Thread[main,5,main])--The column name for element [picturePath] is being defaulted to: PICTUREPATH.
[EL Config]: metadata: 2015-12-19 21:48:26.901--ServerSession(1114335860)--Thread(Thread[main,5,main])--The column name for element [isAvailable] is being defaulted to: ISAVAILABLE.
[EL Config]: metadata: 2015-12-19 21:48:26.901--ServerSession(1114335860)--Thread(Thread[main,5,main])--The column name for element [dateOfLastEdit] is being defaulted to: DATEOFLASTEDIT.
[EL Config]: metadata: 2015-12-19 21:48:26.902--ServerSession(1114335860)--Thread(Thread[main,5,main])--The column name for element [price] is being defaulted to: PRICE.
[EL Config]: metadata: 2015-12-19 21:48:26.902--ServerSession(1114335860)--Thread(Thread[main,5,main])--The column name for element [name] is being defaulted to: NAME.
[EL Config]: metadata: 2015-12-19 21:48:26.902--ServerSession(1114335860)--Thread(Thread[main,5,main])--The column name for element [weight] is being defaulted to: WEIGHT.
[EL Config]: metadata: 2015-12-19 21:48:26.902--ServerSession(1114335860)--Thread(Thread[main,5,main])--The column name for element [ingredients] is being defaulted to: INGREDIENTS.
[EL Config]: metadata: 2015-12-19 21:48:26.902--ServerSession(1114335860)--Thread(Thread[main,5,main])--The column name for element [isKitchenMade] is being defaulted to: ISKITCHENMADE.
[EL Config]: metadata: 2015-12-19 21:48:26.903--ServerSession(1114335860)--Thread(Thread[main,5,main])--The column name for element [id] is being defaulted to: ID.
[EL Config]: metadata: 2015-12-19 21:48:26.903--ServerSession(1114335860)--Thread(Thread[main,5,main])--The table name for entity [class com.restaurant.entities.User] is being defaulted to: USERS.
[EL Config]: metadata: 2015-12-19 21:48:26.904--ServerSession(1114335860)--Thread(Thread[main,5,main])--The column name for element [typeOfUser] is being defaulted to: TYPEOFUSER.
[EL Config]: metadata: 2015-12-19 21:48:26.906--ServerSession(1114335860)--Thread(Thread[main,5,main])--The column name for element [dateOfLastLogin] is being defaulted to: DATEOFLASTLOGIN.
[EL Config]: metadata: 2015-12-19 21:48:26.906--ServerSession(1114335860)--Thread(Thread[main,5,main])--The column name for element [password] is being defaulted to: PASSWORD.
[EL Config]: metadata: 2015-12-19 21:48:26.907--ServerSession(1114335860)--Thread(Thread[main,5,main])--The column name for element [deliveryAddress] is being defaulted to: DELIVERYADDRESS.
[EL Config]: metadata: 2015-12-19 21:48:26.907--ServerSession(1114335860)--Thread(Thread[main,5,main])--The column name for element [surname] is being defaulted to: SURNAME.
[EL Config]: metadata: 2015-12-19 21:48:26.907--ServerSession(1114335860)--Thread(Thread[main,5,main])--The column name for element [name] is being defaulted to: NAME.
[EL Config]: metadata: 2015-12-19 21:48:26.907--ServerSession(1114335860)--Thread(Thread[main,5,main])--The column name for element [dateOfBirth] is being defaulted to: DATEOFBIRTH.
[EL Config]: metadata: 2015-12-19 21:48:26.91--ServerSession(1114335860)--Thread(Thread[main,5,main])--The column name for element [id] is being defaulted to: ID.
[EL Config]: metadata: 2015-12-19 21:48:26.911--ServerSession(1114335860)--Thread(Thread[main,5,main])--The column name for element [login] is being defaulted to: LOGIN.
[EL Config]: metadata: 2015-12-19 21:48:26.911--ServerSession(1114335860)--Thread(Thread[main,5,main])--The column name for element [isActive] is being defaulted to: ISACTIVE.
[EL Config]: metadata: 2015-12-19 21:48:26.911--ServerSession(1114335860)--Thread(Thread[main,5,main])--The column name for element [email] is being defaulted to: EMAIL.
[EL Config]: metadata: 2015-12-19 21:48:26.914--ServerSession(1114335860)--Thread(Thread[main,5,main])--The column name for element [dateOfCreation] is being defaulted to: DATEOFCREATION.
[EL Config]: metadata: 2015-12-19 21:48:26.914--ServerSession(1114335860)--Thread(Thread[main,5,main])--The table name for entity [class com.restaurant.entities.Order] is being defaulted to: ORDERS.
[EL Config]: metadata: 2015-12-19 21:48:26.914--ServerSession(1114335860)--Thread(Thread[main,5,main])--The column name for element [timeOfDelivery] is being defaulted to: TIMEOFDELIVERY.
[EL Config]: metadata: 2015-12-19 21:48:26.915--ServerSession(1114335860)--Thread(Thread[main,5,main])--The column name for element [address] is being defaulted to: ADDRESS.
[EL Config]: metadata: 2015-12-19 21:48:26.915--ServerSession(1114335860)--Thread(Thread[main,5,main])--The column name for element [price] is being defaulted to: PRICE.
[EL Config]: metadata: 2015-12-19 21:48:26.915--ServerSession(1114335860)--Thread(Thread[main,5,main])--The column name for element [timeOfOrder] is being defaulted to: TIMEOFORDER.
[EL Config]: metadata: 2015-12-19 21:48:26.915--ServerSession(1114335860)--Thread(Thread[main,5,main])--The column name for element [id] is being defaulted to: ID.
[EL Config]: metadata: 2015-12-19 21:48:26.916--ServerSession(1114335860)--Thread(Thread[main,5,main])--The column name for element [status] is being defaulted to: STATUS.
[EL Config]: metadata: 2015-12-19 21:48:26.916--ServerSession(1114335860)--Thread(Thread[main,5,main])--The table name for entity [class com.restaurant.entities.OrderItems] is being defaulted to: DISHESLIST.
[EL Config]: metadata: 2015-12-19 21:48:26.917--ServerSession(1114335860)--Thread(Thread[main,5,main])--The column name for element [quantity] is being defaulted to: QUANTITY.
[EL Config]: metadata: 2015-12-19 21:48:26.917--ServerSession(1114335860)--Thread(Thread[main,5,main])--The column name for element [totalPrice] is being defaulted to: TOTALPRICE.
[EL Config]: metadata: 2015-12-19 21:48:26.917--ServerSession(1114335860)--Thread(Thread[main,5,main])--The column name for element [id] is being defaulted to: ID.
[EL Config]: metadata: 2015-12-19 21:48:26.918--ServerSession(1114335860)--Thread(Thread[main,5,main])--The column name for element [isCooked] is being defaulted to: ISCOOKED.
[EL Config]: metadata: 2015-12-19 21:48:26.918--ServerSession(1114335860)--Thread(Thread[main,5,main])--The alias name for the entity class [class com.restaurant.entities.Category] is being defaulted to: Category.
[EL Config]: metadata: 2015-12-19 21:48:26.918--ServerSession(1114335860)--Thread(Thread[main,5,main])--The table name for entity [class com.restaurant.entities.Category] is being defaulted to: CATEGORY.
[EL Config]: metadata: 2015-12-19 21:48:26.918--ServerSession(1114335860)--Thread(Thread[main,5,main])--The column name for element [name] is being defaulted to: NAME.
[EL Config]: metadata: 2015-12-19 21:48:26.918--ServerSession(1114335860)--Thread(Thread[main,5,main])--The column name for element [id] is being defaulted to: ID.
[EL Config]: metadata: 2015-12-19 21:48:26.942--ServerSession(1114335860)--Thread(Thread[main,5,main])--The primary key column name for the mapping element [field catOfDish] is being defaulted to: ID.
[EL Config]: metadata: 2015-12-19 21:48:26.943--ServerSession(1114335860)--Thread(Thread[main,5,main])--The primary key column name for the mapping element [field user] is being defaulted to: ID.
[EL Config]: metadata: 2015-12-19 21:48:26.943--ServerSession(1114335860)--Thread(Thread[main,5,main])--The primary key column name for the mapping element [field dish] is being defaulted to: ID.
[EL Config]: metadata: 2015-12-19 21:48:26.944--ServerSession(1114335860)--Thread(Thread[main,5,main])--The primary key column name for the mapping element [field order] is being defaulted to: ID.
21:48:26.977 [main]      DEBUG org.springframework.beans.factory.support.DefaultListableBeanFactory - Returning cached instance of singleton bean &apos;org.springframework.transaction.config.internalTransactionAdvisor&apos;
21:48:26.979 [main]      DEBUG org.springframework.beans.factory.support.DefaultListableBeanFactory - Finished creating instance of bean &apos;entityManagerFactory&apos;
21:48:26.980 [main]      DEBUG org.springframework.beans.factory.support.DefaultListableBeanFactory - Pre-instantiating singletons in org.springframework.beans.factory.support.DefaultListableBeanFactory@2af004b: defining beans [categoryDAOImpl,dishDAOImpl,loginDAOImpl,orderDAOImpl,orderItemsDAOImpl,reportsDAOImpl,userDAOImpl,adminController,cartBean,categoryBean,dishBean,enumBean,newCategoryBean,newDishBean,newUserBean,orderBean,reportBean,userBean,administratorServiceImpl,analystServiceImpl,customerServiceImpl,deliveryStaffServiceImpl,kitchenStaffServiceImpl,loginServiceImpl,superUserServiceImpl,org.springframework.context.annotation.internalConfigurationAnnotationProcessor,org.springframework.context.annotation.internalAutowiredAnnotationProcessor,org.springframework.context.annotation.internalRequiredAnnotationProcessor,org.springframework.context.annotation.internalCommonAnnotationProcessor,org.springframework.context.annotation.internalPersistenceAnnotationProcessor,entityManagerFactory,transactionManager,org.springframework.orm.jpa.support.PersistenceAnnotationBeanPostProcessor#0,dataSource,org.springframework.aop.config.internalAutoProxyCreator,org.springframework.transaction.annotation.AnnotationTransactionAttributeSource#0,org.springframework.transaction.interceptor.TransactionInterceptor#0,org.springframework.transaction.config.internalTransactionAdvisor,org.springframework.context.annotation.ConfigurationClassPostProcessor.importAwareProcessor,org.springframework.context.annotation.ConfigurationClassPostProcessor.enhancedConfigurationProcessor]; root of factory hierarchy
21:48:26.980 [main]      DEBUG org.springframework.beans.factory.support.DefaultListableBeanFactory - Creating shared instance of singleton bean &apos;categoryDAOImpl&apos;
21:48:26.981 [main]      DEBUG org.springframework.beans.factory.support.DefaultListableBeanFactory - Creating instance of bean &apos;categoryDAOImpl&apos;
21:48:26.987 [main]      DEBUG org.springframework.beans.factory.annotation.InjectionMetadata - Registered injected element on class [com.restaurant.DAO.CategoryDAOImpl]: PersistenceElement for private javax.persistence.EntityManager com.restaurant.DAO.CategoryDAOImpl.em
21:48:26.988 [main]      DEBUG org.springframework.beans.factory.support.DefaultListableBeanFactory - Eagerly caching bean &apos;categoryDAOImpl&apos; to allow for resolving potential circular references
21:48:26.990 [main]      DEBUG org.springframework.beans.factory.annotation.InjectionMetadata - Processing injected method of bean &apos;categoryDAOImpl&apos;: PersistenceElement for private javax.persistence.EntityManager com.restaurant.DAO.CategoryDAOImpl.em
21:48:27.006 [main]      DEBUG org.springframework.beans.factory.support.DefaultListableBeanFactory - Returning cached instance of singleton bean &apos;entityManagerFactory&apos;
21:48:27.006 [main]      DEBUG org.springframework.beans.factory.support.DefaultListableBeanFactory - Returning cached instance of singleton bean &apos;org.springframework.transaction.config.internalTransactionAdvisor&apos;
21:48:27.078 [main]      DEBUG org.springframework.beans.factory.support.DefaultListableBeanFactory - Returning cached instance of singleton bean &apos;org.springframework.transaction.config.internalTransactionAdvisor&apos;
21:48:27.082 [main]      DEBUG org.springframework.beans.factory.support.DefaultListableBeanFactory - Finished creating instance of bean &apos;categoryDAOImpl&apos;
21:48:27.084 [main]      DEBUG org.springframework.beans.factory.support.DefaultListableBeanFactory - Creating shared instance of singleton bean &apos;dishDAOImpl&apos;
21:48:27.084 [main]      DEBUG org.springframework.beans.factory.support.DefaultListableBeanFactory - Creating instance of bean &apos;dishDAOImpl&apos;
21:48:27.086 [main]      DEBUG org.springframework.beans.factory.annotation.InjectionMetadata - Registered injected element on class [com.restaurant.DAO.DishDAOImpl]: PersistenceElement for private javax.persistence.EntityManager com.restaurant.DAO.DishDAOImpl.em
21:48:27.087 [main]      DEBUG org.springframework.beans.factory.support.DefaultListableBeanFactory - Eagerly caching bean &apos;dishDAOImpl&apos; to allow for resolving potential circular references
21:48:27.090 [main]      DEBUG org.springframework.beans.factory.annotation.InjectionMetadata - Processing injected method of bean &apos;dishDAOImpl&apos;: PersistenceElement for private javax.persistence.EntityManager com.restaurant.DAO.DishDAOImpl.em
21:48:27.091 [main]      DEBUG org.springframework.beans.factory.support.DefaultListableBeanFactory - Returning cached instance of singleton bean &apos;entityManagerFactory&apos;
21:48:27.094 [main]      DEBUG org.springframework.beans.factory.support.DefaultListableBeanFactory - Returning cached instance of singleton bean &apos;org.springframework.transaction.config.internalTransactionAdvisor&apos;
21:48:27.095 [main]      DEBUG org.springframework.beans.factory.support.DefaultListableBeanFactory - Finished creating instance of bean &apos;dishDAOImpl&apos;
21:48:27.096 [main]      DEBUG org.springframework.beans.factory.support.DefaultListableBeanFactory - Creating shared instance of singleton bean &apos;loginDAOImpl&apos;
21:48:27.096 [main]      DEBUG org.springframework.beans.factory.support.DefaultListableBeanFactory - Creating instance of bean &apos;loginDAOImpl&apos;
21:48:27.102 [main]      DEBUG org.springframework.beans.factory.annotation.InjectionMetadata - Registered injected element on class [com.restaurant.DAO.LoginDAOImpl]: PersistenceElement for private javax.persistence.EntityManager com.restaurant.DAO.LoginDAOImpl.em
21:48:27.103 [main]      DEBUG org.springframework.beans.factory.support.DefaultListableBeanFactory - Eagerly caching bean &apos;loginDAOImpl&apos; to allow for resolving potential circular references
21:48:27.106 [main]      DEBUG org.springframework.beans.factory.annotation.InjectionMetadata - Processing injected method of bean &apos;loginDAOImpl&apos;: PersistenceElement for private javax.persistence.EntityManager com.restaurant.DAO.LoginDAOImpl.em
21:48:27.107 [main]      DEBUG org.springframework.beans.factory.support.DefaultListableBeanFactory - Returning cached instance of singleton bean &apos;entityManagerFactory&apos;
21:48:27.108 [main]      DEBUG org.springframework.beans.factory.support.DefaultListableBeanFactory - Returning cached instance of singleton bean &apos;org.springframework.transaction.config.internalTransactionAdvisor&apos;
21:48:27.117 [main]      DEBUG org.springframework.transaction.annotation.AnnotationTransactionAttributeSource - Adding transactional method &apos;LoginDAOImpl.login&apos; with attribute: PROPAGATION_REQUIRED,ISOLATION_DEFAULT; &apos;&apos;
21:48:27.126 [main]      DEBUG org.springframework.aop.framework.autoproxy.InfrastructureAdvisorAutoProxyCreator - Creating implicit proxy for bean &apos;loginDAOImpl&apos; with 0 common interceptors and 1 specific interceptors
21:48:27.135 [main]      DEBUG org.springframework.aop.framework.CglibAopProxy - Creating CGLIB proxy: target source is SingletonTargetSource for target object [com.restaurant.DAO.LoginDAOImpl@2b52c0d6]
21:48:27.226 [main]      DEBUG org.springframework.beans.factory.support.DefaultListableBeanFactory - Creating shared instance of singleton bean &apos;org.springframework.transaction.interceptor.TransactionInterceptor#0&apos;
21:48:27.227 [main]      DEBUG org.springframework.beans.factory.support.DefaultListableBeanFactory - Creating instance of bean &apos;org.springframework.transaction.interceptor.TransactionInterceptor#0&apos;
21:48:27.237 [main]      DEBUG org.springframework.beans.factory.support.DefaultListableBeanFactory - Eagerly caching bean &apos;org.springframework.transaction.interceptor.TransactionInterceptor#0&apos; to allow for resolving potential circular references
21:48:27.243 [main]      DEBUG org.springframework.beans.factory.support.DefaultListableBeanFactory - Returning cached instance of singleton bean &apos;org.springframework.transaction.annotation.AnnotationTransactionAttributeSource#0&apos;
21:48:27.244 [main]      DEBUG org.springframework.beans.factory.support.DefaultListableBeanFactory - Invoking afterPropertiesSet() on bean with name &apos;org.springframework.transaction.interceptor.TransactionInterceptor#0&apos;
21:48:27.246 [main]      DEBUG org.springframework.beans.factory.support.DefaultListableBeanFactory - Finished creating instance of bean &apos;org.springframework.transaction.interceptor.TransactionInterceptor#0&apos;
21:48:27.256 [main]      DEBUG org.springframework.transaction.annotation.AnnotationTransactionAttributeSource - Adding transactional method &apos;LoginDAOImpl.login&apos; with attribute: PROPAGATION_REQUIRED,ISOLATION_DEFAULT; &apos;&apos;
21:48:27.257 [main]      DEBUG org.springframework.aop.framework.CglibAopProxy - Unable to apply any optimisations to advised method: public com.restaurant.entities.User com.restaurant.DAO.LoginDAOImpl.login(java.lang.String,java.lang.String)
21:48:27.258 [main]      DEBUG org.springframework.aop.framework.CglibAopProxy - Unable to apply any optimisations to advised method: public com.restaurant.entities.User com.restaurant.DAO.LoginDAOImpl.getUser()
21:48:27.258 [main]      DEBUG org.springframework.aop.framework.CglibAopProxy - Unable to apply any optimisations to advised method: public void com.restaurant.DAO.LoginDAOImpl.setUser(com.restaurant.entities.User)
21:48:27.259 [main]      DEBUG org.springframework.aop.framework.CglibAopProxy - Unable to apply any optimisations to advised method: public javax.persistence.EntityManager com.restaurant.DAO.LoginDAOImpl.getEm()
21:48:27.259 [main]      DEBUG org.springframework.aop.framework.CglibAopProxy - Unable to apply any optimisations to advised method: public void com.restaurant.DAO.LoginDAOImpl.setEm(javax.persistence.EntityManager)
21:48:27.260 [main]      DEBUG org.springframework.aop.framework.CglibAopProxy - Unable to apply any optimisations to advised method: public void com.restaurant.DAO.LoginDAOImpl.setDateOfLastLogin(java.time.LocalDateTime)
21:48:27.261 [main]      DEBUG org.springframework.aop.framework.CglibAopProxy - Found finalize() method - using NO_OVERRIDE
21:48:27.262 [main]      DEBUG org.springframework.aop.framework.CglibAopProxy - Found &apos;equals&apos; method: public boolean java.lang.Object.equals(java.lang.Object)
21:48:27.262 [main]      DEBUG org.springframework.aop.framework.CglibAopProxy - Unable to apply any optimisations to advised method: public java.lang.String java.lang.Object.toString()
21:48:27.263 [main]      DEBUG org.springframework.aop.framework.CglibAopProxy - Found &apos;hashCode&apos; method: public native int java.lang.Object.hashCode()
21:48:27.265 [main]      DEBUG org.springframework.aop.framework.CglibAopProxy - Unable to apply any optimisations to advised method: protected native java.lang.Object java.lang.Object.clone() throws java.lang.CloneNotSupportedException
21:48:27.265 [main]      DEBUG org.springframework.aop.framework.CglibAopProxy - Method is declared on Advised interface: public abstract int org.springframework.aop.framework.Advised.indexOf(org.aopalliance.aop.Advice)
21:48:27.266 [main]      DEBUG org.springframework.aop.framework.CglibAopProxy - Method is declared on Advised interface: public abstract int org.springframework.aop.framework.Advised.indexOf(org.springframework.aop.Advisor)
21:48:27.266 [main]      DEBUG org.springframework.aop.framework.CglibAopProxy - Method is declared on Advised interface: public abstract boolean org.springframework.aop.framework.Advised.isFrozen()
21:48:27.267 [main]      DEBUG org.springframework.aop.framework.CglibAopProxy - Method is declared on Advised interface: public abstract boolean org.springframework.aop.framework.Advised.isProxyTargetClass()
21:48:27.267 [main]      DEBUG org.springframework.aop.framework.CglibAopProxy - Method is declared on Advised interface: public abstract void org.springframework.aop.framework.Advised.setTargetSource(org.springframework.aop.TargetSource)
21:48:27.271 [main]      DEBUG org.springframework.aop.framework.CglibAopProxy - Method is declared on Advised interface: public abstract org.springframework.aop.TargetSource org.springframework.aop.framework.Advised.getTargetSource()
21:48:27.271 [main]      DEBUG org.springframework.aop.framework.CglibAopProxy - Method is declared on Advised interface: public abstract void org.springframework.aop.framework.Advised.addAdvisor(int,org.springframework.aop.Advisor) throws org.springframework.aop.framework.AopConfigException
21:48:27.272 [main]      DEBUG org.springframework.aop.framework.CglibAopProxy - Method is declared on Advised interface: public abstract void org.springframework.aop.framework.Advised.addAdvisor(org.springframework.aop.Advisor) throws org.springframework.aop.framework.AopConfigException
21:48:27.272 [main]      DEBUG org.springframework.aop.framework.CglibAopProxy - Method is declared on Advised interface: public abstract void org.springframework.aop.framework.Advised.setPreFiltered(boolean)
21:48:27.273 [main]      DEBUG org.springframework.aop.framework.CglibAopProxy - Method is declared on Advised interface: public abstract void org.springframework.aop.framework.Advised.setExposeProxy(boolean)
21:48:27.273 [main]      DEBUG org.springframework.aop.framework.CglibAopProxy - Method is declared on Advised interface: public abstract boolean org.springframework.aop.framework.Advised.isExposeProxy()
21:48:27.273 [main]      DEBUG org.springframework.aop.framework.CglibAopProxy - Method is declared on Advised interface: public abstract java.lang.Class[] org.springframework.aop.framework.Advised.getProxiedInterfaces()
21:48:27.274 [main]      DEBUG org.springframework.aop.framework.CglibAopProxy - Method is declared on Advised interface: public abstract boolean org.springframework.aop.framework.Advised.isInterfaceProxied(java.lang.Class)
21:48:27.278 [main]      DEBUG org.springframework.aop.framework.CglibAopProxy - Method is declared on Advised interface: public abstract java.lang.String org.springframework.aop.framework.Advised.toProxyConfigString()
21:48:27.278 [main]      DEBUG org.springframework.aop.framework.CglibAopProxy - Method is declared on Advised interface: public abstract void org.springframework.aop.framework.Advised.addAdvice(int,org.aopalliance.aop.Advice) throws org.springframework.aop.framework.AopConfigException
21:48:27.278 [main]      DEBUG org.springframework.aop.framework.CglibAopProxy - Method is declared on Advised interface: public abstract void org.springframework.aop.framework.Advised.addAdvice(org.aopalliance.aop.Advice) throws org.springframework.aop.framework.AopConfigException
21:48:27.279 [main]      DEBUG org.springframework.aop.framework.CglibAopProxy - Method is declared on Advised interface: public abstract boolean org.springframework.aop.framework.Advised.isPreFiltered()
21:48:27.279 [main]      DEBUG org.springframework.aop.framework.CglibAopProxy - Method is declared on Advised interface: public abstract org.springframework.aop.Advisor[] org.springframework.aop.framework.Advised.getAdvisors()
21:48:27.279 [main]      DEBUG org.springframework.aop.framework.CglibAopProxy - Method is declared on Advised interface: public abstract boolean org.springframework.aop.framework.Advised.removeAdvisor(org.springframework.aop.Advisor)
21:48:27.280 [main]      DEBUG org.springframework.aop.framework.CglibAopProxy - Method is declared on Advised interface: public abstract void org.springframework.aop.framework.Advised.removeAdvisor(int) throws org.springframework.aop.framework.AopConfigException
21:48:27.280 [main]      DEBUG org.springframework.aop.framework.CglibAopProxy - Method is declared on Advised interface: public abstract boolean org.springframework.aop.framework.Advised.replaceAdvisor(org.springframework.aop.Advisor,org.springframework.aop.Advisor) throws org.springframework.aop.framework.AopConfigException
21:48:27.280 [main]      DEBUG org.springframework.aop.framework.CglibAopProxy - Method is declared on Advised interface: public abstract boolean org.springframework.aop.framework.Advised.removeAdvice(org.aopalliance.aop.Advice)
21:48:27.281 [main]      DEBUG org.springframework.aop.framework.CglibAopProxy - Method is declared on Advised interface: public abstract java.lang.Class org.springframework.aop.TargetClassAware.getTargetClass()
21:48:27.343 [main]      DEBUG org.springframework.beans.factory.support.DefaultListableBeanFactory - Finished creating instance of bean &apos;loginDAOImpl&apos;
21:48:27.344 [main]      DEBUG org.springframework.beans.factory.support.DefaultListableBeanFactory - Creating shared instance of singleton bean &apos;orderDAOImpl&apos;
21:48:27.344 [main]      DEBUG org.springframework.beans.factory.support.DefaultListableBeanFactory - Creating instance of bean &apos;orderDAOImpl&apos;
21:48:27.347 [main]      DEBUG org.springframework.beans.factory.annotation.InjectionMetadata - Registered injected element on class [com.restaurant.DAO.OrderDAOImpl]: PersistenceElement for private javax.persistence.EntityManager com.restaurant.DAO.OrderDAOImpl.em
21:48:27.348 [main]      DEBUG org.springframework.beans.factory.support.DefaultListableBeanFactory - Eagerly caching bean &apos;orderDAOImpl&apos; to allow for resolving potential circular references
21:48:27.352 [main]      DEBUG org.springframework.beans.factory.annotation.InjectionMetadata - Processing injected method of bean &apos;orderDAOImpl&apos;: PersistenceElement for private javax.persistence.EntityManager com.restaurant.DAO.OrderDAOImpl.em
21:48:27.353 [main]      DEBUG org.springframework.beans.factory.support.DefaultListableBeanFactory - Returning cached instance of singleton bean &apos;entityManagerFactory&apos;
21:48:27.353 [main]      DEBUG org.springframework.beans.factory.support.DefaultListableBeanFactory - Returning cached instance of singleton bean &apos;org.springframework.transaction.config.internalTransactionAdvisor&apos;
21:48:27.355 [main]      DEBUG org.springframework.beans.factory.support.DefaultListableBeanFactory - Finished creating instance of bean &apos;orderDAOImpl&apos;
21:48:27.356 [main]      DEBUG org.springframework.beans.factory.support.DefaultListableBeanFactory - Creating shared instance of singleton bean &apos;orderItemsDAOImpl&apos;
21:48:27.356 [main]      DEBUG org.springframework.beans.factory.support.DefaultListableBeanFactory - Creating instance of bean &apos;orderItemsDAOImpl&apos;
21:48:27.359 [main]      DEBUG org.springframework.beans.factory.annotation.InjectionMetadata - Registered injected element on class [com.restaurant.DAO.OrderItemsDAOImpl]: PersistenceElement for private javax.persistence.EntityManager com.restaurant.DAO.OrderItemsDAOImpl.em
21:48:27.360 [main]      DEBUG org.springframework.beans.factory.support.DefaultListableBeanFactory - Eagerly caching bean &apos;orderItemsDAOImpl&apos; to allow for resolving potential circular references
21:48:27.365 [main]      DEBUG org.springframework.beans.factory.annotation.InjectionMetadata - Processing injected method of bean &apos;orderItemsDAOImpl&apos;: PersistenceElement for private javax.persistence.EntityManager com.restaurant.DAO.OrderItemsDAOImpl.em
21:48:27.366 [main]      DEBUG org.springframework.beans.factory.support.DefaultListableBeanFactory - Returning cached instance of singleton bean &apos;entityManagerFactory&apos;
21:48:27.366 [main]      DEBUG org.springframework.beans.factory.support.DefaultListableBeanFactory - Returning cached instance of singleton bean &apos;org.springframework.transaction.config.internalTransactionAdvisor&apos;
21:48:27.369 [main]      DEBUG org.springframework.beans.factory.support.DefaultListableBeanFactory - Finished creating instance of bean &apos;orderItemsDAOImpl&apos;
21:48:27.369 [main]      DEBUG org.springframework.beans.factory.support.DefaultListableBeanFactory - Creating shared instance of singleton bean &apos;reportsDAOImpl&apos;
21:48:27.370 [main]      DEBUG org.springframework.beans.factory.support.DefaultListableBeanFactory - Creating instance of bean &apos;reportsDAOImpl&apos;
21:48:27.371 [main]      DEBUG org.springframework.beans.factory.annotation.InjectionMetadata - Registered injected element on class [com.restaurant.DAO.ReportsDAOImpl]: PersistenceElement for private javax.persistence.EntityManager com.restaurant.DAO.ReportsDAOImpl.em
21:48:27.374 [main]      DEBUG org.springframework.beans.factory.support.DefaultListableBeanFactory - Eagerly caching bean &apos;reportsDAOImpl&apos; to allow for resolving potential circular references
21:48:27.379 [main]      DEBUG org.springframework.beans.factory.annotation.InjectionMetadata - Processing injected method of bean &apos;reportsDAOImpl&apos;: PersistenceElement for private javax.persistence.EntityManager com.restaurant.DAO.ReportsDAOImpl.em
21:48:27.381 [main]      DEBUG org.springframework.beans.factory.support.DefaultListableBeanFactory - Returning cached instance of singleton bean &apos;entityManagerFactory&apos;
21:48:27.381 [main]      DEBUG org.springframework.beans.factory.support.DefaultListableBeanFactory - Returning cached instance of singleton bean &apos;org.springframework.transaction.config.internalTransactionAdvisor&apos;
21:48:27.383 [main]      DEBUG org.springframework.beans.factory.support.DefaultListableBeanFactory - Finished creating instance of bean &apos;reportsDAOImpl&apos;
21:48:27.383 [main]      DEBUG org.springframework.beans.factory.support.DefaultListableBeanFactory - Creating shared instance of singleton bean &apos;userDAOImpl&apos;
21:48:27.383 [main]      DEBUG org.springframework.beans.factory.support.DefaultListableBeanFactory - Creating instance of bean &apos;userDAOImpl&apos;
21:48:27.385 [main]      DEBUG org.springframework.beans.factory.annotation.InjectionMetadata - Registered injected element on class [com.restaurant.DAO.UserDAOImpl]: PersistenceElement for private javax.persistence.EntityManager com.restaurant.DAO.UserDAOImpl.em
21:48:27.386 [main]      DEBUG org.springframework.beans.factory.support.DefaultListableBeanFactory - Eagerly caching bean &apos;userDAOImpl&apos; to allow for resolving potential circular references
21:48:27.390 [main]      DEBUG org.springframework.beans.factory.annotation.InjectionMetadata - Processing injected method of bean &apos;userDAOImpl&apos;: PersistenceElement for private javax.persistence.EntityManager com.restaurant.DAO.UserDAOImpl.em
21:48:27.391 [main]      DEBUG org.springframework.beans.factory.support.DefaultListableBeanFactory - Returning cached instance of singleton bean &apos;entityManagerFactory&apos;
21:48:27.392 [main]      DEBUG org.springframework.beans.factory.support.DefaultListableBeanFactory - Returning cached instance of singleton bean &apos;org.springframework.transaction.config.internalTransactionAdvisor&apos;
21:48:27.394 [main]      DEBUG org.springframework.beans.factory.support.DefaultListableBeanFactory - Finished creating instance of bean &apos;userDAOImpl&apos;
21:48:27.394 [main]      DEBUG org.springframework.beans.factory.support.DefaultListableBeanFactory - Creating shared instance of singleton bean &apos;adminController&apos;
21:48:27.394 [main]      DEBUG org.springframework.beans.factory.support.DefaultListableBeanFactory - Creating instance of bean &apos;adminController&apos;
21:48:27.398 [main]      DEBUG org.springframework.beans.factory.support.DefaultListableBeanFactory - Eagerly caching bean &apos;adminController&apos; to allow for resolving potential circular references
21:48:27.402 [main]      DEBUG org.springframework.beans.factory.support.DefaultListableBeanFactory - Returning cached instance of singleton bean &apos;org.springframework.transaction.config.internalTransactionAdvisor&apos;
21:48:27.413 [main]      DEBUG org.springframework.beans.factory.support.DefaultListableBeanFactory - Finished creating instance of bean &apos;adminController&apos;
21:48:27.414 [main]      DEBUG org.springframework.beans.factory.support.DefaultListableBeanFactory - Creating shared instance of singleton bean &apos;enumBean&apos;
21:48:27.414 [main]      DEBUG org.springframework.beans.factory.support.DefaultListableBeanFactory - Creating instance of bean &apos;enumBean&apos;
21:48:27.416 [main]      DEBUG org.springframework.beans.factory.support.DefaultListableBeanFactory - Eagerly caching bean &apos;enumBean&apos; to allow for resolving potential circular references
21:48:27.427 [main]      DEBUG org.springframework.beans.factory.support.DefaultListableBeanFactory - Returning cached instance of singleton bean &apos;org.springframework.transaction.config.internalTransactionAdvisor&apos;
21:48:27.431 [main]      DEBUG org.springframework.beans.factory.support.DefaultListableBeanFactory - Finished creating instance of bean &apos;enumBean&apos;
21:48:27.431 [main]      DEBUG org.springframework.beans.factory.support.DefaultListableBeanFactory - Creating shared instance of singleton bean &apos;administratorServiceImpl&apos;
21:48:27.433 [main]      DEBUG org.springframework.beans.factory.support.DefaultListableBeanFactory - Creating instance of bean &apos;administratorServiceImpl&apos;
21:48:27.441 [main]      DEBUG org.springframework.beans.factory.annotation.InjectionMetadata - Registered injected element on class [com.restaurant.services.AdministratorServiceImpl]: AutowiredFieldElement for private com.restaurant.DAO.LoginDAO com.restaurant.services.AdministratorServiceImpl.loginDAO
21:48:27.442 [main]      DEBUG org.springframework.beans.factory.annotation.InjectionMetadata - Registered injected element on class [com.restaurant.services.AdministratorServiceImpl]: AutowiredFieldElement for private com.restaurant.DAO.DishDAO com.restaurant.services.AdministratorServiceImpl.dishDAO
21:48:27.442 [main]      DEBUG org.springframework.beans.factory.annotation.InjectionMetadata - Registered injected element on class [com.restaurant.services.AdministratorServiceImpl]: AutowiredFieldElement for private com.restaurant.DAO.CategoryDAO com.restaurant.services.AdministratorServiceImpl.catDAO
21:48:27.442 [main]      DEBUG org.springframework.beans.factory.support.DefaultListableBeanFactory - Eagerly caching bean &apos;administratorServiceImpl&apos; to allow for resolving potential circular references
21:48:27.446 [main]      DEBUG org.springframework.beans.factory.annotation.InjectionMetadata - Processing injected method of bean &apos;administratorServiceImpl&apos;: AutowiredFieldElement for private com.restaurant.DAO.LoginDAO com.restaurant.services.AdministratorServiceImpl.loginDAO
21:48:27.450 [main]      DEBUG org.springframework.beans.factory.support.DefaultListableBeanFactory - Returning cached instance of singleton bean &apos;loginDAOImpl&apos;
21:48:27.453 [main]      DEBUG org.springframework.beans.factory.annotation.AutowiredAnnotationBeanPostProcessor - Autowiring by type from bean name &apos;administratorServiceImpl&apos; to bean named &apos;loginDAOImpl&apos;
21:48:27.454 [main]      DEBUG org.springframework.beans.factory.annotation.InjectionMetadata - Processing injected method of bean &apos;administratorServiceImpl&apos;: AutowiredFieldElement for private com.restaurant.DAO.DishDAO com.restaurant.services.AdministratorServiceImpl.dishDAO
21:48:27.455 [main]      DEBUG org.springframework.beans.factory.support.DefaultListableBeanFactory - Returning cached instance of singleton bean &apos;dishDAOImpl&apos;
21:48:27.455 [main]      DEBUG org.springframework.beans.factory.annotation.AutowiredAnnotationBeanPostProcessor - Autowiring by type from bean name &apos;administratorServiceImpl&apos; to bean named &apos;dishDAOImpl&apos;
21:48:27.456 [main]      DEBUG org.springframework.beans.factory.annotation.InjectionMetadata - Processing injected method of bean &apos;administratorServiceImpl&apos;: AutowiredFieldElement for private com.restaurant.DAO.CategoryDAO com.restaurant.services.AdministratorServiceImpl.catDAO
21:48:27.460 [main]      DEBUG org.springframework.beans.factory.support.DefaultListableBeanFactory - Returning cached instance of singleton bean &apos;categoryDAOImpl&apos;
21:48:27.465 [main]      DEBUG org.springframework.beans.factory.annotation.AutowiredAnnotationBeanPostProcessor - Autowiring by type from bean name &apos;administratorServiceImpl&apos; to bean named &apos;categoryDAOImpl&apos;
21:48:27.469 [main]      DEBUG org.springframework.beans.factory.support.DefaultListableBeanFactory - Returning cached instance of singleton bean &apos;org.springframework.transaction.config.internalTransactionAdvisor&apos;
21:48:27.473 [main]      DEBUG org.springframework.transaction.annotation.AnnotationTransactionAttributeSource - Adding transactional method &apos;AdministratorServiceImpl.saveDish&apos; with attribute: PROPAGATION_REQUIRED,ISOLATION_DEFAULT; &apos;&apos;
21:48:27.474 [main]      DEBUG org.springframework.aop.framework.autoproxy.InfrastructureAdvisorAutoProxyCreator - Creating implicit proxy for bean &apos;administratorServiceImpl&apos; with 0 common interceptors and 1 specific interceptors
21:48:27.474 [main]      DEBUG org.springframework.aop.framework.CglibAopProxy - Creating CGLIB proxy: target source is SingletonTargetSource for target object [com.restaurant.services.AdministratorServiceImpl@726386ed]
21:48:27.477 [main]      DEBUG org.springframework.aop.framework.CglibAopProxy - Unable to apply any optimisations to advised method: public com.restaurant.entities.Category com.restaurant.services.AdministratorServiceImpl.findByName(java.lang.String)
21:48:27.478 [main]      DEBUG org.springframework.aop.framework.CglibAopProxy - Unable to apply any optimisations to advised method: public com.restaurant.entities.User com.restaurant.services.AdministratorServiceImpl.login(java.lang.String,java.lang.String)
21:48:27.481 [main]      DEBUG org.springframework.transaction.annotation.AnnotationTransactionAttributeSource - Adding transactional method &apos;AdministratorServiceImpl.saveDish&apos; with attribute: PROPAGATION_REQUIRED,ISOLATION_DEFAULT; &apos;&apos;
21:48:27.482 [main]      DEBUG org.springframework.aop.framework.CglibAopProxy - Unable to apply any optimisations to advised method: public void com.restaurant.services.AdministratorServiceImpl.saveDish(com.restaurant.entities.Dish)
21:48:27.483 [main]      DEBUG org.springframework.transaction.annotation.AnnotationTransactionAttributeSource - Adding transactional method &apos;AdministratorServiceImpl.deleteCategory&apos; with attribute: PROPAGATION_REQUIRED,ISOLATION_DEFAULT; &apos;&apos;
21:48:27.483 [main]      DEBUG org.springframework.aop.framework.CglibAopProxy - Unable to apply any optimisations to advised method: public void com.restaurant.services.AdministratorServiceImpl.deleteCategory(int)
21:48:27.483 [main]      DEBUG org.springframework.aop.framework.CglibAopProxy - Unable to apply any optimisations to advised method: public java.util.List com.restaurant.services.AdministratorServiceImpl.findAllCategory()
21:48:27.485 [main]      DEBUG org.springframework.transaction.annotation.AnnotationTransactionAttributeSource - Adding transactional method &apos;AdministratorServiceImpl.addCategory&apos; with attribute: PROPAGATION_REQUIRED,ISOLATION_DEFAULT; &apos;&apos;
21:48:27.485 [main]      DEBUG org.springframework.aop.framework.CglibAopProxy - Unable to apply any optimisations to advised method: public void com.restaurant.services.AdministratorServiceImpl.addCategory(com.restaurant.entities.Category)
21:48:27.486 [main]      DEBUG org.springframework.aop.framework.CglibAopProxy - Unable to apply any optimisations to advised method: public com.restaurant.entities.Category com.restaurant.services.AdministratorServiceImpl.findCategoryByID(int)
21:48:27.486 [main]      DEBUG org.springframework.aop.framework.CglibAopProxy - Unable to apply any optimisations to advised method: public java.util.List com.restaurant.services.AdministratorServiceImpl.findAllDish()
21:48:27.487 [main]      DEBUG org.springframework.aop.framework.CglibAopProxy - Unable to apply any optimisations to advised method: public com.restaurant.entities.Dish com.restaurant.services.AdministratorServiceImpl.findDishByID(int)
21:48:27.489 [main]      DEBUG org.springframework.transaction.annotation.AnnotationTransactionAttributeSource - Adding transactional method &apos;AdministratorServiceImpl.changeStatusOfDish&apos; with attribute: PROPAGATION_REQUIRED,ISOLATION_DEFAULT; &apos;&apos;
21:48:27.490 [main]      DEBUG org.springframework.aop.framework.CglibAopProxy - Unable to apply any optimisations to advised method: public void com.restaurant.services.AdministratorServiceImpl.changeStatusOfDish(com.restaurant.entities.Dish,boolean)
21:48:27.490 [main]      DEBUG org.springframework.aop.framework.CglibAopProxy - Found finalize() method - using NO_OVERRIDE
21:48:27.490 [main]      DEBUG org.springframework.aop.framework.CglibAopProxy - Found &apos;equals&apos; method: public boolean java.lang.Object.equals(java.lang.Object)
21:48:27.491 [main]      DEBUG org.springframework.aop.framework.CglibAopProxy - Unable to apply any optimisations to advised method: public java.lang.String java.lang.Object.toString()
21:48:27.491 [main]      DEBUG org.springframework.aop.framework.CglibAopProxy - Found &apos;hashCode&apos; method: public native int java.lang.Object.hashCode()
21:48:27.492 [main]      DEBUG org.springframework.aop.framework.CglibAopProxy - Unable to apply any optimisations to advised method: protected native java.lang.Object java.lang.Object.clone() throws java.lang.CloneNotSupportedException
21:48:27.492 [main]      DEBUG org.springframework.aop.framework.CglibAopProxy - Method is declared on Advised interface: public abstract int org.springframework.aop.framework.Advised.indexOf(org.aopalliance.aop.Advice)
21:48:27.492 [main]      DEBUG org.springframework.aop.framework.CglibAopProxy - Method is declared on Advised interface: public abstract int org.springframework.aop.framework.Advised.indexOf(org.springframework.aop.Advisor)
21:48:27.493 [main]      DEBUG org.springframework.aop.framework.CglibAopProxy - Method is declared on Advised interface: public abstract boolean org.springframework.aop.framework.Advised.isFrozen()
21:48:27.493 [main]      DEBUG org.springframework.aop.framework.CglibAopProxy - Method is declared on Advised interface: public abstract boolean org.springframework.aop.framework.Advised.isProxyTargetClass()
21:48:27.493 [main]      DEBUG org.springframework.aop.framework.CglibAopProxy - Method is declared on Advised interface: public abstract void org.springframework.aop.framework.Advised.setTargetSource(org.springframework.aop.TargetSource)
21:48:27.494 [main]      DEBUG org.springframework.aop.framework.CglibAopProxy - Method is declared on Advised interface: public abstract org.springframework.aop.TargetSource org.springframework.aop.framework.Advised.getTargetSource()
21:48:27.495 [main]      DEBUG org.springframework.aop.framework.CglibAopProxy - Method is declared on Advised interface: public abstract void org.springframework.aop.framework.Advised.addAdvisor(int,org.springframework.aop.Advisor) throws org.springframework.aop.framework.AopConfigException
21:48:27.495 [main]      DEBUG org.springframework.aop.framework.CglibAopProxy - Method is declared on Advised interface: public abstract void org.springframework.aop.framework.Advised.addAdvisor(org.springframework.aop.Advisor) throws org.springframework.aop.framework.AopConfigException
21:48:27.495 [main]      DEBUG org.springframework.aop.framework.CglibAopProxy - Method is declared on Advised interface: public abstract void org.springframework.aop.framework.Advised.setPreFiltered(boolean)
21:48:27.496 [main]      DEBUG org.springframework.aop.framework.CglibAopProxy - Method is declared on Advised interface: public abstract void org.springframework.aop.framework.Advised.setExposeProxy(boolean)
21:48:27.496 [main]      DEBUG org.springframework.aop.framework.CglibAopProxy - Method is declared on Advised interface: public abstract boolean org.springframework.aop.framework.Advised.isExposeProxy()
21:48:27.496 [main]      DEBUG org.springframework.aop.framework.CglibAopProxy - Method is declared on Advised interface: public abstract java.lang.Class[] org.springframework.aop.framework.Advised.getProxiedInterfaces()
21:48:27.497 [main]      DEBUG org.springframework.aop.framework.CglibAopProxy - Method is declared on Advised interface: public abstract boolean org.springframework.aop.framework.Advised.isInterfaceProxied(java.lang.Class)
21:48:27.497 [main]      DEBUG org.springframework.aop.framework.CglibAopProxy - Method is declared on Advised interface: public abstract java.lang.String org.springframework.aop.framework.Advised.toProxyConfigString()
21:48:27.497 [main]      DEBUG org.springframework.aop.framework.CglibAopProxy - Method is declared on Advised interface: public abstract void org.springframework.aop.framework.Advised.addAdvice(int,org.aopalliance.aop.Advice) throws org.springframework.aop.framework.AopConfigException
21:48:27.498 [main]      DEBUG org.springframework.aop.framework.CglibAopProxy - Method is declared on Advised interface: public abstract void org.springframework.aop.framework.Advised.addAdvice(org.aopalliance.aop.Advice) throws org.springframework.aop.framework.AopConfigException
21:48:27.499 [main]      DEBUG org.springframework.aop.framework.CglibAopProxy - Method is declared on Advised interface: public abstract boolean org.springframework.aop.framework.Advised.isPreFiltered()
21:48:27.499 [main]      DEBUG org.springframework.aop.framework.CglibAopProxy - Method is declared on Advised interface: public abstract org.springframework.aop.Advisor[] org.springframework.aop.framework.Advised.getAdvisors()
21:48:27.500 [main]      DEBUG org.springframework.aop.framework.CglibAopProxy - Method is declared on Advised interface: public abstract boolean org.springframework.aop.framework.Advised.removeAdvisor(org.springframework.aop.Advisor)
21:48:27.500 [main]      DEBUG org.springframework.aop.framework.CglibAopProxy - Method is declared on Advised interface: public abstract void org.springframework.aop.framework.Advised.removeAdvisor(int) throws org.springframework.aop.framework.AopConfigException
21:48:27.501 [main]      DEBUG org.springframework.aop.framework.CglibAopProxy - Method is declared on Advised interface: public abstract boolean org.springframework.aop.framework.Advised.replaceAdvisor(org.springframework.aop.Advisor,org.springframework.aop.Advisor) throws org.springframework.aop.framework.AopConfigException
21:48:27.501 [main]      DEBUG org.springframework.aop.framework.CglibAopProxy - Method is declared on Advised interface: public abstract boolean org.springframework.aop.framework.Advised.removeAdvice(org.aopalliance.aop.Advice)
21:48:27.501 [main]      DEBUG org.springframework.aop.framework.CglibAopProxy - Method is declared on Advised interface: public abstract java.lang.Class org.springframework.aop.TargetClassAware.getTargetClass()
21:48:27.539 [main]      DEBUG org.springframework.beans.factory.support.DefaultListableBeanFactory - Finished creating instance of bean &apos;administratorServiceImpl&apos;
21:48:27.540 [main]      DEBUG org.springframework.beans.factory.support.DefaultListableBeanFactory - Creating shared instance of singleton bean &apos;analystServiceImpl&apos;
21:48:27.540 [main]      DEBUG org.springframework.beans.factory.support.DefaultListableBeanFactory - Creating instance of bean &apos;analystServiceImpl&apos;
21:48:27.542 [main]      DEBUG org.springframework.beans.factory.annotation.InjectionMetadata - Registered injected element on class [com.restaurant.services.AnalystServiceImpl]: AutowiredFieldElement for private com.restaurant.DAO.ReportsDAO com.restaurant.services.AnalystServiceImpl.reportsDAO
21:48:27.542 [main]      DEBUG org.springframework.beans.factory.annotation.InjectionMetadata - Registered injected element on class [com.restaurant.services.AnalystServiceImpl]: AutowiredFieldElement for private com.restaurant.DAO.LoginDAO com.restaurant.services.AnalystServiceImpl.loginDAO
21:48:27.543 [main]      DEBUG org.springframework.beans.factory.support.DefaultListableBeanFactory - Eagerly caching bean &apos;analystServiceImpl&apos; to allow for resolving potential circular references
21:48:27.545 [main]      DEBUG org.springframework.beans.factory.annotation.InjectionMetadata - Processing injected method of bean &apos;analystServiceImpl&apos;: AutowiredFieldElement for private com.restaurant.DAO.ReportsDAO com.restaurant.services.AnalystServiceImpl.reportsDAO
21:48:27.546 [main]      DEBUG org.springframework.beans.factory.support.DefaultListableBeanFactory - Returning cached instance of singleton bean &apos;reportsDAOImpl&apos;
21:48:27.547 [main]      DEBUG org.springframework.beans.factory.annotation.AutowiredAnnotationBeanPostProcessor - Autowiring by type from bean name &apos;analystServiceImpl&apos; to bean named &apos;reportsDAOImpl&apos;
21:48:27.547 [main]      DEBUG org.springframework.beans.factory.annotation.InjectionMetadata - Processing injected method of bean &apos;analystServiceImpl&apos;: AutowiredFieldElement for private com.restaurant.DAO.LoginDAO com.restaurant.services.AnalystServiceImpl.loginDAO
21:48:27.548 [main]      DEBUG org.springframework.beans.factory.support.DefaultListableBeanFactory - Returning cached instance of singleton bean &apos;loginDAOImpl&apos;
21:48:27.548 [main]      DEBUG org.springframework.beans.factory.annotation.AutowiredAnnotationBeanPostProcessor - Autowiring by type from bean name &apos;analystServiceImpl&apos; to bean named &apos;loginDAOImpl&apos;
21:48:27.548 [main]      DEBUG org.springframework.beans.factory.support.DefaultListableBeanFactory - Returning cached instance of singleton bean &apos;org.springframework.transaction.config.internalTransactionAdvisor&apos;
21:48:27.550 [main]      DEBUG org.springframework.beans.factory.support.DefaultListableBeanFactory - Finished creating instance of bean &apos;analystServiceImpl&apos;
21:48:27.550 [main]      DEBUG org.springframework.beans.factory.support.DefaultListableBeanFactory - Creating shared instance of singleton bean &apos;customerServiceImpl&apos;
21:48:27.550 [main]      DEBUG org.springframework.beans.factory.support.DefaultListableBeanFactory - Creating instance of bean &apos;customerServiceImpl&apos;
21:48:27.557 [main]      DEBUG org.springframework.beans.factory.annotation.InjectionMetadata - Registered injected element on class [com.restaurant.services.CustomerServiceImpl]: AutowiredFieldElement for private com.restaurant.DAO.LoginDAO com.restaurant.services.CustomerServiceImpl.loginDAO
21:48:27.558 [main]      DEBUG org.springframework.beans.factory.annotation.InjectionMetadata - Registered injected element on class [com.restaurant.services.CustomerServiceImpl]: AutowiredFieldElement for private com.restaurant.DAO.OrderDAO com.restaurant.services.CustomerServiceImpl.orderDAO
21:48:27.558 [main]      DEBUG org.springframework.beans.factory.annotation.InjectionMetadata - Registered injected element on class [com.restaurant.services.CustomerServiceImpl]: AutowiredFieldElement for private com.restaurant.DAO.DishDAO com.restaurant.services.CustomerServiceImpl.dishDAO
21:48:27.562 [main]      DEBUG org.springframework.beans.factory.annotation.InjectionMetadata - Registered injected element on class [com.restaurant.services.CustomerServiceImpl]: AutowiredFieldElement for private com.restaurant.DAO.OrderItemsDAO com.restaurant.services.CustomerServiceImpl.ordItemDAO
21:48:27.563 [main]      DEBUG org.springframework.beans.factory.support.DefaultListableBeanFactory - Eagerly caching bean &apos;customerServiceImpl&apos; to allow for resolving potential circular references
21:48:27.566 [main]      DEBUG org.springframework.beans.factory.annotation.InjectionMetadata - Processing injected method of bean &apos;customerServiceImpl&apos;: AutowiredFieldElement for private com.restaurant.DAO.LoginDAO com.restaurant.services.CustomerServiceImpl.loginDAO
21:48:27.567 [main]      DEBUG org.springframework.beans.factory.support.DefaultListableBeanFactory - Returning cached instance of singleton bean &apos;loginDAOImpl&apos;
21:48:27.567 [main]      DEBUG org.springframework.beans.factory.annotation.AutowiredAnnotationBeanPostProcessor - Autowiring by type from bean name &apos;customerServiceImpl&apos; to bean named &apos;loginDAOImpl&apos;
21:48:27.567 [main]      DEBUG org.springframework.beans.factory.annotation.InjectionMetadata - Processing injected method of bean &apos;customerServiceImpl&apos;: AutowiredFieldElement for private com.restaurant.DAO.OrderDAO com.restaurant.services.CustomerServiceImpl.orderDAO
21:48:27.570 [main]      DEBUG org.springframework.beans.factory.support.DefaultListableBeanFactory - Returning cached instance of singleton bean &apos;orderDAOImpl&apos;
21:48:27.570 [main]      DEBUG org.springframework.beans.factory.annotation.AutowiredAnnotationBeanPostProcessor - Autowiring by type from bean name &apos;customerServiceImpl&apos; to bean named &apos;orderDAOImpl&apos;
21:48:27.571 [main]      DEBUG org.springframework.beans.factory.annotation.InjectionMetadata - Processing injected method of bean &apos;customerServiceImpl&apos;: AutowiredFieldElement for private com.restaurant.DAO.DishDAO com.restaurant.services.CustomerServiceImpl.dishDAO
21:48:27.571 [main]      DEBUG org.springframework.beans.factory.support.DefaultListableBeanFactory - Returning cached instance of singleton bean &apos;dishDAOImpl&apos;
21:48:27.571 [main]      DEBUG org.springframework.beans.factory.annotation.AutowiredAnnotationBeanPostProcessor - Autowiring by type from bean name &apos;customerServiceImpl&apos; to bean named &apos;dishDAOImpl&apos;
21:48:27.572 [main]      DEBUG org.springframework.beans.factory.annotation.InjectionMetadata - Processing injected method of bean &apos;customerServiceImpl&apos;: AutowiredFieldElement for private com.restaurant.DAO.OrderItemsDAO com.restaurant.services.CustomerServiceImpl.ordItemDAO
21:48:27.573 [main]      DEBUG org.springframework.beans.factory.support.DefaultListableBeanFactory - Returning cached instance of singleton bean &apos;orderItemsDAOImpl&apos;
21:48:27.573 [main]      DEBUG org.springframework.beans.factory.annotation.AutowiredAnnotationBeanPostProcessor - Autowiring by type from bean name &apos;customerServiceImpl&apos; to bean named &apos;orderItemsDAOImpl&apos;
21:48:27.573 [main]      DEBUG org.springframework.beans.factory.support.DefaultListableBeanFactory - Returning cached instance of singleton bean &apos;org.springframework.transaction.config.internalTransactionAdvisor&apos;
21:48:27.576 [main]      DEBUG org.springframework.transaction.annotation.AnnotationTransactionAttributeSource - Adding transactional method &apos;CustomerServiceImpl.saveOrder&apos; with attribute: PROPAGATION_REQUIRED,ISOLATION_DEFAULT; &apos;&apos;
21:48:27.577 [main]      DEBUG org.springframework.aop.framework.autoproxy.InfrastructureAdvisorAutoProxyCreator - Creating implicit proxy for bean &apos;customerServiceImpl&apos; with 0 common interceptors and 1 specific interceptors
21:48:27.577 [main]      DEBUG org.springframework.aop.framework.CglibAopProxy - Creating CGLIB proxy: target source is SingletonTargetSource for target object [com.restaurant.services.CustomerServiceImpl@70e659aa]
21:48:27.632 [main]      DEBUG org.springframework.aop.framework.CglibAopProxy - Unable to apply any optimisations to advised method: public com.restaurant.entities.User com.restaurant.services.CustomerServiceImpl.login(java.lang.String,java.lang.String)
21:48:27.633 [main]      DEBUG org.springframework.aop.framework.CglibAopProxy - Unable to apply any optimisations to advised method: public java.util.List com.restaurant.services.CustomerServiceImpl.findAll()
21:48:27.633 [main]      DEBUG org.springframework.aop.framework.CglibAopProxy - Unable to apply any optimisations to advised method: public void com.restaurant.services.CustomerServiceImpl.saveOrder(com.restaurant.entities.Order)
21:48:27.634 [main]      DEBUG org.springframework.aop.framework.CglibAopProxy - Unable to apply any optimisations to advised method: public java.util.List com.restaurant.services.CustomerServiceImpl.findByCustomer(int)
21:48:27.635 [main]      DEBUG org.springframework.aop.framework.CglibAopProxy - Unable to apply any optimisations to advised method: public com.restaurant.entities.Dish com.restaurant.services.CustomerServiceImpl.findDishById(int)
21:48:27.635 [main]      DEBUG org.springframework.aop.framework.CglibAopProxy - Unable to apply any optimisations to advised method: public java.util.List com.restaurant.services.CustomerServiceImpl.findAllDishes()
21:48:27.636 [main]      DEBUG org.springframework.aop.framework.CglibAopProxy - Found finalize() method - using NO_OVERRIDE
21:48:27.636 [main]      DEBUG org.springframework.aop.framework.CglibAopProxy - Found &apos;equals&apos; method: public boolean java.lang.Object.equals(java.lang.Object)
21:48:27.636 [main]      DEBUG org.springframework.aop.framework.CglibAopProxy - Unable to apply any optimisations to advised method: public java.lang.String java.lang.Object.toString()
21:48:27.637 [main]      DEBUG org.springframework.aop.framework.CglibAopProxy - Found &apos;hashCode&apos; method: public native int java.lang.Object.hashCode()
21:48:27.642 [main]      DEBUG org.springframework.aop.framework.CglibAopProxy - Unable to apply any optimisations to advised method: protected native java.lang.Object java.lang.Object.clone() throws java.lang.CloneNotSupportedException
21:48:27.642 [main]      DEBUG org.springframework.aop.framework.CglibAopProxy - Method is declared on Advised interface: public abstract int org.springframework.aop.framework.Advised.indexOf(org.aopalliance.aop.Advice)
21:48:27.643 [main]      DEBUG org.springframework.aop.framework.CglibAopProxy - Method is declared on Advised interface: public abstract int org.springframework.aop.framework.Advised.indexOf(org.springframework.aop.Advisor)
21:48:27.643 [main]      DEBUG org.springframework.aop.framework.CglibAopProxy - Method is declared on Advised interface: public abstract boolean org.springframework.aop.framework.Advised.isFrozen()
21:48:27.643 [main]      DEBUG org.springframework.aop.framework.CglibAopProxy - Method is declared on Advised interface: public abstract boolean org.springframework.aop.framework.Advised.isProxyTargetClass()
21:48:27.644 [main]      DEBUG org.springframework.aop.framework.CglibAopProxy - Method is declared on Advised interface: public abstract void org.springframework.aop.framework.Advised.setTargetSource(org.springframework.aop.TargetSource)
21:48:27.644 [main]      DEBUG org.springframework.aop.framework.CglibAopProxy - Method is declared on Advised interface: public abstract org.springframework.aop.TargetSource org.springframework.aop.framework.Advised.getTargetSource()
21:48:27.644 [main]      DEBUG org.springframework.aop.framework.CglibAopProxy - Method is declared on Advised interface: public abstract void org.springframework.aop.framework.Advised.addAdvisor(int,org.springframework.aop.Advisor) throws org.springframework.aop.framework.AopConfigException
21:48:27.644 [main]      DEBUG org.springframework.aop.framework.CglibAopProxy - Method is declared on Advised interface: public abstract void org.springframework.aop.framework.Advised.addAdvisor(org.springframework.aop.Advisor) throws org.springframework.aop.framework.AopConfigException
21:48:27.645 [main]      DEBUG org.springframework.aop.framework.CglibAopProxy - Method is declared on Advised interface: public abstract void org.springframework.aop.framework.Advised.setPreFiltered(boolean)
21:48:27.645 [main]      DEBUG org.springframework.aop.framework.CglibAopProxy - Method is declared on Advised interface: public abstract void org.springframework.aop.framework.Advised.setExposeProxy(boolean)
21:48:27.645 [main]      DEBUG org.springframework.aop.framework.CglibAopProxy - Method is declared on Advised interface: public abstract boolean org.springframework.aop.framework.Advised.isExposeProxy()
21:48:27.646 [main]      DEBUG org.springframework.aop.framework.CglibAopProxy - Method is declared on Advised interface: public abstract java.lang.Class[] org.springframework.aop.framework.Advised.getProxiedInterfaces()
21:48:27.646 [main]      DEBUG org.springframework.aop.framework.CglibAopProxy - Method is declared on Advised interface: public abstract boolean org.springframework.aop.framework.Advised.isInterfaceProxied(java.lang.Class)
21:48:27.646 [main]      DEBUG org.springframework.aop.framework.CglibAopProxy - Method is declared on Advised interface: public abstract java.lang.String org.springframework.aop.framework.Advised.toProxyConfigString()
21:48:27.647 [main]      DEBUG org.springframework.aop.framework.CglibAopProxy - Method is declared on Advised interface: public abstract void org.springframework.aop.framework.Advised.addAdvice(int,org.aopalliance.aop.Advice) throws org.springframework.aop.framework.AopConfigException
21:48:27.647 [main]      DEBUG org.springframework.aop.framework.CglibAopProxy - Method is declared on Advised interface: public abstract void org.springframework.aop.framework.Advised.addAdvice(org.aopalliance.aop.Advice) throws org.springframework.aop.framework.AopConfigException
21:48:27.647 [main]      DEBUG org.springframework.aop.framework.CglibAopProxy - Method is declared on Advised interface: public abstract boolean org.springframework.aop.framework.Advised.isPreFiltered()
21:48:27.647 [main]      DEBUG org.springframework.aop.framework.CglibAopProxy - Method is declared on Advised interface: public abstract org.springframework.aop.Advisor[] org.springframework.aop.framework.Advised.getAdvisors()
21:48:27.648 [main]      DEBUG org.springframework.aop.framework.CglibAopProxy - Method is declared on Advised interface: public abstract boolean org.springframework.aop.framework.Advised.removeAdvisor(org.springframework.aop.Advisor)
21:48:27.648 [main]      DEBUG org.springframework.aop.framework.CglibAopProxy - Method is declared on Advised interface: public abstract void org.springframework.aop.framework.Advised.removeAdvisor(int) throws org.springframework.aop.framework.AopConfigException
21:48:27.648 [main]      DEBUG org.springframework.aop.framework.CglibAopProxy - Method is declared on Advised interface: public abstract boolean org.springframework.aop.framework.Advised.replaceAdvisor(org.springframework.aop.Advisor,org.springframework.aop.Advisor) throws org.springframework.aop.framework.AopConfigException
21:48:27.649 [main]      DEBUG org.springframework.aop.framework.CglibAopProxy - Method is declared on Advised interface: public abstract boolean org.springframework.aop.framework.Advised.removeAdvice(org.aopalliance.aop.Advice)
21:48:27.649 [main]      DEBUG org.springframework.aop.framework.CglibAopProxy - Method is declared on Advised interface: public abstract java.lang.Class org.springframework.aop.TargetClassAware.getTargetClass()
21:48:27.676 [main]      DEBUG org.springframework.beans.factory.support.DefaultListableBeanFactory - Finished creating instance of bean &apos;customerServiceImpl&apos;
21:48:27.677 [main]      DEBUG org.springframework.beans.factory.support.DefaultListableBeanFactory - Creating shared instance of singleton bean &apos;deliveryStaffServiceImpl&apos;
21:48:27.677 [main]      DEBUG org.springframework.beans.factory.support.DefaultListableBeanFactory - Creating instance of bean &apos;deliveryStaffServiceImpl&apos;
21:48:27.685 [main]      DEBUG org.springframework.beans.factory.annotation.InjectionMetadata - Registered injected element on class [com.restaurant.services.DeliveryStaffServiceImpl]: AutowiredFieldElement for private com.restaurant.DAO.LoginDAO com.restaurant.services.DeliveryStaffServiceImpl.loginDAO
21:48:27.685 [main]      DEBUG org.springframework.beans.factory.annotation.InjectionMetadata - Registered injected element on class [com.restaurant.services.DeliveryStaffServiceImpl]: AutowiredFieldElement for private com.restaurant.DAO.OrderDAO com.restaurant.services.DeliveryStaffServiceImpl.orderDAO
21:48:27.686 [main]      DEBUG org.springframework.beans.factory.support.DefaultListableBeanFactory - Eagerly caching bean &apos;deliveryStaffServiceImpl&apos; to allow for resolving potential circular references
21:48:27.688 [main]      DEBUG org.springframework.beans.factory.annotation.InjectionMetadata - Processing injected method of bean &apos;deliveryStaffServiceImpl&apos;: AutowiredFieldElement for private com.restaurant.DAO.LoginDAO com.restaurant.services.DeliveryStaffServiceImpl.loginDAO
21:48:27.689 [main]      DEBUG org.springframework.beans.factory.support.DefaultListableBeanFactory - Returning cached instance of singleton bean &apos;loginDAOImpl&apos;
21:48:27.692 [main]      DEBUG org.springframework.beans.factory.annotation.AutowiredAnnotationBeanPostProcessor - Autowiring by type from bean name &apos;deliveryStaffServiceImpl&apos; to bean named &apos;loginDAOImpl&apos;
21:48:27.693 [main]      DEBUG org.springframework.beans.factory.annotation.InjectionMetadata - Processing injected method of bean &apos;deliveryStaffServiceImpl&apos;: AutowiredFieldElement for private com.restaurant.DAO.OrderDAO com.restaurant.services.DeliveryStaffServiceImpl.orderDAO
21:48:27.694 [main]      DEBUG org.springframework.beans.factory.support.DefaultListableBeanFactory - Returning cached instance of singleton bean &apos;orderDAOImpl&apos;
21:48:27.694 [main]      DEBUG org.springframework.beans.factory.annotation.AutowiredAnnotationBeanPostProcessor - Autowiring by type from bean name &apos;deliveryStaffServiceImpl&apos; to bean named &apos;orderDAOImpl&apos;
21:48:27.695 [main]      DEBUG org.springframework.beans.factory.support.DefaultListableBeanFactory - Returning cached instance of singleton bean &apos;org.springframework.transaction.config.internalTransactionAdvisor&apos;
21:48:27.698 [main]      DEBUG org.springframework.transaction.annotation.AnnotationTransactionAttributeSource - Adding transactional method &apos;DeliveryStaffServiceImpl.shipOrder&apos; with attribute: PROPAGATION_REQUIRED,ISOLATION_DEFAULT; &apos;&apos;
21:48:27.698 [main]      DEBUG org.springframework.aop.framework.autoproxy.InfrastructureAdvisorAutoProxyCreator - Creating implicit proxy for bean &apos;deliveryStaffServiceImpl&apos; with 0 common interceptors and 1 specific interceptors
21:48:27.699 [main]      DEBUG org.springframework.aop.framework.CglibAopProxy - Creating CGLIB proxy: target source is SingletonTargetSource for target object [com.restaurant.services.DeliveryStaffServiceImpl@1827a871]
21:48:27.702 [main]      DEBUG org.springframework.aop.framework.CglibAopProxy - Unable to apply any optimisations to advised method: public com.restaurant.entities.User com.restaurant.services.DeliveryStaffServiceImpl.login(java.lang.String,java.lang.String)
21:48:27.702 [main]      DEBUG org.springframework.aop.framework.CglibAopProxy - Unable to apply any optimisations to advised method: public com.restaurant.entities.Order com.restaurant.services.DeliveryStaffServiceImpl.findById(int)
21:48:27.704 [main]      DEBUG org.springframework.transaction.annotation.AnnotationTransactionAttributeSource - Adding transactional method &apos;DeliveryStaffServiceImpl.shipOrder&apos; with attribute: PROPAGATION_REQUIRED,ISOLATION_DEFAULT; &apos;&apos;
21:48:27.705 [main]      DEBUG org.springframework.aop.framework.CglibAopProxy - Unable to apply any optimisations to advised method: public void com.restaurant.services.DeliveryStaffServiceImpl.shipOrder(com.restaurant.entities.Order)
21:48:27.705 [main]      DEBUG org.springframework.transaction.annotation.AnnotationTransactionAttributeSource - Adding transactional method &apos;DeliveryStaffServiceImpl.markAsDelivered&apos; with attribute: PROPAGATION_REQUIRED,ISOLATION_DEFAULT; &apos;&apos;
21:48:27.706 [main]      DEBUG org.springframework.aop.framework.CglibAopProxy - Unable to apply any optimisations to advised method: public void com.restaurant.services.DeliveryStaffServiceImpl.markAsDelivered(com.restaurant.entities.Order)
21:48:27.706 [main]      DEBUG org.springframework.aop.framework.CglibAopProxy - Unable to apply any optimisations to advised method: public java.util.List com.restaurant.services.DeliveryStaffServiceImpl.getListOfOrdersByStatus()
21:48:27.707 [main]      DEBUG org.springframework.aop.framework.CglibAopProxy - Found finalize() method - using NO_OVERRIDE
21:48:27.707 [main]      DEBUG org.springframework.aop.framework.CglibAopProxy - Found &apos;equals&apos; method: public boolean java.lang.Object.equals(java.lang.Object)
21:48:27.707 [main]      DEBUG org.springframework.aop.framework.CglibAopProxy - Unable to apply any optimisations to advised method: public java.lang.String java.lang.Object.toString()
21:48:27.707 [main]      DEBUG org.springframework.aop.framework.CglibAopProxy - Found &apos;hashCode&apos; method: public native int java.lang.Object.hashCode()
21:48:27.708 [main]      DEBUG org.springframework.aop.framework.CglibAopProxy - Unable to apply any optimisations to advised method: protected native java.lang.Object java.lang.Object.clone() throws java.lang.CloneNotSupportedException
21:48:27.708 [main]      DEBUG org.springframework.aop.framework.CglibAopProxy - Method is declared on Advised interface: public abstract int org.springframework.aop.framework.Advised.indexOf(org.aopalliance.aop.Advice)
21:48:27.709 [main]      DEBUG org.springframework.aop.framework.CglibAopProxy - Method is declared on Advised interface: public abstract int org.springframework.aop.framework.Advised.indexOf(org.springframework.aop.Advisor)
21:48:27.709 [main]      DEBUG org.springframework.aop.framework.CglibAopProxy - Method is declared on Advised interface: public abstract boolean org.springframework.aop.framework.Advised.isFrozen()
21:48:27.709 [main]      DEBUG org.springframework.aop.framework.CglibAopProxy - Method is declared on Advised interface: public abstract boolean org.springframework.aop.framework.Advised.isProxyTargetClass()
21:48:27.709 [main]      DEBUG org.springframework.aop.framework.CglibAopProxy - Method is declared on Advised interface: public abstract void org.springframework.aop.framework.Advised.setTargetSource(org.springframework.aop.TargetSource)
21:48:27.710 [main]      DEBUG org.springframework.aop.framework.CglibAopProxy - Method is declared on Advised interface: public abstract org.springframework.aop.TargetSource org.springframework.aop.framework.Advised.getTargetSource()
21:48:27.710 [main]      DEBUG org.springframework.aop.framework.CglibAopProxy - Method is declared on Advised interface: public abstract void org.springframework.aop.framework.Advised.addAdvisor(int,org.springframework.aop.Advisor) throws org.springframework.aop.framework.AopConfigException
21:48:27.710 [main]      DEBUG org.springframework.aop.framework.CglibAopProxy - Method is declared on Advised interface: public abstract void org.springframework.aop.framework.Advised.addAdvisor(org.springframework.aop.Advisor) throws org.springframework.aop.framework.AopConfigException
21:48:27.711 [main]      DEBUG org.springframework.aop.framework.CglibAopProxy - Method is declared on Advised interface: public abstract void org.springframework.aop.framework.Advised.setPreFiltered(boolean)
21:48:27.711 [main]      DEBUG org.springframework.aop.framework.CglibAopProxy - Method is declared on Advised interface: public abstract void org.springframework.aop.framework.Advised.setExposeProxy(boolean)
21:48:27.711 [main]      DEBUG org.springframework.aop.framework.CglibAopProxy - Method is declared on Advised interface: public abstract boolean org.springframework.aop.framework.Advised.isExposeProxy()
21:48:27.712 [main]      DEBUG org.springframework.aop.framework.CglibAopProxy - Method is declared on Advised interface: public abstract java.lang.Class[] org.springframework.aop.framework.Advised.getProxiedInterfaces()
21:48:27.712 [main]      DEBUG org.springframework.aop.framework.CglibAopProxy - Method is declared on Advised interface: public abstract boolean org.springframework.aop.framework.Advised.isInterfaceProxied(java.lang.Class)
21:48:27.712 [main]      DEBUG org.springframework.aop.framework.CglibAopProxy - Method is declared on Advised interface: public abstract java.lang.String org.springframework.aop.framework.Advised.toProxyConfigString()
21:48:27.712 [main]      DEBUG org.springframework.aop.framework.CglibAopProxy - Method is declared on Advised interface: public abstract void org.springframework.aop.framework.Advised.addAdvice(int,org.aopalliance.aop.Advice) throws org.springframework.aop.framework.AopConfigException
21:48:27.713 [main]      DEBUG org.springframework.aop.framework.CglibAopProxy - Method is declared on Advised interface: public abstract void org.springframework.aop.framework.Advised.addAdvice(org.aopalliance.aop.Advice) throws org.springframework.aop.framework.AopConfigException
21:48:27.713 [main]      DEBUG org.springframework.aop.framework.CglibAopProxy - Method is declared on Advised interface: public abstract boolean org.springframework.aop.framework.Advised.isPreFiltered()
21:48:27.713 [main]      DEBUG org.springframework.aop.framework.CglibAopProxy - Method is declared on Advised interface: public abstract org.springframework.aop.Advisor[] org.springframework.aop.framework.Advised.getAdvisors()
21:48:27.748 [main]      DEBUG org.springframework.aop.framework.CglibAopProxy - Method is declared on Advised interface: public abstract boolean org.springframework.aop.framework.Advised.removeAdvisor(org.springframework.aop.Advisor)
21:48:27.748 [main]      DEBUG org.springframework.aop.framework.CglibAopProxy - Method is declared on Advised interface: public abstract void org.springframework.aop.framework.Advised.removeAdvisor(int) throws org.springframework.aop.framework.AopConfigException
21:48:27.749 [main]      DEBUG org.springframework.aop.framework.CglibAopProxy - Method is declared on Advised interface: public abstract boolean org.springframework.aop.framework.Advised.replaceAdvisor(org.springframework.aop.Advisor,org.springframework.aop.Advisor) throws org.springframework.aop.framework.AopConfigException
21:48:27.749 [main]      DEBUG org.springframework.aop.framework.CglibAopProxy - Method is declared on Advised interface: public abstract boolean org.springframework.aop.framework.Advised.removeAdvice(org.aopalliance.aop.Advice)
21:48:27.749 [main]      DEBUG org.springframework.aop.framework.CglibAopProxy - Method is declared on Advised interface: public abstract java.lang.Class org.springframework.aop.TargetClassAware.getTargetClass()
21:48:27.763 [main]      DEBUG org.springframework.beans.factory.support.DefaultListableBeanFactory - Finished creating instance of bean &apos;deliveryStaffServiceImpl&apos;
21:48:27.764 [main]      DEBUG org.springframework.beans.factory.support.DefaultListableBeanFactory - Creating shared instance of singleton bean &apos;kitchenStaffServiceImpl&apos;
21:48:27.764 [main]      DEBUG org.springframework.beans.factory.support.DefaultListableBeanFactory - Creating instance of bean &apos;kitchenStaffServiceImpl&apos;
21:48:27.766 [main]      DEBUG org.springframework.beans.factory.annotation.InjectionMetadata - Registered injected element on class [com.restaurant.services.KitchenStaffServiceImpl]: AutowiredFieldElement for private com.restaurant.DAO.OrderItemsDAO com.restaurant.services.KitchenStaffServiceImpl.itemDAO
21:48:27.767 [main]      DEBUG org.springframework.beans.factory.annotation.InjectionMetadata - Registered injected element on class [com.restaurant.services.KitchenStaffServiceImpl]: AutowiredFieldElement for private com.restaurant.DAO.OrderDAO com.restaurant.services.KitchenStaffServiceImpl.orderDAO
21:48:27.767 [main]      DEBUG org.springframework.beans.factory.annotation.InjectionMetadata - Registered injected element on class [com.restaurant.services.KitchenStaffServiceImpl]: AutowiredFieldElement for private com.restaurant.DAO.LoginDAO com.restaurant.services.KitchenStaffServiceImpl.loginDAO
21:48:27.767 [main]      DEBUG org.springframework.beans.factory.support.DefaultListableBeanFactory - Eagerly caching bean &apos;kitchenStaffServiceImpl&apos; to allow for resolving potential circular references
21:48:27.770 [main]      DEBUG org.springframework.beans.factory.annotation.InjectionMetadata - Processing injected method of bean &apos;kitchenStaffServiceImpl&apos;: AutowiredFieldElement for private com.restaurant.DAO.OrderItemsDAO com.restaurant.services.KitchenStaffServiceImpl.itemDAO
21:48:27.771 [main]      DEBUG org.springframework.beans.factory.support.DefaultListableBeanFactory - Returning cached instance of singleton bean &apos;orderItemsDAOImpl&apos;
21:48:27.771 [main]      DEBUG org.springframework.beans.factory.annotation.AutowiredAnnotationBeanPostProcessor - Autowiring by type from bean name &apos;kitchenStaffServiceImpl&apos; to bean named &apos;orderItemsDAOImpl&apos;
21:48:27.771 [main]      DEBUG org.springframework.beans.factory.annotation.InjectionMetadata - Processing injected method of bean &apos;kitchenStaffServiceImpl&apos;: AutowiredFieldElement for private com.restaurant.DAO.OrderDAO com.restaurant.services.KitchenStaffServiceImpl.orderDAO
21:48:27.772 [main]      DEBUG org.springframework.beans.factory.support.DefaultListableBeanFactory - Returning cached instance of singleton bean &apos;orderDAOImpl&apos;
21:48:27.772 [main]      DEBUG org.springframework.beans.factory.annotation.AutowiredAnnotationBeanPostProcessor - Autowiring by type from bean name &apos;kitchenStaffServiceImpl&apos; to bean named &apos;orderDAOImpl&apos;
21:48:27.772 [main]      DEBUG org.springframework.beans.factory.annotation.InjectionMetadata - Processing injected method of bean &apos;kitchenStaffServiceImpl&apos;: AutowiredFieldElement for private com.restaurant.DAO.LoginDAO com.restaurant.services.KitchenStaffServiceImpl.loginDAO
21:48:27.773 [main]      DEBUG org.springframework.beans.factory.support.DefaultListableBeanFactory - Returning cached instance of singleton bean &apos;loginDAOImpl&apos;
21:48:27.773 [main]      DEBUG org.springframework.beans.factory.annotation.AutowiredAnnotationBeanPostProcessor - Autowiring by type from bean name &apos;kitchenStaffServiceImpl&apos; to bean named &apos;loginDAOImpl&apos;
21:48:27.774 [main]      DEBUG org.springframework.beans.factory.support.DefaultListableBeanFactory - Returning cached instance of singleton bean &apos;org.springframework.transaction.config.internalTransactionAdvisor&apos;
21:48:27.775 [main]      DEBUG org.springframework.transaction.annotation.AnnotationTransactionAttributeSource - Adding transactional method &apos;KitchenStaffServiceImpl.processItem&apos; with attribute: PROPAGATION_REQUIRED,ISOLATION_DEFAULT; &apos;&apos;
21:48:27.775 [main]      DEBUG org.springframework.aop.framework.autoproxy.InfrastructureAdvisorAutoProxyCreator - Creating implicit proxy for bean &apos;kitchenStaffServiceImpl&apos; with 0 common interceptors and 1 specific interceptors
21:48:27.776 [main]      DEBUG org.springframework.aop.framework.CglibAopProxy - Creating CGLIB proxy: target source is SingletonTargetSource for target object [com.restaurant.services.KitchenStaffServiceImpl@1c25b8a7]
21:48:27.777 [main]      DEBUG org.springframework.aop.framework.CglibAopProxy - Unable to apply any optimisations to advised method: public com.restaurant.entities.User com.restaurant.services.KitchenStaffServiceImpl.login(java.lang.String,java.lang.String)
21:48:27.777 [main]      DEBUG org.springframework.aop.framework.CglibAopProxy - Unable to apply any optimisations to advised method: public com.restaurant.entities.OrderItems com.restaurant.services.KitchenStaffServiceImpl.findById(int)
21:48:27.778 [main]      DEBUG org.springframework.aop.framework.CglibAopProxy - Unable to apply any optimisations to advised method: public java.util.List com.restaurant.services.KitchenStaffServiceImpl.viewItems()
21:48:27.780 [main]      DEBUG org.springframework.transaction.annotation.AnnotationTransactionAttributeSource - Adding transactional method &apos;KitchenStaffServiceImpl.processItem&apos; with attribute: PROPAGATION_REQUIRED,ISOLATION_DEFAULT; &apos;&apos;
21:48:27.781 [main]      DEBUG org.springframework.aop.framework.CglibAopProxy - Unable to apply any optimisations to advised method: public void com.restaurant.services.KitchenStaffServiceImpl.processItem(com.restaurant.entities.OrderItems)
21:48:27.781 [main]      DEBUG org.springframework.aop.framework.CglibAopProxy - Found finalize() method - using NO_OVERRIDE
21:48:27.781 [main]      DEBUG org.springframework.aop.framework.CglibAopProxy - Found &apos;equals&apos; method: public boolean java.lang.Object.equals(java.lang.Object)
21:48:27.782 [main]      DEBUG org.springframework.aop.framework.CglibAopProxy - Unable to apply any optimisations to advised method: public java.lang.String java.lang.Object.toString()
21:48:27.782 [main]      DEBUG org.springframework.aop.framework.CglibAopProxy - Found &apos;hashCode&apos; method: public native int java.lang.Object.hashCode()
21:48:27.782 [main]      DEBUG org.springframework.aop.framework.CglibAopProxy - Unable to apply any optimisations to advised method: protected native java.lang.Object java.lang.Object.clone() throws java.lang.CloneNotSupportedException
21:48:27.783 [main]      DEBUG org.springframework.aop.framework.CglibAopProxy - Method is declared on Advised interface: public abstract int org.springframework.aop.framework.Advised.indexOf(org.aopalliance.aop.Advice)
21:48:27.783 [main]      DEBUG org.springframework.aop.framework.CglibAopProxy - Method is declared on Advised interface: public abstract int org.springframework.aop.framework.Advised.indexOf(org.springframework.aop.Advisor)
21:48:27.783 [main]      DEBUG org.springframework.aop.framework.CglibAopProxy - Method is declared on Advised interface: public abstract boolean org.springframework.aop.framework.Advised.isFrozen()
21:48:27.784 [main]      DEBUG org.springframework.aop.framework.CglibAopProxy - Method is declared on Advised interface: public abstract boolean org.springframework.aop.framework.Advised.isProxyTargetClass()
21:48:27.784 [main]      DEBUG org.springframework.aop.framework.CglibAopProxy - Method is declared on Advised interface: public abstract void org.springframework.aop.framework.Advised.setTargetSource(org.springframework.aop.TargetSource)
21:48:27.784 [main]      DEBUG org.springframework.aop.framework.CglibAopProxy - Method is declared on Advised interface: public abstract org.springframework.aop.TargetSource org.springframework.aop.framework.Advised.getTargetSource()
21:48:27.785 [main]      DEBUG org.springframework.aop.framework.CglibAopProxy - Method is declared on Advised interface: public abstract void org.springframework.aop.framework.Advised.addAdvisor(int,org.springframework.aop.Advisor) throws org.springframework.aop.framework.AopConfigException
21:48:27.785 [main]      DEBUG org.springframework.aop.framework.CglibAopProxy - Method is declared on Advised interface: public abstract void org.springframework.aop.framework.Advised.addAdvisor(org.springframework.aop.Advisor) throws org.springframework.aop.framework.AopConfigException
21:48:27.785 [main]      DEBUG org.springframework.aop.framework.CglibAopProxy - Method is declared on Advised interface: public abstract void org.springframework.aop.framework.Advised.setPreFiltered(boolean)
21:48:27.786 [main]      DEBUG org.springframework.aop.framework.CglibAopProxy - Method is declared on Advised interface: public abstract void org.springframework.aop.framework.Advised.setExposeProxy(boolean)
21:48:27.786 [main]      DEBUG org.springframework.aop.framework.CglibAopProxy - Method is declared on Advised interface: public abstract boolean org.springframework.aop.framework.Advised.isExposeProxy()
21:48:27.786 [main]      DEBUG org.springframework.aop.framework.CglibAopProxy - Method is declared on Advised interface: public abstract java.lang.Class[] org.springframework.aop.framework.Advised.getProxiedInterfaces()
21:48:27.786 [main]      DEBUG org.springframework.aop.framework.CglibAopProxy - Method is declared on Advised interface: public abstract boolean org.springframework.aop.framework.Advised.isInterfaceProxied(java.lang.Class)
21:48:27.787 [main]      DEBUG org.springframework.aop.framework.CglibAopProxy - Method is declared on Advised interface: public abstract java.lang.String org.springframework.aop.framework.Advised.toProxyConfigString()
21:48:27.787 [main]      DEBUG org.springframework.aop.framework.CglibAopProxy - Method is declared on Advised interface: public abstract void org.springframework.aop.framework.Advised.addAdvice(int,org.aopalliance.aop.Advice) throws org.springframework.aop.framework.AopConfigException
21:48:27.788 [main]      DEBUG org.springframework.aop.framework.CglibAopProxy - Method is declared on Advised interface: public abstract void org.springframework.aop.framework.Advised.addAdvice(org.aopalliance.aop.Advice) throws org.springframework.aop.framework.AopConfigException
21:48:27.789 [main]      DEBUG org.springframework.aop.framework.CglibAopProxy - Method is declared on Advised interface: public abstract boolean org.springframework.aop.framework.Advised.isPreFiltered()
21:48:27.789 [main]      DEBUG org.springframework.aop.framework.CglibAopProxy - Method is declared on Advised interface: public abstract org.springframework.aop.Advisor[] org.springframework.aop.framework.Advised.getAdvisors()
21:48:27.789 [main]      DEBUG org.springframework.aop.framework.CglibAopProxy - Method is declared on Advised interface: public abstract boolean org.springframework.aop.framework.Advised.removeAdvisor(org.springframework.aop.Advisor)
21:48:27.790 [main]      DEBUG org.springframework.aop.framework.CglibAopProxy - Method is declared on Advised interface: public abstract void org.springframework.aop.framework.Advised.removeAdvisor(int) throws org.springframework.aop.framework.AopConfigException
21:48:27.790 [main]      DEBUG org.springframework.aop.framework.CglibAopProxy - Method is declared on Advised interface: public abstract boolean org.springframework.aop.framework.Advised.replaceAdvisor(org.springframework.aop.Advisor,org.springframework.aop.Advisor) throws org.springframework.aop.framework.AopConfigException
21:48:27.790 [main]      DEBUG org.springframework.aop.framework.CglibAopProxy - Method is declared on Advised interface: public abstract boolean org.springframework.aop.framework.Advised.removeAdvice(org.aopalliance.aop.Advice)
21:48:27.791 [main]      DEBUG org.springframework.aop.framework.CglibAopProxy - Method is declared on Advised interface: public abstract java.lang.Class org.springframework.aop.TargetClassAware.getTargetClass()
21:48:27.833 [main]      DEBUG org.springframework.beans.factory.support.DefaultListableBeanFactory - Finished creating instance of bean &apos;kitchenStaffServiceImpl&apos;
21:48:27.834 [main]      DEBUG org.springframework.beans.factory.support.DefaultListableBeanFactory - Creating shared instance of singleton bean &apos;loginServiceImpl&apos;
21:48:27.834 [main]      DEBUG org.springframework.beans.factory.support.DefaultListableBeanFactory - Creating instance of bean &apos;loginServiceImpl&apos;
21:48:27.836 [main]      DEBUG org.springframework.beans.factory.annotation.InjectionMetadata - Registered injected element on class [com.restaurant.services.LoginServiceImpl]: AutowiredFieldElement for private com.restaurant.DAO.LoginDAO com.restaurant.services.LoginServiceImpl.loginDAO
21:48:27.836 [main]      DEBUG org.springframework.beans.factory.support.DefaultListableBeanFactory - Eagerly caching bean &apos;loginServiceImpl&apos; to allow for resolving potential circular references
21:48:27.838 [main]      DEBUG org.springframework.beans.factory.annotation.InjectionMetadata - Processing injected method of bean &apos;loginServiceImpl&apos;: AutowiredFieldElement for private com.restaurant.DAO.LoginDAO com.restaurant.services.LoginServiceImpl.loginDAO
21:48:27.839 [main]      DEBUG org.springframework.beans.factory.support.DefaultListableBeanFactory - Returning cached instance of singleton bean &apos;loginDAOImpl&apos;
21:48:27.839 [main]      DEBUG org.springframework.beans.factory.annotation.AutowiredAnnotationBeanPostProcessor - Autowiring by type from bean name &apos;loginServiceImpl&apos; to bean named &apos;loginDAOImpl&apos;
21:48:27.840 [main]      DEBUG org.springframework.beans.factory.support.DefaultListableBeanFactory - Returning cached instance of singleton bean &apos;org.springframework.transaction.config.internalTransactionAdvisor&apos;
21:48:27.841 [main]      DEBUG org.springframework.beans.factory.support.DefaultListableBeanFactory - Finished creating instance of bean &apos;loginServiceImpl&apos;
21:48:27.841 [main]      DEBUG org.springframework.beans.factory.support.DefaultListableBeanFactory - Creating shared instance of singleton bean &apos;superUserServiceImpl&apos;
21:48:27.842 [main]      DEBUG org.springframework.beans.factory.support.DefaultListableBeanFactory - Creating instance of bean &apos;superUserServiceImpl&apos;
21:48:27.845 [main]      DEBUG org.springframework.beans.factory.annotation.InjectionMetadata - Registered injected element on class [com.restaurant.services.SuperUserServiceImpl]: AutowiredFieldElement for private com.restaurant.DAO.LoginDAO com.restaurant.services.SuperUserServiceImpl.loginDAO
21:48:27.845 [main]      DEBUG org.springframework.beans.factory.annotation.InjectionMetadata - Registered injected element on class [com.restaurant.services.SuperUserServiceImpl]: AutowiredFieldElement for private com.restaurant.DAO.UserDAO com.restaurant.services.SuperUserServiceImpl.userDAO
21:48:27.846 [main]      DEBUG org.springframework.beans.factory.support.DefaultListableBeanFactory - Eagerly caching bean &apos;superUserServiceImpl&apos; to allow for resolving potential circular references
21:48:27.854 [main]      DEBUG org.springframework.beans.factory.annotation.InjectionMetadata - Processing injected method of bean &apos;superUserServiceImpl&apos;: AutowiredFieldElement for private com.restaurant.DAO.LoginDAO com.restaurant.services.SuperUserServiceImpl.loginDAO
21:48:27.883 [main]      DEBUG org.springframework.beans.factory.support.DefaultListableBeanFactory - Returning cached instance of singleton bean &apos;loginDAOImpl&apos;
21:48:27.883 [main]      DEBUG org.springframework.beans.factory.annotation.AutowiredAnnotationBeanPostProcessor - Autowiring by type from bean name &apos;superUserServiceImpl&apos; to bean named &apos;loginDAOImpl&apos;
21:48:27.883 [main]      DEBUG org.springframework.beans.factory.annotation.InjectionMetadata - Processing injected method of bean &apos;superUserServiceImpl&apos;: AutowiredFieldElement for private com.restaurant.DAO.UserDAO com.restaurant.services.SuperUserServiceImpl.userDAO
21:48:27.884 [main]      DEBUG org.springframework.beans.factory.support.DefaultListableBeanFactory - Returning cached instance of singleton bean &apos;userDAOImpl&apos;
21:48:27.884 [main]      DEBUG org.springframework.beans.factory.annotation.AutowiredAnnotationBeanPostProcessor - Autowiring by type from bean name &apos;superUserServiceImpl&apos; to bean named &apos;userDAOImpl&apos;
21:48:27.885 [main]      DEBUG org.springframework.beans.factory.support.DefaultListableBeanFactory - Returning cached instance of singleton bean &apos;org.springframework.transaction.config.internalTransactionAdvisor&apos;
21:48:27.886 [main]      DEBUG org.springframework.transaction.annotation.AnnotationTransactionAttributeSource - Adding transactional method &apos;SuperUserServiceImpl.saveUser&apos; with attribute: PROPAGATION_REQUIRED,ISOLATION_DEFAULT; &apos;&apos;
21:48:27.887 [main]      DEBUG org.springframework.aop.framework.autoproxy.InfrastructureAdvisorAutoProxyCreator - Creating implicit proxy for bean &apos;superUserServiceImpl&apos; with 0 common interceptors and 1 specific interceptors
21:48:27.887 [main]      DEBUG org.springframework.aop.framework.CglibAopProxy - Creating CGLIB proxy: target source is SingletonTargetSource for target object [com.restaurant.services.SuperUserServiceImpl@473b3b7a]
21:48:27.888 [main]      DEBUG org.springframework.aop.framework.CglibAopProxy - Unable to apply any optimisations to advised method: public com.restaurant.entities.User com.restaurant.services.SuperUserServiceImpl.login(java.lang.String,java.lang.String)
21:48:27.889 [main]      DEBUG org.springframework.aop.framework.CglibAopProxy - Unable to apply any optimisations to advised method: public java.util.List com.restaurant.services.SuperUserServiceImpl.findAll()
21:48:27.889 [main]      DEBUG org.springframework.aop.framework.CglibAopProxy - Unable to apply any optimisations to advised method: public com.restaurant.entities.User com.restaurant.services.SuperUserServiceImpl.findUser(int)
21:48:27.889 [main]      DEBUG org.springframework.aop.framework.CglibAopProxy - Unable to apply any optimisations to advised method: public void com.restaurant.services.SuperUserServiceImpl.saveUser(com.restaurant.entities.User)
21:48:27.890 [main]      DEBUG org.springframework.aop.framework.CglibAopProxy - Found finalize() method - using NO_OVERRIDE
21:48:27.890 [main]      DEBUG org.springframework.aop.framework.CglibAopProxy - Found &apos;equals&apos; method: public boolean java.lang.Object.equals(java.lang.Object)
21:48:27.890 [main]      DEBUG org.springframework.aop.framework.CglibAopProxy - Unable to apply any optimisations to advised method: public java.lang.String java.lang.Object.toString()
21:48:27.891 [main]      DEBUG org.springframework.aop.framework.CglibAopProxy - Found &apos;hashCode&apos; method: public native int java.lang.Object.hashCode()
21:48:27.891 [main]      DEBUG org.springframework.aop.framework.CglibAopProxy - Unable to apply any optimisations to advised method: protected native java.lang.Object java.lang.Object.clone() throws java.lang.CloneNotSupportedException
21:48:27.891 [main]      DEBUG org.springframework.aop.framework.CglibAopProxy - Method is declared on Advised interface: public abstract int org.springframework.aop.framework.Advised.indexOf(org.aopalliance.aop.Advice)
21:48:27.891 [main]      DEBUG org.springframework.aop.framework.CglibAopProxy - Method is declared on Advised interface: public abstract int org.springframework.aop.framework.Advised.indexOf(org.springframework.aop.Advisor)
21:48:27.892 [main]      DEBUG org.springframework.aop.framework.CglibAopProxy - Method is declared on Advised interface: public abstract boolean org.springframework.aop.framework.Advised.isFrozen()
21:48:27.892 [main]      DEBUG org.springframework.aop.framework.CglibAopProxy - Method is declared on Advised interface: public abstract boolean org.springframework.aop.framework.Advised.isProxyTargetClass()
21:48:27.892 [main]      DEBUG org.springframework.aop.framework.CglibAopProxy - Method is declared on Advised interface: public abstract void org.springframework.aop.framework.Advised.setTargetSource(org.springframework.aop.TargetSource)
21:48:27.893 [main]      DEBUG org.springframework.aop.framework.CglibAopProxy - Method is declared on Advised interface: public abstract org.springframework.aop.TargetSource org.springframework.aop.framework.Advised.getTargetSource()
21:48:27.893 [main]      DEBUG org.springframework.aop.framework.CglibAopProxy - Method is declared on Advised interface: public abstract void org.springframework.aop.framework.Advised.addAdvisor(int,org.springframework.aop.Advisor) throws org.springframework.aop.framework.AopConfigException
21:48:27.893 [main]      DEBUG org.springframework.aop.framework.CglibAopProxy - Method is declared on Advised interface: public abstract void org.springframework.aop.framework.Advised.addAdvisor(org.springframework.aop.Advisor) throws org.springframework.aop.framework.AopConfigException
21:48:27.893 [main]      DEBUG org.springframework.aop.framework.CglibAopProxy - Method is declared on Advised interface: public abstract void org.springframework.aop.framework.Advised.setPreFiltered(boolean)
21:48:27.893 [main]      DEBUG org.springframework.aop.framework.CglibAopProxy - Method is declared on Advised interface: public abstract void org.springframework.aop.framework.Advised.setExposeProxy(boolean)
21:48:27.894 [main]      DEBUG org.springframework.aop.framework.CglibAopProxy - Method is declared on Advised interface: public abstract boolean org.springframework.aop.framework.Advised.isExposeProxy()
21:48:27.894 [main]      DEBUG org.springframework.aop.framework.CglibAopProxy - Method is declared on Advised interface: public abstract java.lang.Class[] org.springframework.aop.framework.Advised.getProxiedInterfaces()
21:48:27.894 [main]      DEBUG org.springframework.aop.framework.CglibAopProxy - Method is declared on Advised interface: public abstract boolean org.springframework.aop.framework.Advised.isInterfaceProxied(java.lang.Class)
21:48:27.894 [main]      DEBUG org.springframework.aop.framework.CglibAopProxy - Method is declared on Advised interface: public abstract java.lang.String org.springframework.aop.framework.Advised.toProxyConfigString()
21:48:27.922 [main]      DEBUG org.springframework.aop.framework.CglibAopProxy - Method is declared on Advised interface: public abstract void org.springframework.aop.framework.Advised.addAdvice(int,org.aopalliance.aop.Advice) throws org.springframework.aop.framework.AopConfigException
21:48:27.923 [main]      DEBUG org.springframework.aop.framework.CglibAopProxy - Method is declared on Advised interface: public abstract void org.springframework.aop.framework.Advised.addAdvice(org.aopalliance.aop.Advice) throws org.springframework.aop.framework.AopConfigException
21:48:27.923 [main]      DEBUG org.springframework.aop.framework.CglibAopProxy - Method is declared on Advised interface: public abstract boolean org.springframework.aop.framework.Advised.isPreFiltered()
21:48:27.923 [main]      DEBUG org.springframework.aop.framework.CglibAopProxy - Method is declared on Advised interface: public abstract org.springframework.aop.Advisor[] org.springframework.aop.framework.Advised.getAdvisors()
21:48:27.923 [main]      DEBUG org.springframework.aop.framework.CglibAopProxy - Method is declared on Advised interface: public abstract boolean org.springframework.aop.framework.Advised.removeAdvisor(org.springframework.aop.Advisor)
21:48:27.924 [main]      DEBUG org.springframework.aop.framework.CglibAopProxy - Method is declared on Advised interface: public abstract void org.springframework.aop.framework.Advised.removeAdvisor(int) throws org.springframework.aop.framework.AopConfigException
21:48:27.924 [main]      DEBUG org.springframework.aop.framework.CglibAopProxy - Method is declared on Advised interface: public abstract boolean org.springframework.aop.framework.Advised.replaceAdvisor(org.springframework.aop.Advisor,org.springframework.aop.Advisor) throws org.springframework.aop.framework.AopConfigException
21:48:27.924 [main]      DEBUG org.springframework.aop.framework.CglibAopProxy - Method is declared on Advised interface: public abstract boolean org.springframework.aop.framework.Advised.removeAdvice(org.aopalliance.aop.Advice)
21:48:27.924 [main]      DEBUG org.springframework.aop.framework.CglibAopProxy - Method is declared on Advised interface: public abstract java.lang.Class org.springframework.aop.TargetClassAware.getTargetClass()
21:48:27.931 [main]      DEBUG org.springframework.beans.factory.support.DefaultListableBeanFactory - Finished creating instance of bean &apos;superUserServiceImpl&apos;
21:48:27.932 [main]      DEBUG org.springframework.beans.factory.support.DefaultListableBeanFactory - Returning cached instance of singleton bean &apos;org.springframework.context.annotation.internalConfigurationAnnotationProcessor&apos;
21:48:27.932 [main]      DEBUG org.springframework.beans.factory.support.DefaultListableBeanFactory - Returning cached instance of singleton bean &apos;org.springframework.context.annotation.internalAutowiredAnnotationProcessor&apos;
21:48:27.932 [main]      DEBUG org.springframework.beans.factory.support.DefaultListableBeanFactory - Returning cached instance of singleton bean &apos;org.springframework.context.annotation.internalRequiredAnnotationProcessor&apos;
21:48:27.932 [main]      DEBUG org.springframework.beans.factory.support.DefaultListableBeanFactory - Returning cached instance of singleton bean &apos;org.springframework.context.annotation.internalCommonAnnotationProcessor&apos;
21:48:27.932 [main]      DEBUG org.springframework.beans.factory.support.DefaultListableBeanFactory - Returning cached instance of singleton bean &apos;org.springframework.context.annotation.internalPersistenceAnnotationProcessor&apos;
21:48:27.933 [main]      DEBUG org.springframework.beans.factory.support.DefaultListableBeanFactory - Returning cached instance of singleton bean &apos;entityManagerFactory&apos;
21:48:27.933 [main]      DEBUG org.springframework.beans.factory.support.DefaultListableBeanFactory - Creating shared instance of singleton bean &apos;transactionManager&apos;
21:48:27.934 [main]      DEBUG org.springframework.beans.factory.support.DefaultListableBeanFactory - Creating instance of bean &apos;transactionManager&apos;
21:48:27.942 [main]      DEBUG org.springframework.beans.factory.support.DefaultListableBeanFactory - Eagerly caching bean &apos;transactionManager&apos; to allow for resolving potential circular references
21:48:27.948 [main]      DEBUG org.springframework.beans.factory.support.DefaultListableBeanFactory - Returning cached instance of singleton bean &apos;entityManagerFactory&apos;
21:48:27.948 [main]      DEBUG org.springframework.beans.factory.support.DefaultListableBeanFactory - Invoking afterPropertiesSet() on bean with name &apos;transactionManager&apos;
21:48:27.950 [main]      DEBUG org.springframework.beans.factory.support.DefaultListableBeanFactory - Returning cached instance of singleton bean &apos;org.springframework.transaction.config.internalTransactionAdvisor&apos;
21:48:27.951 [main]      DEBUG org.springframework.beans.factory.support.DefaultListableBeanFactory - Finished creating instance of bean &apos;transactionManager&apos;
21:48:27.951 [main]      DEBUG org.springframework.beans.factory.support.DefaultListableBeanFactory - Returning cached instance of singleton bean &apos;org.springframework.orm.jpa.support.PersistenceAnnotationBeanPostProcessor#0&apos;
21:48:27.952 [main]      DEBUG org.springframework.beans.factory.support.DefaultListableBeanFactory - Returning cached instance of singleton bean &apos;dataSource&apos;
21:48:27.952 [main]      DEBUG org.springframework.beans.factory.support.DefaultListableBeanFactory - Returning cached instance of singleton bean &apos;org.springframework.aop.config.internalAutoProxyCreator&apos;
21:48:27.952 [main]      DEBUG org.springframework.beans.factory.support.DefaultListableBeanFactory - Returning cached instance of singleton bean &apos;org.springframework.transaction.annotation.AnnotationTransactionAttributeSource#0&apos;
21:48:27.984 [main]      DEBUG org.springframework.beans.factory.support.DefaultListableBeanFactory - Returning cached instance of singleton bean &apos;org.springframework.transaction.interceptor.TransactionInterceptor#0&apos;
21:48:27.984 [main]      DEBUG org.springframework.beans.factory.support.DefaultListableBeanFactory - Returning cached instance of singleton bean &apos;org.springframework.transaction.config.internalTransactionAdvisor&apos;
21:48:27.984 [main]      DEBUG org.springframework.beans.factory.support.DefaultListableBeanFactory - Returning cached instance of singleton bean &apos;org.springframework.context.annotation.ConfigurationClassPostProcessor.importAwareProcessor&apos;
21:48:27.984 [main]      DEBUG org.springframework.beans.factory.support.DefaultListableBeanFactory - Returning cached instance of singleton bean &apos;org.springframework.context.annotation.ConfigurationClassPostProcessor.enhancedConfigurationProcessor&apos;
21:48:27.986 [main]      DEBUG org.springframework.context.support.ClassPathXmlApplicationContext - Unable to locate LifecycleProcessor with name &apos;lifecycleProcessor&apos;: using default [org.springframework.context.support.DefaultLifecycleProcessor@36ac8a63]
21:48:27.987 [main]      DEBUG org.springframework.beans.factory.support.DefaultListableBeanFactory - Returning cached instance of singleton bean &apos;lifecycleProcessor&apos;
21:48:27.991 [main]      DEBUG org.springframework.core.env.PropertySourcesPropertyResolver - Searching for key &apos;spring.liveBeansView.mbeanDomain&apos; in [systemProperties]
21:48:27.991 [main]      DEBUG org.springframework.core.env.PropertySourcesPropertyResolver - Searching for key &apos;spring.liveBeansView.mbeanDomain&apos; in [systemEnvironment]
21:48:27.992 [main]      DEBUG org.springframework.core.env.PropertySourcesPropertyResolver - Could not find key &apos;spring.liveBeansView.mbeanDomain&apos; in any property source. Returning [null]
21:48:27.992 [main]      DEBUG org.springframework.beans.factory.support.DefaultListableBeanFactory - Returning cached instance of singleton bean &apos;superUserServiceImpl&apos;
21:48:28.017 [main]      DEBUG org.springframework.beans.factory.support.DefaultListableBeanFactory - Returning cached instance of singleton bean &apos;transactionManager&apos;
21:48:28.022 [main]      DEBUG org.springframework.orm.jpa.JpaTransactionManager - Creating new transaction with name [com.restaurant.DAO.LoginDAOImpl.login]: PROPAGATION_REQUIRED,ISOLATION_DEFAULT; &apos;&apos;
[EL Info]: 2015-12-19 21:48:28.052--ServerSession(1114335860)--Thread(Thread[main,5,main])--EclipseLink, version: Eclipse Persistence Services - 2.5.0.v20130507-3faac2b
[EL Config]: connection: 2015-12-19 21:48:28.061--ServerSession(1114335860)--Connection(740467528)--Thread(Thread[main,5,main])--connecting(DatabaseLogin(
	platform=&gt;DerbyPlatform
	user name=&gt; &quot;&quot;
	connector=&gt;JNDIConnector datasource name=&gt;null
))
21:48:28.062 [main]      DEBUG org.springframework.jdbc.datasource.DriverManagerDataSource - Creating new JDBC DriverManager Connection to [jdbc:derby:..//RestaurantDB1;create=true]
[EL Config]: connection: 2015-12-19 21:48:29.364--ServerSession(1114335860)--Connection(1896708863)--Thread(Thread[main,5,main])--Connected: jdbc:derby:..//RestaurantDB1
	User: APP
	Database: Apache Derby  Version: 10.10.1.1 - (1458268)
	Driver: Apache Derby Embedded JDBC Driver  Version: 10.10.1.1 - (1458268)
[EL Config]: connection: 2015-12-19 21:48:29.365--ServerSession(1114335860)--Connection(763236610)--Thread(Thread[main,5,main])--connecting(DatabaseLogin(
	platform=&gt;DerbyPlatform
	user name=&gt; &quot;&quot;
	connector=&gt;JNDIConnector datasource name=&gt;null
))
21:48:29.366 [main]      DEBUG org.springframework.jdbc.datasource.DriverManagerDataSource - Creating new JDBC DriverManager Connection to [jdbc:derby:..//RestaurantDB1;create=true]
[EL Config]: connection: 2015-12-19 21:48:29.368--ServerSession(1114335860)--Connection(1832284192)--Thread(Thread[main,5,main])--Connected: jdbc:derby:..//RestaurantDB1
	User: APP
	Database: Apache Derby  Version: 10.10.1.1 - (1458268)
	Driver: Apache Derby Embedded JDBC Driver  Version: 10.10.1.1 - (1458268)
[EL Info]: connection: 2015-12-19 21:48:29.509--ServerSession(1114335860)--Thread(Thread[main,5,main])--file:/D:/ϳ�������� �� ������/�����/Java EE/project/DAily backup/ElectronicRestaurant/target/classes_Restaurant login successful
21:48:29.540 [main]      DEBUG org.springframework.jdbc.datasource.DriverManagerDataSource - Creating new JDBC DriverManager Connection to [jdbc:derby:..//RestaurantDB1;create=true]
21:48:29.863 [main]      DEBUG org.springframework.jdbc.datasource.DriverManagerDataSource - Creating new JDBC DriverManager Connection to [jdbc:derby:..//RestaurantDB1;create=true]
21:48:29.881 [main]      DEBUG org.springframework.jdbc.datasource.DriverManagerDataSource - Creating new JDBC DriverManager Connection to [jdbc:derby:..//RestaurantDB1;create=true]
21:48:29.901 [main]      DEBUG org.springframework.jdbc.datasource.DriverManagerDataSource - Creating new JDBC DriverManager Connection to [jdbc:derby:..//RestaurantDB1;create=true]
21:48:29.915 [main]      DEBUG org.springframework.jdbc.datasource.DriverManagerDataSource - Creating new JDBC DriverManager Connection to [jdbc:derby:..//RestaurantDB1;create=true]
21:48:29.966 [main]      DEBUG org.springframework.orm.jpa.JpaTransactionManager - Opened new EntityManager [org.eclipse.persistence.internal.jpa.EntityManagerImpl@6e91893] for JPA transaction
21:48:29.983 [main]      DEBUG org.springframework.jdbc.datasource.DriverManagerDataSource - Creating new JDBC DriverManager Connection to [jdbc:derby:..//RestaurantDB1;create=true]
21:48:29.987 [main]      DEBUG org.springframework.orm.jpa.JpaTransactionManager - Exposing JPA transaction as JDBC transaction [SimpleConnectionHandle: org.apache.derby.impl.jdbc.EmbedConnection40@1624355359 (XID = 904), (SESSIONID = 15), (DATABASE = ..//RestaurantDB1), (DRDAID = null) ]
[EL Fine]: sql: 2015-12-19 21:48:30.436--ClientSession(208350681)--Connection(1624355359)--Thread(Thread[main,5,main])--SELECT ID, DATEOFBIRTH, DATEOFCREATION, DATEOFLASTLOGIN, DELIVERYADDRESS, EMAIL, ISACTIVE, LOGIN, NAME, PASSWORD, SURNAME, TYPEOFUSER FROM USERS WHERE (LOGIN = ?)
	bind =&gt; [superUser]
21:48:30.465 [main]      DEBUG org.springframework.orm.jpa.JpaTransactionManager - Initiating transaction commit
21:48:30.466 [main]      DEBUG org.springframework.orm.jpa.JpaTransactionManager - Committing JPA transaction on EntityManager [org.eclipse.persistence.internal.jpa.EntityManagerImpl@6e91893]
21:48:30.473 [main]      DEBUG org.springframework.orm.jpa.JpaTransactionManager - Closing JPA EntityManager [org.eclipse.persistence.internal.jpa.EntityManagerImpl@6e91893] after transaction
21:48:30.473 [main]      DEBUG org.springframework.orm.jpa.EntityManagerFactoryUtils - Closing JPA EntityManager
</system-out>
  </testcase>
</testsuite>